#! /c/Source/iverilog-install/bin/vvp
:ivl_version "12.0 (devel)" "(s20150603-1539-g2693dd32b)";
:ivl_delay_selection "TYPICAL";
:vpi_time_precision + 0;
:vpi_module "C:\iverilog\lib\ivl\system.vpi";
:vpi_module "C:\iverilog\lib\ivl\vhdl_sys.vpi";
:vpi_module "C:\iverilog\lib\ivl\vhdl_textio.vpi";
:vpi_module "C:\iverilog\lib\ivl\v2005_math.vpi";
:vpi_module "C:\iverilog\lib\ivl\va_math.vpi";
S_00000248fdd56070 .scope module, "binary_to_gray" "binary_to_gray" 2 1;
 .timescale 0 0;
    .port_info 0 /INPUT 4 "b";
    .port_info 1 /OUTPUT 4 "g";
L_00000248fdd5ea00 .functor XOR 1, L_00000248fdbc21e0, L_00000248fdbc26e0, C4<0>, C4<0>;
L_00000248fdd5eb00 .functor XOR 1, L_00000248fdbc1ba0, L_00000248fdbc20a0, C4<0>, C4<0>;
L_00000248fdd5eb70 .functor XOR 1, L_00000248fdbc1c40, L_00000248fdbc2500, C4<0>, C4<0>;
v00000248fdd56840_0 .net *"_ivl_10", 0 0, L_00000248fdd5ea00;  1 drivers
v00000248fdd56200_0 .net *"_ivl_15", 0 0, L_00000248fdbc1ba0;  1 drivers
v00000248fdd562a0_0 .net *"_ivl_17", 0 0, L_00000248fdbc20a0;  1 drivers
v00000248fdd56340_0 .net *"_ivl_18", 0 0, L_00000248fdd5eb00;  1 drivers
v00000248fdd563e0_0 .net *"_ivl_24", 0 0, L_00000248fdbc1c40;  1 drivers
v00000248fdd5e1a0_0 .net *"_ivl_26", 0 0, L_00000248fdbc2500;  1 drivers
v00000248fdd5e240_0 .net *"_ivl_27", 0 0, L_00000248fdd5eb70;  1 drivers
v00000248fdd5e2e0_0 .net *"_ivl_3", 0 0, L_00000248fdbc2640;  1 drivers
v00000248fdd5e380_0 .net *"_ivl_7", 0 0, L_00000248fdbc21e0;  1 drivers
v00000248fdd5e420_0 .net *"_ivl_9", 0 0, L_00000248fdbc26e0;  1 drivers
o00000248fdbc7188 .functor BUFZ 4, C4<zzzz>; HiZ drive
v00000248fdd5e4c0_0 .net "b", 3 0, o00000248fdbc7188;  0 drivers
v00000248fdd5e560_0 .net "g", 3 0, L_00000248fdbc1ec0;  1 drivers
L_00000248fdbc2640 .part o00000248fdbc7188, 3, 1;
L_00000248fdbc21e0 .part o00000248fdbc7188, 3, 1;
L_00000248fdbc26e0 .part o00000248fdbc7188, 2, 1;
L_00000248fdbc1ba0 .part o00000248fdbc7188, 2, 1;
L_00000248fdbc20a0 .part o00000248fdbc7188, 1, 1;
L_00000248fdbc1ec0 .concat8 [ 1 1 1 1], L_00000248fdd5eb70, L_00000248fdd5eb00, L_00000248fdd5ea00, L_00000248fdbc2640;
L_00000248fdbc1c40 .part o00000248fdbc7188, 1, 1;
L_00000248fdbc2500 .part o00000248fdbc7188, 0, 1;
# The file index is used to find the file name in the following table.
:file_names 3;
    "N/A";
    "<interactive>";
    "binary_to_gray.v";
