#! /c/Source/iverilog-install/bin/vvp
:ivl_version "12.0 (devel)" "(s20150603-1539-g2693dd32b)";
:ivl_delay_selection "TYPICAL";
:vpi_time_precision + 0;
:vpi_module "C:\iverilog\lib\ivl\system.vpi";
:vpi_module "C:\iverilog\lib\ivl\vhdl_sys.vpi";
:vpi_module "C:\iverilog\lib\ivl\vhdl_textio.vpi";
:vpi_module "C:\iverilog\lib\ivl\v2005_math.vpi";
:vpi_module "C:\iverilog\lib\ivl\va_math.vpi";
S_000001ff755360f0 .scope module, "full_sub" "full_sub" 2 1;
 .timescale 0 0;
    .port_info 0 /INPUT 1 "a";
    .port_info 1 /INPUT 1 "b";
    .port_info 2 /INPUT 1 "cin";
    .port_info 3 /OUTPUT 1 "bor";
    .port_info 4 /OUTPUT 1 "diff";
o000001ff75447128 .functor BUFZ 1, C4<z>; HiZ drive
o000001ff75447158 .functor BUFZ 1, C4<z>; HiZ drive
L_000001ff7553a9b0 .functor XOR 1, o000001ff75447128, o000001ff75447158, C4<0>, C4<0>;
o000001ff754471b8 .functor BUFZ 1, C4<z>; HiZ drive
L_000001ff75536750 .functor XOR 1, L_000001ff7553a9b0, o000001ff754471b8, C4<0>, C4<0>;
L_000001ff75536b90 .functor NOT 1, o000001ff75447128, C4<0>, C4<0>, C4<0>;
L_000001ff7553ed00 .functor AND 1, L_000001ff75536b90, o000001ff75447158, C4<1>, C4<1>;
L_000001ff7553ed70 .functor AND 1, o000001ff75447158, o000001ff754471b8, C4<1>, C4<1>;
L_000001ff7553ede0 .functor OR 1, L_000001ff7553ed00, L_000001ff7553ed70, C4<0>, C4<0>;
L_000001ff7553ee50 .functor NOT 1, o000001ff75447128, C4<0>, C4<0>, C4<0>;
L_000001ff7553eec0 .functor AND 1, o000001ff754471b8, L_000001ff7553ee50, C4<1>, C4<1>;
L_000001ff7553ef30 .functor OR 1, L_000001ff7553ede0, L_000001ff7553eec0, C4<0>, C4<0>;
v000001ff75536970_0 .net *"_ivl_0", 0 0, L_000001ff7553a9b0;  1 drivers
v000001ff7553a910_0 .net *"_ivl_10", 0 0, L_000001ff7553ede0;  1 drivers
v000001ff75536280_0 .net *"_ivl_12", 0 0, L_000001ff7553ee50;  1 drivers
v000001ff75536320_0 .net *"_ivl_14", 0 0, L_000001ff7553eec0;  1 drivers
v000001ff755363c0_0 .net *"_ivl_4", 0 0, L_000001ff75536b90;  1 drivers
v000001ff75536460_0 .net *"_ivl_6", 0 0, L_000001ff7553ed00;  1 drivers
v000001ff7553ebc0_0 .net *"_ivl_8", 0 0, L_000001ff7553ed70;  1 drivers
v000001ff7553ec60_0 .net "a", 0 0, o000001ff75447128;  0 drivers
v000001ff754413c0_0 .net "b", 0 0, o000001ff75447158;  0 drivers
v000001ff75440880_0 .net "bor", 0 0, L_000001ff7553ef30;  1 drivers
v000001ff75441640_0 .net "cin", 0 0, o000001ff754471b8;  0 drivers
v000001ff754410a0_0 .net "diff", 0 0, L_000001ff75536750;  1 drivers
# The file index is used to find the file name in the following table.
:file_names 3;
    "N/A";
    "<interactive>";
    "full_sub.v";
