#! /c/Source/iverilog-install/bin/vvp
:ivl_version "12.0 (devel)" "(s20150603-1539-g2693dd32b)";
:ivl_delay_selection "TYPICAL";
:vpi_time_precision + 0;
:vpi_module "C:\iverilog\lib\ivl\system.vpi";
:vpi_module "C:\iverilog\lib\ivl\vhdl_sys.vpi";
:vpi_module "C:\iverilog\lib\ivl\vhdl_textio.vpi";
:vpi_module "C:\iverilog\lib\ivl\v2005_math.vpi";
:vpi_module "C:\iverilog\lib\ivl\va_math.vpi";
S_0000022af4feafb0 .scope module, "full_sub_tb" "full_sub_tb" 2 2;
 .timescale 0 0;
v0000022af4ecef70_0 .var "a", 0 0;
v0000022af4ece7f0_0 .var "b", 0 0;
v0000022af4ece9d0_0 .net "bor", 0 0, L_0000022af4e83b50;  1 drivers
v0000022af4ece390_0 .var "cin", 0 0;
v0000022af4ece430_0 .net "diff", 0 0, L_0000022af4e83a00;  1 drivers
S_0000022af4e857d0 .scope module, "fs" "full_sub" 2 5, 3 1 0, S_0000022af4feafb0;
 .timescale 0 0;
    .port_info 0 /INPUT 1 "a";
    .port_info 1 /INPUT 1 "b";
    .port_info 2 /INPUT 1 "cin";
    .port_info 3 /OUTPUT 1 "bor";
    .port_info 4 /OUTPUT 1 "diff";
L_0000022af4e83ca0 .functor XOR 1, v0000022af4ecef70_0, v0000022af4ece7f0_0, C4<0>, C4<0>;
L_0000022af4e83a00 .functor XOR 1, L_0000022af4e83ca0, v0000022af4ece390_0, C4<0>, C4<0>;
L_0000022af4e83ed0 .functor NOT 1, v0000022af4ecef70_0, C4<0>, C4<0>, C4<0>;
L_0000022af4e838b0 .functor AND 1, L_0000022af4e83ed0, v0000022af4ece7f0_0, C4<1>, C4<1>;
L_0000022af4e83bc0 .functor AND 1, v0000022af4ece7f0_0, v0000022af4ece390_0, C4<1>, C4<1>;
L_0000022af4e83f40 .functor OR 1, L_0000022af4e838b0, L_0000022af4e83bc0, C4<0>, C4<0>;
L_0000022af4e83a70 .functor NOT 1, v0000022af4ecef70_0, C4<0>, C4<0>, C4<0>;
L_0000022af4e83840 .functor AND 1, v0000022af4ece390_0, L_0000022af4e83a70, C4<1>, C4<1>;
L_0000022af4e83b50 .functor OR 1, L_0000022af4e83f40, L_0000022af4e83840, C4<0>, C4<0>;
v0000022af4fe69b0_0 .net *"_ivl_0", 0 0, L_0000022af4e83ca0;  1 drivers
v0000022af4fe6530_0 .net *"_ivl_10", 0 0, L_0000022af4e83f40;  1 drivers
v0000022af4febef0_0 .net *"_ivl_12", 0 0, L_0000022af4e83a70;  1 drivers
v0000022af4e85960_0 .net *"_ivl_14", 0 0, L_0000022af4e83840;  1 drivers
v0000022af4e85a00_0 .net *"_ivl_4", 0 0, L_0000022af4e83ed0;  1 drivers
v0000022af4e85aa0_0 .net *"_ivl_6", 0 0, L_0000022af4e838b0;  1 drivers
v0000022af4e85b40_0 .net *"_ivl_8", 0 0, L_0000022af4e83bc0;  1 drivers
v0000022af4e83750_0 .net "a", 0 0, v0000022af4ecef70_0;  1 drivers
v0000022af4ecebb0_0 .net "b", 0 0, v0000022af4ece7f0_0;  1 drivers
v0000022af4ecee30_0 .net "bor", 0 0, L_0000022af4e83b50;  alias, 1 drivers
v0000022af4ece6b0_0 .net "cin", 0 0, v0000022af4ece390_0;  1 drivers
v0000022af4ece4d0_0 .net "diff", 0 0, L_0000022af4e83a00;  alias, 1 drivers
    .scope S_0000022af4feafb0;
T_0 ;
    %vpi_call 2 7 "$dumpfile", "full_sub.vcd" {0 0 0};
    %vpi_call 2 8 "$dumpvars", 32'sb00000000000000000000000000000000, S_0000022af4feafb0 {0 0 0};
    %pushi/vec4 0, 0, 1;
    %store/vec4 v0000022af4ecef70_0, 0, 1;
    %pushi/vec4 0, 0, 1;
    %store/vec4 v0000022af4ece7f0_0, 0, 1;
    %pushi/vec4 0, 0, 1;
    %store/vec4 v0000022af4ece390_0, 0, 1;
    %delay 2, 0;
    %pushi/vec4 0, 0, 1;
    %store/vec4 v0000022af4ecef70_0, 0, 1;
    %pushi/vec4 0, 0, 1;
    %store/vec4 v0000022af4ece7f0_0, 0, 1;
    %pushi/vec4 1, 0, 1;
    %store/vec4 v0000022af4ece390_0, 0, 1;
    %delay 2, 0;
    %pushi/vec4 0, 0, 1;
    %store/vec4 v0000022af4ecef70_0, 0, 1;
    %pushi/vec4 1, 0, 1;
    %store/vec4 v0000022af4ece7f0_0, 0, 1;
    %pushi/vec4 0, 0, 1;
    %store/vec4 v0000022af4ece390_0, 0, 1;
    %delay 2, 0;
    %pushi/vec4 0, 0, 1;
    %store/vec4 v0000022af4ecef70_0, 0, 1;
    %pushi/vec4 1, 0, 1;
    %store/vec4 v0000022af4ece7f0_0, 0, 1;
    %pushi/vec4 1, 0, 1;
    %store/vec4 v0000022af4ece390_0, 0, 1;
    %delay 2, 0;
    %pushi/vec4 1, 0, 1;
    %store/vec4 v0000022af4ecef70_0, 0, 1;
    %pushi/vec4 0, 0, 1;
    %store/vec4 v0000022af4ece7f0_0, 0, 1;
    %pushi/vec4 0, 0, 1;
    %store/vec4 v0000022af4ece390_0, 0, 1;
    %delay 2, 0;
    %pushi/vec4 1, 0, 1;
    %store/vec4 v0000022af4ecef70_0, 0, 1;
    %pushi/vec4 0, 0, 1;
    %store/vec4 v0000022af4ece7f0_0, 0, 1;
    %pushi/vec4 1, 0, 1;
    %store/vec4 v0000022af4ece390_0, 0, 1;
    %delay 2, 0;
    %pushi/vec4 1, 0, 1;
    %store/vec4 v0000022af4ecef70_0, 0, 1;
    %pushi/vec4 1, 0, 1;
    %store/vec4 v0000022af4ece7f0_0, 0, 1;
    %pushi/vec4 0, 0, 1;
    %store/vec4 v0000022af4ece390_0, 0, 1;
    %delay 2, 0;
    %pushi/vec4 1, 0, 1;
    %store/vec4 v0000022af4ecef70_0, 0, 1;
    %pushi/vec4 1, 0, 1;
    %store/vec4 v0000022af4ece7f0_0, 0, 1;
    %pushi/vec4 1, 0, 1;
    %store/vec4 v0000022af4ece390_0, 0, 1;
    %delay 2, 0;
    %end;
    .thread T_0;
# The file index is used to find the file name in the following table.
:file_names 4;
    "N/A";
    "<interactive>";
    "full_sub_tb.v";
    "./full_sub.v";
