#! /c/Source/iverilog-install/bin/vvp
:ivl_version "12.0 (devel)" "(s20150603-1539-g2693dd32b)";
:ivl_delay_selection "TYPICAL";
:vpi_time_precision + 0;
:vpi_module "C:\iverilog\lib\ivl\system.vpi";
:vpi_module "C:\iverilog\lib\ivl\vhdl_sys.vpi";
:vpi_module "C:\iverilog\lib\ivl\vhdl_textio.vpi";
:vpi_module "C:\iverilog\lib\ivl\v2005_math.vpi";
:vpi_module "C:\iverilog\lib\ivl\va_math.vpi";
S_00000175557d6400 .scope module, "pipo" "pipo" 2 1;
 .timescale 0 0;
    .port_info 0 /INPUT 1 "clk";
    .port_info 1 /INPUT 1 "rst";
    .port_info 2 /INPUT 4 "d";
    .port_info 3 /OUTPUT 4 "q";
o0000017555826fb8 .functor BUFZ 1, C4<z>; HiZ drive
v00000175557d6950_0 .net "clk", 0 0, o0000017555826fb8;  0 drivers
o0000017555826fe8 .functor BUFZ 4, C4<zzzz>; HiZ drive
v00000175557d6590_0 .net "d", 3 0, o0000017555826fe8;  0 drivers
v00000175557d6630_0 .var "q", 3 0;
o0000017555827048 .functor BUFZ 1, C4<z>; HiZ drive
v00000175557d66d0_0 .net "rst", 0 0, o0000017555827048;  0 drivers
E_0000017555824b20 .event posedge, v00000175557d6950_0;
    .scope S_00000175557d6400;
T_0 ;
    %wait E_0000017555824b20;
    %load/vec4 v00000175557d66d0_0;
    %flag_set/vec4 8;
    %jmp/0xz  T_0.0, 8;
    %pushi/vec4 0, 0, 4;
    %assign/vec4 v00000175557d6630_0, 0;
    %jmp T_0.1;
T_0.0 ;
    %load/vec4 v00000175557d6590_0;
    %assign/vec4 v00000175557d6630_0, 0;
T_0.1 ;
    %jmp T_0;
    .thread T_0;
# The file index is used to find the file name in the following table.
:file_names 3;
    "N/A";
    "<interactive>";
    "pipo.v";
