#! /c/Source/iverilog-install/bin/vvp
:ivl_version "12.0 (devel)" "(s20150603-1539-g2693dd32b)";
:ivl_delay_selection "TYPICAL";
:vpi_time_precision + 0;
:vpi_module "C:\iverilog\lib\ivl\system.vpi";
:vpi_module "C:\iverilog\lib\ivl\vhdl_sys.vpi";
:vpi_module "C:\iverilog\lib\ivl\vhdl_textio.vpi";
:vpi_module "C:\iverilog\lib\ivl\v2005_math.vpi";
:vpi_module "C:\iverilog\lib\ivl\va_math.vpi";
S_000001f910228960 .scope module, "ripple_carry_adder_tb" "ripple_carry_adder_tb" 2 2;
 .timescale 0 0;
v000001f9102890e0_0 .var "a", 3 0;
v000001f910288280_0 .var "b", 3 0;
v000001f910288be0_0 .net "c_out", 0 0, L_000001f91028a150;  1 drivers
v000001f910287ce0_0 .var "cin", 0 0;
v000001f910288fa0_0 .net "s", 3 0, L_000001f910287a60;  1 drivers
S_000001f910228af0 .scope module, "rp" "ripple_carry_adder" 2 7, 3 1 0, S_000001f910228960;
 .timescale 0 0;
    .port_info 0 /INPUT 4 "a";
    .port_info 1 /INPUT 4 "b";
    .port_info 2 /INPUT 1 "cin";
    .port_info 3 /OUTPUT 4 "s";
    .port_info 4 /OUTPUT 1 "c_out";
L_000001f91021fc00 .functor XOR 1, L_000001f910287d80, v000001f910287ce0_0, C4<0>, C4<0>;
L_000001f91021fc70 .functor XOR 1, L_000001f910289040, v000001f910287ce0_0, C4<0>, C4<0>;
L_000001f910220220 .functor XOR 1, L_000001f910288dc0, v000001f910287ce0_0, C4<0>, C4<0>;
L_000001f9102204c0 .functor XOR 1, L_000001f910288b40, v000001f910287ce0_0, C4<0>, C4<0>;
v000001f910222cc0_0 .net *"_ivl_11", 0 0, L_000001f910288b40;  1 drivers
v000001f910222a40_0 .net *"_ivl_2", 0 0, L_000001f910287d80;  1 drivers
v000001f9102227c0_0 .net *"_ivl_5", 0 0, L_000001f910289040;  1 drivers
v000001f910223080_0 .net *"_ivl_8", 0 0, L_000001f910288dc0;  1 drivers
v000001f910222900_0 .net "a", 3 0, v000001f9102890e0_0;  1 drivers
v000001f910223760_0 .net "b", 3 0, v000001f910288280_0;  1 drivers
v000001f910223940_0 .net "c1", 0 0, L_000001f9102205a0;  1 drivers
v000001f910223120_0 .net "c2", 0 0, L_000001f910220140;  1 drivers
v000001f9102236c0_0 .net "c3", 0 0, L_000001f910289820;  1 drivers
v000001f91021afe0_0 .net "c_out", 0 0, L_000001f91028a150;  alias, 1 drivers
v000001f91021a7c0_0 .net "cin", 0 0, v000001f910287ce0_0;  1 drivers
v000001f910288140_0 .net "s", 3 0, L_000001f910287a60;  alias, 1 drivers
v000001f9102881e0_0 .net "x0", 0 0, L_000001f91021fc00;  1 drivers
v000001f9102883c0_0 .net "x1", 0 0, L_000001f91021fc70;  1 drivers
v000001f910288f00_0 .net "x2", 0 0, L_000001f910220220;  1 drivers
v000001f910289180_0 .net "x3", 0 0, L_000001f9102204c0;  1 drivers
L_000001f910287d80 .part v000001f910288280_0, 0, 1;
L_000001f910289040 .part v000001f910288280_0, 1, 1;
L_000001f910288dc0 .part v000001f910288280_0, 2, 1;
L_000001f910288b40 .part v000001f910288280_0, 3, 1;
L_000001f910288500 .part v000001f9102890e0_0, 0, 1;
L_000001f910287ec0 .part v000001f9102890e0_0, 1, 1;
L_000001f910288320 .part v000001f9102890e0_0, 2, 1;
L_000001f9102885a0 .part v000001f9102890e0_0, 3, 1;
L_000001f910287a60 .concat8 [ 1 1 1 1], L_000001f91021fce0, L_000001f910220680, L_000001f9102203e0, L_000001f9102899e0;
S_000001f910226f90 .scope module, "f1" "full_adder" 3 9, 3 15 0, S_000001f910228af0;
 .timescale 0 0;
    .port_info 0 /INPUT 1 "a";
    .port_info 1 /INPUT 1 "b";
    .port_info 2 /INPUT 1 "cin";
    .port_info 3 /OUTPUT 1 "sum";
    .port_info 4 /OUTPUT 1 "cout";
L_000001f91021f960 .functor XOR 1, L_000001f910288500, L_000001f91021fc00, C4<0>, C4<0>;
L_000001f91021fce0 .functor XOR 1, L_000001f91021f960, v000001f910287ce0_0, C4<0>, C4<0>;
L_000001f910220610 .functor AND 1, L_000001f910288500, L_000001f91021fc00, C4<1>, C4<1>;
L_000001f91021fd50 .functor AND 1, L_000001f91021fc00, v000001f910287ce0_0, C4<1>, C4<1>;
L_000001f9102200d0 .functor OR 1, L_000001f910220610, L_000001f91021fd50, C4<0>, C4<0>;
L_000001f910220290 .functor AND 1, v000001f910287ce0_0, L_000001f910288500, C4<1>, C4<1>;
L_000001f9102205a0 .functor OR 1, L_000001f9102200d0, L_000001f910220290, C4<0>, C4<0>;
v000001f9102233a0_0 .net *"_ivl_0", 0 0, L_000001f91021f960;  1 drivers
v000001f910222d60_0 .net *"_ivl_10", 0 0, L_000001f910220290;  1 drivers
v000001f910223260_0 .net *"_ivl_4", 0 0, L_000001f910220610;  1 drivers
v000001f910223440_0 .net *"_ivl_6", 0 0, L_000001f91021fd50;  1 drivers
v000001f910223e40_0 .net *"_ivl_8", 0 0, L_000001f9102200d0;  1 drivers
v000001f910222b80_0 .net "a", 0 0, L_000001f910288500;  1 drivers
v000001f910223800_0 .net "b", 0 0, L_000001f91021fc00;  alias, 1 drivers
v000001f910222860_0 .net "cin", 0 0, v000001f910287ce0_0;  alias, 1 drivers
v000001f910223300_0 .net "cout", 0 0, L_000001f9102205a0;  alias, 1 drivers
v000001f910222fe0_0 .net "sum", 0 0, L_000001f91021fce0;  1 drivers
S_000001f910227120 .scope module, "f2" "full_adder" 3 10, 3 15 0, S_000001f910228af0;
 .timescale 0 0;
    .port_info 0 /INPUT 1 "a";
    .port_info 1 /INPUT 1 "b";
    .port_info 2 /INPUT 1 "cin";
    .port_info 3 /OUTPUT 1 "sum";
    .port_info 4 /OUTPUT 1 "cout";
L_000001f9102206f0 .functor XOR 1, L_000001f910287ec0, L_000001f91021fc70, C4<0>, C4<0>;
L_000001f910220680 .functor XOR 1, L_000001f9102206f0, L_000001f9102205a0, C4<0>, C4<0>;
L_000001f91021fff0 .functor AND 1, L_000001f910287ec0, L_000001f91021fc70, C4<1>, C4<1>;
L_000001f91021f880 .functor AND 1, L_000001f91021fc70, L_000001f9102205a0, C4<1>, C4<1>;
L_000001f910220300 .functor OR 1, L_000001f91021fff0, L_000001f91021f880, C4<0>, C4<0>;
L_000001f91021f8f0 .functor AND 1, L_000001f9102205a0, L_000001f910287ec0, C4<1>, C4<1>;
L_000001f910220140 .functor OR 1, L_000001f910220300, L_000001f91021f8f0, C4<0>, C4<0>;
v000001f910222180_0 .net *"_ivl_0", 0 0, L_000001f9102206f0;  1 drivers
v000001f910222e00_0 .net *"_ivl_10", 0 0, L_000001f91021f8f0;  1 drivers
v000001f910223a80_0 .net *"_ivl_4", 0 0, L_000001f91021fff0;  1 drivers
v000001f9102224a0_0 .net *"_ivl_6", 0 0, L_000001f91021f880;  1 drivers
v000001f9102234e0_0 .net *"_ivl_8", 0 0, L_000001f910220300;  1 drivers
v000001f910223580_0 .net "a", 0 0, L_000001f910287ec0;  1 drivers
v000001f910223da0_0 .net "b", 0 0, L_000001f91021fc70;  alias, 1 drivers
v000001f9102225e0_0 .net "cin", 0 0, L_000001f9102205a0;  alias, 1 drivers
v000001f910222ae0_0 .net "cout", 0 0, L_000001f910220140;  alias, 1 drivers
v000001f910223ee0_0 .net "sum", 0 0, L_000001f910220680;  1 drivers
S_000001f9102870b0 .scope module, "f3" "full_adder" 3 11, 3 15 0, S_000001f910228af0;
 .timescale 0 0;
    .port_info 0 /INPUT 1 "a";
    .port_info 1 /INPUT 1 "b";
    .port_info 2 /INPUT 1 "cin";
    .port_info 3 /OUTPUT 1 "sum";
    .port_info 4 /OUTPUT 1 "cout";
L_000001f91021fdc0 .functor XOR 1, L_000001f910288320, L_000001f910220220, C4<0>, C4<0>;
L_000001f9102203e0 .functor XOR 1, L_000001f91021fdc0, L_000001f910220140, C4<0>, C4<0>;
L_000001f91021fe30 .functor AND 1, L_000001f910288320, L_000001f910220220, C4<1>, C4<1>;
L_000001f91021ff10 .functor AND 1, L_000001f910220220, L_000001f910220140, C4<1>, C4<1>;
L_000001f91021ff80 .functor OR 1, L_000001f91021fe30, L_000001f91021ff10, C4<0>, C4<0>;
L_000001f910220450 .functor AND 1, L_000001f910220140, L_000001f910288320, C4<1>, C4<1>;
L_000001f910289820 .functor OR 1, L_000001f91021ff80, L_000001f910220450, C4<0>, C4<0>;
v000001f910222720_0 .net *"_ivl_0", 0 0, L_000001f91021fdc0;  1 drivers
v000001f910222540_0 .net *"_ivl_10", 0 0, L_000001f910220450;  1 drivers
v000001f9102239e0_0 .net *"_ivl_4", 0 0, L_000001f91021fe30;  1 drivers
v000001f910223b20_0 .net *"_ivl_6", 0 0, L_000001f91021ff10;  1 drivers
v000001f910222220_0 .net *"_ivl_8", 0 0, L_000001f91021ff80;  1 drivers
v000001f910223620_0 .net "a", 0 0, L_000001f910288320;  1 drivers
v000001f9102238a0_0 .net "b", 0 0, L_000001f910220220;  alias, 1 drivers
v000001f910223bc0_0 .net "cin", 0 0, L_000001f910220140;  alias, 1 drivers
v000001f910222ea0_0 .net "cout", 0 0, L_000001f910289820;  alias, 1 drivers
v000001f910223c60_0 .net "sum", 0 0, L_000001f9102203e0;  1 drivers
S_000001f910287240 .scope module, "f4" "full_adder" 3 12, 3 15 0, S_000001f910228af0;
 .timescale 0 0;
    .port_info 0 /INPUT 1 "a";
    .port_info 1 /INPUT 1 "b";
    .port_info 2 /INPUT 1 "cin";
    .port_info 3 /OUTPUT 1 "sum";
    .port_info 4 /OUTPUT 1 "cout";
L_000001f910289660 .functor XOR 1, L_000001f9102885a0, L_000001f9102204c0, C4<0>, C4<0>;
L_000001f9102899e0 .functor XOR 1, L_000001f910289660, L_000001f910289820, C4<0>, C4<0>;
L_000001f910289a50 .functor AND 1, L_000001f9102885a0, L_000001f9102204c0, C4<1>, C4<1>;
L_000001f910289890 .functor AND 1, L_000001f9102204c0, L_000001f910289820, C4<1>, C4<1>;
L_000001f910289ba0 .functor OR 1, L_000001f910289a50, L_000001f910289890, C4<0>, C4<0>;
L_000001f910289ac0 .functor AND 1, L_000001f910289820, L_000001f9102885a0, C4<1>, C4<1>;
L_000001f91028a150 .functor OR 1, L_000001f910289ba0, L_000001f910289ac0, C4<0>, C4<0>;
v000001f910222c20_0 .net *"_ivl_0", 0 0, L_000001f910289660;  1 drivers
v000001f910223d00_0 .net *"_ivl_10", 0 0, L_000001f910289ac0;  1 drivers
v000001f910222400_0 .net *"_ivl_4", 0 0, L_000001f910289a50;  1 drivers
v000001f910222040_0 .net *"_ivl_6", 0 0, L_000001f910289890;  1 drivers
v000001f9102222c0_0 .net *"_ivl_8", 0 0, L_000001f910289ba0;  1 drivers
v000001f910222680_0 .net "a", 0 0, L_000001f9102885a0;  1 drivers
v000001f9102220e0_0 .net "b", 0 0, L_000001f9102204c0;  alias, 1 drivers
v000001f910222360_0 .net "cin", 0 0, L_000001f910289820;  alias, 1 drivers
v000001f9102229a0_0 .net "cout", 0 0, L_000001f91028a150;  alias, 1 drivers
v000001f910222f40_0 .net "sum", 0 0, L_000001f9102899e0;  1 drivers
    .scope S_000001f910228960;
T_0 ;
    %vpi_call 2 9 "$dumpfile", "rca.vcd" {0 0 0};
    %vpi_call 2 10 "$dumpvars", 32'sb00000000000000000000000000000000, S_000001f910228960 {0 0 0};
    %delay 2, 0;
    %pushi/vec4 3, 0, 4;
    %store/vec4 v000001f9102890e0_0, 0, 4;
    %pushi/vec4 12, 0, 4;
    %store/vec4 v000001f910288280_0, 0, 4;
    %pushi/vec4 0, 0, 1;
    %store/vec4 v000001f910287ce0_0, 0, 1;
    %delay 2, 0;
    %pushi/vec4 0, 0, 4;
    %store/vec4 v000001f9102890e0_0, 0, 4;
    %pushi/vec4 15, 0, 4;
    %store/vec4 v000001f910288280_0, 0, 4;
    %delay 2, 0;
    %pushi/vec4 5, 0, 4;
    %store/vec4 v000001f9102890e0_0, 0, 4;
    %pushi/vec4 12, 0, 4;
    %store/vec4 v000001f910288280_0, 0, 4;
    %delay 2, 0;
    %pushi/vec4 10, 0, 4;
    %store/vec4 v000001f9102890e0_0, 0, 4;
    %pushi/vec4 13, 0, 4;
    %store/vec4 v000001f910288280_0, 0, 4;
    %pushi/vec4 1, 0, 1;
    %store/vec4 v000001f910287ce0_0, 0, 1;
    %delay 2, 0;
    %pushi/vec4 7, 0, 4;
    %store/vec4 v000001f9102890e0_0, 0, 4;
    %pushi/vec4 11, 0, 4;
    %store/vec4 v000001f910288280_0, 0, 4;
    %delay 2, 0;
    %pushi/vec4 8, 0, 4;
    %store/vec4 v000001f9102890e0_0, 0, 4;
    %pushi/vec4 9, 0, 4;
    %store/vec4 v000001f910288280_0, 0, 4;
    %end;
    .thread T_0;
# The file index is used to find the file name in the following table.
:file_names 4;
    "N/A";
    "<interactive>";
    "ripple_carry_adder_tb.v";
    "./ripple_carry_adder.v";
