#! /c/Source/iverilog-install/bin/vvp
:ivl_version "12.0 (devel)" "(s20150603-1539-g2693dd32b)";
:ivl_delay_selection "TYPICAL";
:vpi_time_precision + 0;
:vpi_module "C:\iverilog\lib\ivl\system.vpi";
:vpi_module "C:\iverilog\lib\ivl\vhdl_sys.vpi";
:vpi_module "C:\iverilog\lib\ivl\vhdl_textio.vpi";
:vpi_module "C:\iverilog\lib\ivl\v2005_math.vpi";
:vpi_module "C:\iverilog\lib\ivl\va_math.vpi";
S_0000013449756200 .scope module, "dec3to8" "dec3to8" 2 1;
 .timescale 0 0;
    .port_info 0 /INPUT 3 "in";
    .port_info 1 /INPUT 1 "en";
    .port_info 2 /OUTPUT 8 "y";
o0000013449686fb8 .functor BUFZ 1, C4<z>; HiZ drive
v00000134497568a0_0 .net "en", 0 0, o0000013449686fb8;  0 drivers
o0000013449686fe8 .functor BUFZ 3, C4<zzz>; HiZ drive
v000001344975ef10_0 .net "in", 2 0, o0000013449686fe8;  0 drivers
v0000013449756ac0_0 .var "y", 7 0;
E_000001344975c630 .event anyedge, v00000134497568a0_0, v000001344975ef10_0;
    .scope S_0000013449756200;
T_0 ;
    %wait E_000001344975c630;
    %load/vec4 v00000134497568a0_0;
    %pad/u 32;
    %cmpi/e 0, 0, 32;
    %jmp/0xz  T_0.0, 4;
    %pushi/vec4 0, 0, 8;
    %store/vec4 v0000013449756ac0_0, 0, 8;
    %jmp T_0.1;
T_0.0 ;
    %load/vec4 v000001344975ef10_0;
    %dup/vec4;
    %pushi/vec4 0, 0, 3;
    %cmp/u;
    %jmp/1 T_0.2, 6;
    %dup/vec4;
    %pushi/vec4 1, 0, 3;
    %cmp/u;
    %jmp/1 T_0.3, 6;
    %dup/vec4;
    %pushi/vec4 2, 0, 3;
    %cmp/u;
    %jmp/1 T_0.4, 6;
    %dup/vec4;
    %pushi/vec4 3, 0, 3;
    %cmp/u;
    %jmp/1 T_0.5, 6;
    %dup/vec4;
    %pushi/vec4 4, 0, 3;
    %cmp/u;
    %jmp/1 T_0.6, 6;
    %dup/vec4;
    %pushi/vec4 5, 0, 3;
    %cmp/u;
    %jmp/1 T_0.7, 6;
    %dup/vec4;
    %pushi/vec4 6, 0, 3;
    %cmp/u;
    %jmp/1 T_0.8, 6;
    %dup/vec4;
    %pushi/vec4 7, 0, 3;
    %cmp/u;
    %jmp/1 T_0.9, 6;
    %pushi/vec4 255, 255, 8;
    %store/vec4 v0000013449756ac0_0, 0, 8;
    %jmp T_0.11;
T_0.2 ;
    %pushi/vec4 1, 0, 8;
    %store/vec4 v0000013449756ac0_0, 0, 8;
    %jmp T_0.11;
T_0.3 ;
    %pushi/vec4 2, 0, 8;
    %store/vec4 v0000013449756ac0_0, 0, 8;
    %jmp T_0.11;
T_0.4 ;
    %pushi/vec4 4, 0, 8;
    %store/vec4 v0000013449756ac0_0, 0, 8;
    %jmp T_0.11;
T_0.5 ;
    %pushi/vec4 8, 0, 8;
    %store/vec4 v0000013449756ac0_0, 0, 8;
    %jmp T_0.11;
T_0.6 ;
    %pushi/vec4 16, 0, 8;
    %store/vec4 v0000013449756ac0_0, 0, 8;
    %jmp T_0.11;
T_0.7 ;
    %pushi/vec4 32, 0, 8;
    %store/vec4 v0000013449756ac0_0, 0, 8;
    %jmp T_0.11;
T_0.8 ;
    %pushi/vec4 64, 0, 8;
    %store/vec4 v0000013449756ac0_0, 0, 8;
    %jmp T_0.11;
T_0.9 ;
    %pushi/vec4 128, 0, 8;
    %store/vec4 v0000013449756ac0_0, 0, 8;
    %jmp T_0.11;
T_0.11 ;
    %pop/vec4 1;
T_0.1 ;
    %jmp T_0;
    .thread T_0, $push;
# The file index is used to find the file name in the following table.
:file_names 3;
    "N/A";
    "<interactive>";
    "dec3to8.v";
