#! /c/Source/iverilog-install/bin/vvp
:ivl_version "12.0 (devel)" "(s20150603-1539-g2693dd32b)";
:ivl_delay_selection "TYPICAL";
:vpi_time_precision + 0;
:vpi_module "C:\iverilog\lib\ivl\system.vpi";
:vpi_module "C:\iverilog\lib\ivl\vhdl_sys.vpi";
:vpi_module "C:\iverilog\lib\ivl\vhdl_textio.vpi";
:vpi_module "C:\iverilog\lib\ivl\v2005_math.vpi";
:vpi_module "C:\iverilog\lib\ivl\va_math.vpi";
S_000001633b1dd8b0 .scope module, "bcd_to_excess3_tb" "bcd_to_excess3_tb" 2 2;
 .timescale 0 0;
v000001633b23dcd0_0 .var "b", 3 0;
v000001633b23daf0_0 .net "e", 3 0, L_000001633b241a90;  1 drivers
S_000001633b2dc850 .scope module, "be" "bcd_to_excess3" 2 5, 3 1 0, S_000001633b1dd8b0;
 .timescale 0 0;
    .port_info 0 /INPUT 4 "b";
    .port_info 1 /OUTPUT 4 "e";
L_000001633b1d5d30 .functor NOT 1, L_000001633b23db90, C4<0>, C4<0>, C4<0>;
L_000001633b1d5be0 .functor AND 1, L_000001633b23dc30, L_000001633b23e270, C4<1>, C4<1>;
L_000001633b1d59b0 .functor NOT 1, L_000001633b23e3b0, C4<0>, C4<0>, C4<0>;
L_000001633b1d5e80 .functor NOT 1, L_000001633b23e4f0, C4<0>, C4<0>, C4<0>;
L_000001633b1d5c50 .functor AND 1, L_000001633b1d59b0, L_000001633b1d5e80, C4<1>, C4<1>;
L_000001633b1d5da0 .functor OR 1, L_000001633b1d5be0, L_000001633b1d5c50, C4<0>, C4<0>;
L_000001633b23fa60 .functor NOT 1, L_000001633b23e590, C4<0>, C4<0>, C4<0>;
L_000001633b23fad0 .functor AND 1, L_000001633b23fa60, L_000001633b23d0f0, C4<1>, C4<1>;
L_000001633b23fb40 .functor NOT 1, L_000001633b23cdd0, C4<0>, C4<0>, C4<0>;
L_000001633b23f440 .functor AND 1, L_000001633b23fb40, L_000001633b23e630, C4<1>, C4<1>;
L_000001633b23fbb0 .functor OR 1, L_000001633b23fad0, L_000001633b23f440, C4<0>, C4<0>;
L_000001633b23ef70 .functor NOT 1, L_000001633b23e770, C4<0>, C4<0>, C4<0>;
L_000001633b23fd70 .functor AND 1, L_000001633b23e6d0, L_000001633b23ef70, C4<1>, C4<1>;
L_000001633b23f590 .functor NOT 1, L_000001633b2411d0, C4<0>, C4<0>, C4<0>;
L_000001633b23f210 .functor AND 1, L_000001633b23fd70, L_000001633b23f590, C4<1>, C4<1>;
L_000001633b23fc90 .functor OR 1, L_000001633b23fbb0, L_000001633b23f210, C4<0>, C4<0>;
L_000001633b23fc20 .functor AND 1, L_000001633b241090, L_000001633b240cd0, C4<1>, C4<1>;
L_000001633b23fd00 .functor OR 1, L_000001633b240910, L_000001633b23fc20, C4<0>, C4<0>;
L_000001633b23f600 .functor AND 1, L_000001633b2409b0, L_000001633b241130, C4<1>, C4<1>;
L_000001633b23f520 .functor OR 1, L_000001633b23fd00, L_000001633b23f600, C4<0>, C4<0>;
v000001633b1d9690_0 .net *"_ivl_11", 0 0, L_000001633b23e270;  1 drivers
v000001633b1d97d0_0 .net *"_ivl_12", 0 0, L_000001633b1d5be0;  1 drivers
v000001633b23d2d0_0 .net *"_ivl_15", 0 0, L_000001633b23e3b0;  1 drivers
v000001633b23dd70_0 .net *"_ivl_16", 0 0, L_000001633b1d59b0;  1 drivers
v000001633b23d730_0 .net *"_ivl_19", 0 0, L_000001633b23e4f0;  1 drivers
v000001633b23c8d0_0 .net *"_ivl_20", 0 0, L_000001633b1d5e80;  1 drivers
v000001633b23d370_0 .net *"_ivl_22", 0 0, L_000001633b1d5c50;  1 drivers
v000001633b23cf10_0 .net *"_ivl_24", 0 0, L_000001633b1d5da0;  1 drivers
v000001633b23dff0_0 .net *"_ivl_29", 0 0, L_000001633b23e590;  1 drivers
v000001633b23e450_0 .net *"_ivl_3", 0 0, L_000001633b23db90;  1 drivers
v000001633b23d410_0 .net *"_ivl_30", 0 0, L_000001633b23fa60;  1 drivers
v000001633b23d7d0_0 .net *"_ivl_33", 0 0, L_000001633b23d0f0;  1 drivers
v000001633b23cfb0_0 .net *"_ivl_34", 0 0, L_000001633b23fad0;  1 drivers
v000001633b23de10_0 .net *"_ivl_37", 0 0, L_000001633b23cdd0;  1 drivers
v000001633b23e310_0 .net *"_ivl_38", 0 0, L_000001633b23fb40;  1 drivers
v000001633b23df50_0 .net *"_ivl_4", 0 0, L_000001633b1d5d30;  1 drivers
v000001633b23ca10_0 .net *"_ivl_41", 0 0, L_000001633b23e630;  1 drivers
v000001633b23ce70_0 .net *"_ivl_42", 0 0, L_000001633b23f440;  1 drivers
v000001633b23d4b0_0 .net *"_ivl_44", 0 0, L_000001633b23fbb0;  1 drivers
v000001633b23d550_0 .net *"_ivl_47", 0 0, L_000001633b23e6d0;  1 drivers
v000001633b23cab0_0 .net *"_ivl_49", 0 0, L_000001633b23e770;  1 drivers
v000001633b23e130_0 .net *"_ivl_50", 0 0, L_000001633b23ef70;  1 drivers
v000001633b23e090_0 .net *"_ivl_52", 0 0, L_000001633b23fd70;  1 drivers
v000001633b23d050_0 .net *"_ivl_55", 0 0, L_000001633b2411d0;  1 drivers
v000001633b23d5f0_0 .net *"_ivl_56", 0 0, L_000001633b23f590;  1 drivers
v000001633b23cb50_0 .net *"_ivl_58", 0 0, L_000001633b23f210;  1 drivers
v000001633b23d870_0 .net *"_ivl_60", 0 0, L_000001633b23fc90;  1 drivers
v000001633b23c970_0 .net *"_ivl_66", 0 0, L_000001633b240910;  1 drivers
v000001633b23cd30_0 .net *"_ivl_68", 0 0, L_000001633b241090;  1 drivers
v000001633b23e1d0_0 .net *"_ivl_70", 0 0, L_000001633b240cd0;  1 drivers
v000001633b23deb0_0 .net *"_ivl_71", 0 0, L_000001633b23fc20;  1 drivers
v000001633b23d230_0 .net *"_ivl_73", 0 0, L_000001633b23fd00;  1 drivers
v000001633b23cbf0_0 .net *"_ivl_76", 0 0, L_000001633b2409b0;  1 drivers
v000001633b23d690_0 .net *"_ivl_78", 0 0, L_000001633b241130;  1 drivers
v000001633b23d190_0 .net *"_ivl_79", 0 0, L_000001633b23f600;  1 drivers
v000001633b23cc90_0 .net *"_ivl_81", 0 0, L_000001633b23f520;  1 drivers
v000001633b23d910_0 .net *"_ivl_9", 0 0, L_000001633b23dc30;  1 drivers
v000001633b23d9b0_0 .net "b", 3 0, v000001633b23dcd0_0;  1 drivers
v000001633b23da50_0 .net "e", 3 0, L_000001633b241a90;  alias, 1 drivers
L_000001633b23db90 .part v000001633b23dcd0_0, 0, 1;
L_000001633b23dc30 .part v000001633b23dcd0_0, 1, 1;
L_000001633b23e270 .part v000001633b23dcd0_0, 0, 1;
L_000001633b23e3b0 .part v000001633b23dcd0_0, 1, 1;
L_000001633b23e4f0 .part v000001633b23dcd0_0, 0, 1;
L_000001633b23e590 .part v000001633b23dcd0_0, 2, 1;
L_000001633b23d0f0 .part v000001633b23dcd0_0, 1, 1;
L_000001633b23cdd0 .part v000001633b23dcd0_0, 2, 1;
L_000001633b23e630 .part v000001633b23dcd0_0, 0, 1;
L_000001633b23e6d0 .part v000001633b23dcd0_0, 2, 1;
L_000001633b23e770 .part v000001633b23dcd0_0, 1, 1;
L_000001633b2411d0 .part v000001633b23dcd0_0, 0, 1;
L_000001633b241a90 .concat8 [ 1 1 1 1], L_000001633b1d5d30, L_000001633b1d5da0, L_000001633b23fc90, L_000001633b23f520;
L_000001633b240910 .part v000001633b23dcd0_0, 3, 1;
L_000001633b241090 .part v000001633b23dcd0_0, 2, 1;
L_000001633b240cd0 .part v000001633b23dcd0_0, 1, 1;
L_000001633b2409b0 .part v000001633b23dcd0_0, 2, 1;
L_000001633b241130 .part v000001633b23dcd0_0, 0, 1;
    .scope S_000001633b1dd8b0;
T_0 ;
    %vpi_call 2 7 "$dumpfile", "bcd_to_excess3.vcd" {0 0 0};
    %vpi_call 2 8 "$dumpvars", 32'sb00000000000000000000000000000000, S_000001633b1dd8b0 {0 0 0};
    %delay 1, 0;
    %pushi/vec4 0, 0, 4;
    %store/vec4 v000001633b23dcd0_0, 0, 4;
    %delay 1, 0;
    %pushi/vec4 1, 0, 4;
    %store/vec4 v000001633b23dcd0_0, 0, 4;
    %delay 1, 0;
    %pushi/vec4 2, 0, 4;
    %store/vec4 v000001633b23dcd0_0, 0, 4;
    %delay 1, 0;
    %pushi/vec4 3, 0, 4;
    %store/vec4 v000001633b23dcd0_0, 0, 4;
    %delay 1, 0;
    %pushi/vec4 4, 0, 4;
    %store/vec4 v000001633b23dcd0_0, 0, 4;
    %delay 1, 0;
    %pushi/vec4 5, 0, 4;
    %store/vec4 v000001633b23dcd0_0, 0, 4;
    %delay 1, 0;
    %pushi/vec4 7, 0, 4;
    %store/vec4 v000001633b23dcd0_0, 0, 4;
    %delay 1, 0;
    %pushi/vec4 8, 0, 4;
    %store/vec4 v000001633b23dcd0_0, 0, 4;
    %delay 1, 0;
    %pushi/vec4 9, 0, 4;
    %store/vec4 v000001633b23dcd0_0, 0, 4;
    %delay 1, 0;
    %pushi/vec4 0, 0, 4;
    %store/vec4 v000001633b23dcd0_0, 0, 4;
    %end;
    .thread T_0;
# The file index is used to find the file name in the following table.
:file_names 4;
    "N/A";
    "<interactive>";
    "bcd_to_excess3_tb.v";
    "./bcd_to_excess3.v";
