#! /c/Source/iverilog-install/bin/vvp
:ivl_version "12.0 (devel)" "(s20150603-1539-g2693dd32b)";
:ivl_delay_selection "TYPICAL";
:vpi_time_precision + 0;
:vpi_module "C:\iverilog\lib\ivl\system.vpi";
:vpi_module "C:\iverilog\lib\ivl\vhdl_sys.vpi";
:vpi_module "C:\iverilog\lib\ivl\vhdl_textio.vpi";
:vpi_module "C:\iverilog\lib\ivl\v2005_math.vpi";
:vpi_module "C:\iverilog\lib\ivl\va_math.vpi";
S_000002784d7eec90 .scope module, "gray_to_binary" "gray_to_binary" 2 1;
 .timescale 0 0;
    .port_info 0 /INPUT 4 "g";
    .port_info 1 /OUTPUT 4 "b";
L_000002784d7eef60 .functor XOR 1, L_000002784d879ed0, L_000002784d87a150, C4<0>, C4<0>;
L_000002784d833d10 .functor XOR 1, L_000002784d87a510, L_000002784d87a650, C4<0>, C4<0>;
L_000002784d833d80 .functor XOR 1, L_000002784d833d10, L_000002784d87a6f0, C4<0>, C4<0>;
L_000002784d833f00 .functor XOR 1, L_000002784d879bb0, L_000002784d87a830, C4<0>, C4<0>;
L_000002784d833f70 .functor XOR 1, L_000002784d833f00, L_000002784d879e30, C4<0>, C4<0>;
L_000002784d834040 .functor XOR 1, L_000002784d833f70, L_000002784d87a970, C4<0>, C4<0>;
v000002784d7e6840_0 .net *"_ivl_10", 0 0, L_000002784d7eef60;  1 drivers
v000002784d7e6470_0 .net *"_ivl_15", 0 0, L_000002784d87a510;  1 drivers
v000002784d7eee20_0 .net *"_ivl_17", 0 0, L_000002784d87a650;  1 drivers
v000002784d7eeec0_0 .net *"_ivl_18", 0 0, L_000002784d833d10;  1 drivers
v000002784d879840_0 .net *"_ivl_21", 0 0, L_000002784d87a6f0;  1 drivers
v000002784d8798e0_0 .net *"_ivl_22", 0 0, L_000002784d833d80;  1 drivers
v000002784d879980_0 .net *"_ivl_28", 0 0, L_000002784d879bb0;  1 drivers
v000002784d87a290_0 .net *"_ivl_3", 0 0, L_000002784d87a3d0;  1 drivers
v000002784d87a1f0_0 .net *"_ivl_30", 0 0, L_000002784d87a830;  1 drivers
v000002784d879d90_0 .net *"_ivl_31", 0 0, L_000002784d833f00;  1 drivers
v000002784d87a8d0_0 .net *"_ivl_34", 0 0, L_000002784d879e30;  1 drivers
v000002784d87a010_0 .net *"_ivl_35", 0 0, L_000002784d833f70;  1 drivers
v000002784d879a70_0 .net *"_ivl_38", 0 0, L_000002784d87a970;  1 drivers
v000002784d87a470_0 .net *"_ivl_39", 0 0, L_000002784d834040;  1 drivers
v000002784d879b10_0 .net *"_ivl_7", 0 0, L_000002784d879ed0;  1 drivers
v000002784d87a0b0_0 .net *"_ivl_9", 0 0, L_000002784d87a150;  1 drivers
v000002784d87a5b0_0 .net "b", 3 0, L_000002784d87a790;  1 drivers
o000002784d837308 .functor BUFZ 4, C4<zzzz>; HiZ drive
v000002784d87a330_0 .net "g", 3 0, o000002784d837308;  0 drivers
L_000002784d87a3d0 .part o000002784d837308, 3, 1;
L_000002784d879ed0 .part o000002784d837308, 3, 1;
L_000002784d87a150 .part o000002784d837308, 2, 1;
L_000002784d87a510 .part o000002784d837308, 3, 1;
L_000002784d87a650 .part o000002784d837308, 2, 1;
L_000002784d87a6f0 .part o000002784d837308, 1, 1;
L_000002784d87a790 .concat8 [ 1 1 1 1], L_000002784d834040, L_000002784d833d80, L_000002784d7eef60, L_000002784d87a3d0;
L_000002784d879bb0 .part o000002784d837308, 3, 1;
L_000002784d87a830 .part o000002784d837308, 2, 1;
L_000002784d879e30 .part o000002784d837308, 1, 1;
L_000002784d87a970 .part o000002784d837308, 0, 1;
# The file index is used to find the file name in the following table.
:file_names 3;
    "N/A";
    "<interactive>";
    "gray_to_binary.v";
