#! /c/Source/iverilog-install/bin/vvp
:ivl_version "12.0 (devel)" "(s20150603-1539-g2693dd32b)";
:ivl_delay_selection "TYPICAL";
:vpi_time_precision + 0;
:vpi_module "C:\iverilog\lib\ivl\system.vpi";
:vpi_module "C:\iverilog\lib\ivl\vhdl_sys.vpi";
:vpi_module "C:\iverilog\lib\ivl\vhdl_textio.vpi";
:vpi_module "C:\iverilog\lib\ivl\v2005_math.vpi";
:vpi_module "C:\iverilog\lib\ivl\va_math.vpi";
S_0000016b7af96210 .scope module, "priorityenc8to3" "priorityenc8to3" 2 1;
 .timescale 0 0;
    .port_info 0 /INPUT 8 "i";
    .port_info 1 /INPUT 1 "en";
    .port_info 2 /OUTPUT 3 "y";
o0000016b7aeb6fb8 .functor BUFZ 1, C4<z>; HiZ drive
v0000016b7af968d0_0 .net "en", 0 0, o0000016b7aeb6fb8;  0 drivers
o0000016b7aeb6fe8 .functor BUFZ 8, C4<zzzzzzzz>; HiZ drive
v0000016b7af96af0_0 .net "i", 7 0, o0000016b7aeb6fe8;  0 drivers
v0000016b7af9ef00_0 .var "y", 2 0;
E_0000016b7af9a740 .event anyedge, v0000016b7af96af0_0, v0000016b7af968d0_0;
    .scope S_0000016b7af96210;
T_0 ;
    %wait E_0000016b7af9a740;
    %load/vec4 v0000016b7af968d0_0;
    %pad/u 32;
    %cmpi/e 1, 0, 32;
    %jmp/0xz  T_0.0, 4;
    %load/vec4 v0000016b7af96af0_0;
    %parti/s 1, 7, 4;
    %pad/u 32;
    %cmpi/e 1, 0, 32;
    %jmp/0xz  T_0.2, 4;
    %pushi/vec4 7, 0, 3;
    %store/vec4 v0000016b7af9ef00_0, 0, 3;
    %jmp T_0.3;
T_0.2 ;
    %load/vec4 v0000016b7af96af0_0;
    %parti/s 1, 6, 4;
    %pad/u 32;
    %cmpi/e 1, 0, 32;
    %jmp/0xz  T_0.4, 4;
    %pushi/vec4 6, 0, 3;
    %store/vec4 v0000016b7af9ef00_0, 0, 3;
    %jmp T_0.5;
T_0.4 ;
    %load/vec4 v0000016b7af96af0_0;
    %parti/s 1, 5, 4;
    %pad/u 32;
    %cmpi/e 1, 0, 32;
    %jmp/0xz  T_0.6, 4;
    %pushi/vec4 5, 0, 3;
    %store/vec4 v0000016b7af9ef00_0, 0, 3;
    %jmp T_0.7;
T_0.6 ;
    %load/vec4 v0000016b7af96af0_0;
    %parti/s 1, 4, 4;
    %pad/u 32;
    %cmpi/e 1, 0, 32;
    %jmp/0xz  T_0.8, 4;
    %pushi/vec4 4, 0, 3;
    %store/vec4 v0000016b7af9ef00_0, 0, 3;
    %jmp T_0.9;
T_0.8 ;
    %load/vec4 v0000016b7af96af0_0;
    %parti/s 1, 3, 3;
    %pad/u 32;
    %cmpi/e 1, 0, 32;
    %jmp/0xz  T_0.10, 4;
    %pushi/vec4 3, 0, 3;
    %store/vec4 v0000016b7af9ef00_0, 0, 3;
    %jmp T_0.11;
T_0.10 ;
    %load/vec4 v0000016b7af96af0_0;
    %parti/s 1, 2, 3;
    %pad/u 32;
    %cmpi/e 1, 0, 32;
    %jmp/0xz  T_0.12, 4;
    %pushi/vec4 2, 0, 3;
    %store/vec4 v0000016b7af9ef00_0, 0, 3;
    %jmp T_0.13;
T_0.12 ;
    %load/vec4 v0000016b7af96af0_0;
    %parti/s 1, 1, 2;
    %pad/u 32;
    %cmpi/e 1, 0, 32;
    %jmp/0xz  T_0.14, 4;
    %pushi/vec4 1, 0, 3;
    %store/vec4 v0000016b7af9ef00_0, 0, 3;
    %jmp T_0.15;
T_0.14 ;
    %pushi/vec4 0, 0, 3;
    %store/vec4 v0000016b7af9ef00_0, 0, 3;
T_0.15 ;
T_0.13 ;
T_0.11 ;
T_0.9 ;
T_0.7 ;
T_0.5 ;
T_0.3 ;
    %jmp T_0.1;
T_0.0 ;
    %pushi/vec4 0, 7, 3;
    %store/vec4 v0000016b7af9ef00_0, 0, 3;
T_0.1 ;
    %jmp T_0;
    .thread T_0, $push;
# The file index is used to find the file name in the following table.
:file_names 3;
    "N/A";
    "<interactive>";
    "priorityenc8to3.v";
