#! /c/Source/iverilog-install/bin/vvp
:ivl_version "12.0 (devel)" "(s20150603-1539-g2693dd32b)";
:ivl_delay_selection "TYPICAL";
:vpi_time_precision + 0;
:vpi_module "C:\iverilog\lib\ivl\system.vpi";
:vpi_module "C:\iverilog\lib\ivl\vhdl_sys.vpi";
:vpi_module "C:\iverilog\lib\ivl\vhdl_textio.vpi";
:vpi_module "C:\iverilog\lib\ivl\v2005_math.vpi";
:vpi_module "C:\iverilog\lib\ivl\va_math.vpi";
S_000002718051bd70 .scope module, "priorityenc8to3_tb" "priorityenc8to3_tb" 2 2;
 .timescale 0 0;
v000002718051bf00_0 .var "en", 0 0;
v000002718051b9a0_0 .var "i", 7 0;
v000002718051ba40_0 .net "y", 2 0, v0000027180516b10_0;  1 drivers
S_000002718051df20 .scope module, "pe" "priorityenc8to3" 2 6, 3 1 0, S_000002718051bd70;
 .timescale 0 0;
    .port_info 0 /INPUT 8 "i";
    .port_info 1 /INPUT 1 "en";
    .port_info 2 /OUTPUT 3 "y";
v00000271805168f0_0 .net "en", 0 0, v000002718051bf00_0;  1 drivers
v0000027180516500_0 .net "i", 7 0, v000002718051b9a0_0;  1 drivers
v0000027180516b10_0 .var "y", 2 0;
E_0000027180519020 .event anyedge, v0000027180516500_0, v00000271805168f0_0;
    .scope S_000002718051df20;
T_0 ;
    %wait E_0000027180519020;
    %load/vec4 v00000271805168f0_0;
    %pad/u 32;
    %cmpi/e 1, 0, 32;
    %jmp/0xz  T_0.0, 4;
    %load/vec4 v0000027180516500_0;
    %parti/s 1, 7, 4;
    %pad/u 32;
    %cmpi/e 1, 0, 32;
    %jmp/0xz  T_0.2, 4;
    %pushi/vec4 7, 0, 3;
    %store/vec4 v0000027180516b10_0, 0, 3;
    %jmp T_0.3;
T_0.2 ;
    %load/vec4 v0000027180516500_0;
    %parti/s 1, 6, 4;
    %pad/u 32;
    %cmpi/e 1, 0, 32;
    %jmp/0xz  T_0.4, 4;
    %pushi/vec4 6, 0, 3;
    %store/vec4 v0000027180516b10_0, 0, 3;
    %jmp T_0.5;
T_0.4 ;
    %load/vec4 v0000027180516500_0;
    %parti/s 1, 5, 4;
    %pad/u 32;
    %cmpi/e 1, 0, 32;
    %jmp/0xz  T_0.6, 4;
    %pushi/vec4 5, 0, 3;
    %store/vec4 v0000027180516b10_0, 0, 3;
    %jmp T_0.7;
T_0.6 ;
    %load/vec4 v0000027180516500_0;
    %parti/s 1, 4, 4;
    %pad/u 32;
    %cmpi/e 1, 0, 32;
    %jmp/0xz  T_0.8, 4;
    %pushi/vec4 4, 0, 3;
    %store/vec4 v0000027180516b10_0, 0, 3;
    %jmp T_0.9;
T_0.8 ;
    %load/vec4 v0000027180516500_0;
    %parti/s 1, 3, 3;
    %pad/u 32;
    %cmpi/e 1, 0, 32;
    %jmp/0xz  T_0.10, 4;
    %pushi/vec4 3, 0, 3;
    %store/vec4 v0000027180516b10_0, 0, 3;
    %jmp T_0.11;
T_0.10 ;
    %load/vec4 v0000027180516500_0;
    %parti/s 1, 2, 3;
    %pad/u 32;
    %cmpi/e 1, 0, 32;
    %jmp/0xz  T_0.12, 4;
    %pushi/vec4 2, 0, 3;
    %store/vec4 v0000027180516b10_0, 0, 3;
    %jmp T_0.13;
T_0.12 ;
    %load/vec4 v0000027180516500_0;
    %parti/s 1, 1, 2;
    %pad/u 32;
    %cmpi/e 1, 0, 32;
    %jmp/0xz  T_0.14, 4;
    %pushi/vec4 1, 0, 3;
    %store/vec4 v0000027180516b10_0, 0, 3;
    %jmp T_0.15;
T_0.14 ;
    %pushi/vec4 0, 0, 3;
    %store/vec4 v0000027180516b10_0, 0, 3;
T_0.15 ;
T_0.13 ;
T_0.11 ;
T_0.9 ;
T_0.7 ;
T_0.5 ;
T_0.3 ;
    %jmp T_0.1;
T_0.0 ;
    %pushi/vec4 0, 7, 3;
    %store/vec4 v0000027180516b10_0, 0, 3;
T_0.1 ;
    %jmp T_0;
    .thread T_0, $push;
    .scope S_000002718051bd70;
T_1 ;
    %vpi_call 2 8 "$dumpfile", "priorityenc8to3.vcd" {0 0 0};
    %vpi_call 2 9 "$dumpvars", 32'sb00000000000000000000000000000000, S_000002718051bd70 {0 0 0};
    %pushi/vec4 0, 0, 1;
    %store/vec4 v000002718051bf00_0, 0, 1;
    %pushi/vec4 11, 0, 8;
    %store/vec4 v000002718051b9a0_0, 0, 8;
    %delay 2, 0;
    %pushi/vec4 1, 0, 1;
    %store/vec4 v000002718051bf00_0, 0, 1;
    %delay 2, 0;
    %pushi/vec4 0, 0, 8;
    %store/vec4 v000002718051b9a0_0, 0, 8;
    %delay 2, 0;
    %pushi/vec4 111, 0, 8;
    %store/vec4 v000002718051b9a0_0, 0, 8;
    %delay 2, 0;
    %pushi/vec4 1, 0, 8;
    %store/vec4 v000002718051b9a0_0, 0, 8;
    %end;
    .thread T_1;
# The file index is used to find the file name in the following table.
:file_names 4;
    "N/A";
    "<interactive>";
    "priorityenc8to3_tb.v";
    "./priorityenc8to3.v";
