#! /c/Source/iverilog-install/bin/vvp
:ivl_version "12.0 (devel)" "(s20150603-1539-g2693dd32b)";
:ivl_delay_selection "TYPICAL";
:vpi_time_precision + 0;
:vpi_module "C:\iverilog\lib\ivl\system.vpi";
:vpi_module "C:\iverilog\lib\ivl\vhdl_sys.vpi";
:vpi_module "C:\iverilog\lib\ivl\vhdl_textio.vpi";
:vpi_module "C:\iverilog\lib\ivl\v2005_math.vpi";
:vpi_module "C:\iverilog\lib\ivl\va_math.vpi";
S_000001999f392510 .scope module, "half_sub" "half_sub" 2 1;
 .timescale 0 0;
    .port_info 0 /INPUT 1 "a";
    .port_info 1 /INPUT 1 "b";
    .port_info 2 /OUTPUT 1 "bor";
    .port_info 3 /OUTPUT 1 "diff";
o000001999f3c7008 .functor BUFZ 1, C4<z>; HiZ drive
o000001999f3c7038 .functor BUFZ 1, C4<z>; HiZ drive
L_000001999f3c6100 .functor XOR 1, o000001999f3c7008, o000001999f3c7038, C4<0>, C4<0>;
L_000001999f392b70 .functor NOT 1, o000001999f3c7008, C4<0>, C4<0>, C4<0>;
L_000001999f392fb0 .functor AND 1, L_000001999f392b70, o000001999f3c7038, C4<1>, C4<1>;
v000001999f392d90_0 .net *"_ivl_2", 0 0, L_000001999f392b70;  1 drivers
v000001999f3c6060_0 .net "a", 0 0, o000001999f3c7008;  0 drivers
v000001999f3926a0_0 .net "b", 0 0, o000001999f3c7038;  0 drivers
v000001999f392740_0 .net "bor", 0 0, L_000001999f392fb0;  1 drivers
v000001999f3927e0_0 .net "diff", 0 0, L_000001999f3c6100;  1 drivers
# The file index is used to find the file name in the following table.
:file_names 3;
    "N/A";
    "<interactive>";
    "half_sub.v";
