#! /c/Source/iverilog-install/bin/vvp
:ivl_version "12.0 (devel)" "(s20150603-1539-g2693dd32b)";
:ivl_delay_selection "TYPICAL";
:vpi_time_precision + 0;
:vpi_module "C:\iverilog\lib\ivl\system.vpi";
:vpi_module "C:\iverilog\lib\ivl\vhdl_sys.vpi";
:vpi_module "C:\iverilog\lib\ivl\vhdl_textio.vpi";
:vpi_module "C:\iverilog\lib\ivl\v2005_math.vpi";
:vpi_module "C:\iverilog\lib\ivl\va_math.vpi";
S_000001e8cbb054c0 .scope module, "half_sub_tb" "half_sub_tb" 2 2;
 .timescale 0 0;
v000001e8cbabbcd0_0 .var "a", 0 0;
v000001e8cbabbd70_0 .var "b", 0 0;
v000001e8cbabbe10_0 .net "bor", 0 0, L_000001e8cbab6790;  1 drivers
v000001e8cbabbeb0_0 .net "diff", 0 0, L_000001e8cbab9290;  1 drivers
S_000001e8cbb05650 .scope module, "sub" "half_sub" 2 5, 3 1 0, S_000001e8cbb054c0;
 .timescale 0 0;
    .port_info 0 /INPUT 1 "a";
    .port_info 1 /INPUT 1 "b";
    .port_info 2 /OUTPUT 1 "bor";
    .port_info 3 /OUTPUT 1 "diff";
L_000001e8cbab9290 .functor XOR 1, v000001e8cbabbcd0_0, v000001e8cbabbd70_0, C4<0>, C4<0>;
L_000001e8cbabeee0 .functor NOT 1, v000001e8cbabbcd0_0, C4<0>, C4<0>, C4<0>;
L_000001e8cbab6790 .functor AND 1, L_000001e8cbabeee0, v000001e8cbabbd70_0, C4<1>, C4<1>;
v000001e8cbab69b0_0 .net *"_ivl_2", 0 0, L_000001e8cbabeee0;  1 drivers
v000001e8cbab6530_0 .net "a", 0 0, v000001e8cbabbcd0_0;  1 drivers
v000001e8cbabee40_0 .net "b", 0 0, v000001e8cbabbd70_0;  1 drivers
v000001e8cbb057e0_0 .net "bor", 0 0, L_000001e8cbab6790;  alias, 1 drivers
v000001e8cbb05880_0 .net "diff", 0 0, L_000001e8cbab9290;  alias, 1 drivers
    .scope S_000001e8cbb054c0;
T_0 ;
    %vpi_call 2 7 "$dumpfile", "half_sub.vcd" {0 0 0};
    %vpi_call 2 8 "$dumpvars", 32'sb00000000000000000000000000000000, S_000001e8cbb054c0 {0 0 0};
    %pushi/vec4 0, 0, 1;
    %store/vec4 v000001e8cbabbcd0_0, 0, 1;
    %pushi/vec4 0, 0, 1;
    %store/vec4 v000001e8cbabbd70_0, 0, 1;
    %delay 2, 0;
    %pushi/vec4 0, 0, 1;
    %store/vec4 v000001e8cbabbcd0_0, 0, 1;
    %pushi/vec4 1, 0, 1;
    %store/vec4 v000001e8cbabbd70_0, 0, 1;
    %delay 2, 0;
    %pushi/vec4 1, 0, 1;
    %store/vec4 v000001e8cbabbcd0_0, 0, 1;
    %pushi/vec4 0, 0, 1;
    %store/vec4 v000001e8cbabbd70_0, 0, 1;
    %delay 2, 0;
    %pushi/vec4 1, 0, 1;
    %store/vec4 v000001e8cbabbcd0_0, 0, 1;
    %pushi/vec4 1, 0, 1;
    %store/vec4 v000001e8cbabbd70_0, 0, 1;
    %delay 2, 0;
    %end;
    .thread T_0;
# The file index is used to find the file name in the following table.
:file_names 4;
    "N/A";
    "<interactive>";
    "half_sub_tb.v";
    "./half_sub.v";
