#! /c/Source/iverilog-install/bin/vvp
:ivl_version "12.0 (devel)" "(s20150603-1539-g2693dd32b)";
:ivl_delay_selection "TYPICAL";
:vpi_time_precision + 0;
:vpi_module "C:\iverilog\lib\ivl\system.vpi";
:vpi_module "C:\iverilog\lib\ivl\vhdl_sys.vpi";
:vpi_module "C:\iverilog\lib\ivl\vhdl_textio.vpi";
:vpi_module "C:\iverilog\lib\ivl\v2005_math.vpi";
:vpi_module "C:\iverilog\lib\ivl\va_math.vpi";
S_0000022c00c35ff0 .scope module, "ring_counter_tb" "ring_counter_tb" 2 2;
 .timescale 0 0;
v0000022c00c36310_0 .var "clk", 0 0;
v0000022c00c363b0_0 .net "q", 3 0, v0000022c00a16780_0;  1 drivers
v0000022c00c7b830_0 .var "rst", 0 0;
S_0000022c00c36180 .scope module, "rc" "ring_counter" 2 5, 3 1 0, S_0000022c00c35ff0;
 .timescale 0 0;
    .port_info 0 /INPUT 1 "clk";
    .port_info 1 /INPUT 1 "rst";
    .port_info 2 /OUTPUT 4 "q";
v0000022c00a169e0_0 .net "clk", 0 0, v0000022c00c36310_0;  1 drivers
v0000022c00a16780_0 .var "q", 3 0;
v0000022c00a1bd60_0 .net "rst", 0 0, v0000022c00c7b830_0;  1 drivers
E_0000022c00c269a0 .event posedge, v0000022c00a169e0_0;
    .scope S_0000022c00c36180;
T_0 ;
    %wait E_0000022c00c269a0;
    %load/vec4 v0000022c00a1bd60_0;
    %flag_set/vec4 8;
    %jmp/0xz  T_0.0, 8;
    %pushi/vec4 8, 0, 4;
    %assign/vec4 v0000022c00a16780_0, 0;
    %jmp T_0.1;
T_0.0 ;
    %load/vec4 v0000022c00a16780_0;
    %parti/s 1, 1, 2;
    %ix/load 4, 0, 0;
    %ix/load 5, 0, 0;
    %flag_set/imm 4, 0;
    %assign/vec4/off/d v0000022c00a16780_0, 4, 5;
    %load/vec4 v0000022c00a16780_0;
    %parti/s 1, 2, 3;
    %ix/load 4, 1, 0;
    %ix/load 5, 0, 0;
    %flag_set/imm 4, 0;
    %assign/vec4/off/d v0000022c00a16780_0, 4, 5;
    %load/vec4 v0000022c00a16780_0;
    %parti/s 1, 3, 3;
    %ix/load 4, 2, 0;
    %ix/load 5, 0, 0;
    %flag_set/imm 4, 0;
    %assign/vec4/off/d v0000022c00a16780_0, 4, 5;
    %load/vec4 v0000022c00a16780_0;
    %parti/s 1, 0, 2;
    %ix/load 4, 3, 0;
    %ix/load 5, 0, 0;
    %flag_set/imm 4, 0;
    %assign/vec4/off/d v0000022c00a16780_0, 4, 5;
T_0.1 ;
    %jmp T_0;
    .thread T_0;
    .scope S_0000022c00c35ff0;
T_1 ;
    %pushi/vec4 0, 0, 1;
    %store/vec4 v0000022c00c36310_0, 0, 1;
T_1.0 ;
    %delay 5, 0;
    %load/vec4 v0000022c00c36310_0;
    %inv;
    %store/vec4 v0000022c00c36310_0, 0, 1;
    %jmp T_1.0;
    %end;
    .thread T_1;
    .scope S_0000022c00c35ff0;
T_2 ;
    %pushi/vec4 1, 0, 1;
    %store/vec4 v0000022c00c7b830_0, 0, 1;
    %delay 10, 0;
    %pushi/vec4 0, 0, 1;
    %store/vec4 v0000022c00c7b830_0, 0, 1;
    %delay 30, 0;
    %pushi/vec4 1, 0, 1;
    %store/vec4 v0000022c00c7b830_0, 0, 1;
    %delay 20, 0;
    %pushi/vec4 0, 0, 1;
    %store/vec4 v0000022c00c7b830_0, 0, 1;
    %vpi_call 2 15 "$finish" {0 0 0};
    %end;
    .thread T_2;
    .scope S_0000022c00c35ff0;
T_3 ;
    %vpi_call 2 18 "$dumpfile", "ring_counter.vcd" {0 0 0};
    %vpi_call 2 19 "$dumpvars", 32'sb00000000000000000000000000000000, S_0000022c00c35ff0 {0 0 0};
    %end;
    .thread T_3;
# The file index is used to find the file name in the following table.
:file_names 4;
    "N/A";
    "<interactive>";
    "ring_counter_tb.v";
    "./ring_counter.v";
