#! /c/Source/iverilog-install/bin/vvp
:ivl_version "12.0 (devel)" "(s20150603-1539-g2693dd32b)";
:ivl_delay_selection "TYPICAL";
:vpi_time_precision + 0;
:vpi_module "C:\iverilog\lib\ivl\system.vpi";
:vpi_module "C:\iverilog\lib\ivl\vhdl_sys.vpi";
:vpi_module "C:\iverilog\lib\ivl\vhdl_textio.vpi";
:vpi_module "C:\iverilog\lib\ivl\v2005_math.vpi";
:vpi_module "C:\iverilog\lib\ivl\va_math.vpi";
S_00000211c6226450 .scope module, "ring_counter" "ring_counter" 2 1;
 .timescale 0 0;
    .port_info 0 /INPUT 1 "clk";
    .port_info 1 /INPUT 1 "rst";
    .port_info 2 /OUTPUT 4 "q";
o00000211c6276fd8 .functor BUFZ 1, C4<z>; HiZ drive
v00000211c62269a0_0 .net "clk", 0 0, o00000211c6276fd8;  0 drivers
v00000211c62265e0_0 .var "q", 3 0;
o00000211c6277038 .functor BUFZ 1, C4<z>; HiZ drive
v00000211c6226680_0 .net "rst", 0 0, o00000211c6277038;  0 drivers
E_00000211c62283e0 .event posedge, v00000211c62269a0_0;
    .scope S_00000211c6226450;
T_0 ;
    %wait E_00000211c62283e0;
    %load/vec4 v00000211c6226680_0;
    %flag_set/vec4 8;
    %jmp/0xz  T_0.0, 8;
    %pushi/vec4 8, 0, 4;
    %assign/vec4 v00000211c62265e0_0, 0;
    %jmp T_0.1;
T_0.0 ;
    %load/vec4 v00000211c62265e0_0;
    %parti/s 1, 1, 2;
    %ix/load 4, 0, 0;
    %ix/load 5, 0, 0;
    %flag_set/imm 4, 0;
    %assign/vec4/off/d v00000211c62265e0_0, 4, 5;
    %load/vec4 v00000211c62265e0_0;
    %parti/s 1, 2, 3;
    %ix/load 4, 1, 0;
    %ix/load 5, 0, 0;
    %flag_set/imm 4, 0;
    %assign/vec4/off/d v00000211c62265e0_0, 4, 5;
    %load/vec4 v00000211c62265e0_0;
    %parti/s 1, 3, 3;
    %ix/load 4, 2, 0;
    %ix/load 5, 0, 0;
    %flag_set/imm 4, 0;
    %assign/vec4/off/d v00000211c62265e0_0, 4, 5;
    %load/vec4 v00000211c62265e0_0;
    %parti/s 1, 0, 2;
    %ix/load 4, 3, 0;
    %ix/load 5, 0, 0;
    %flag_set/imm 4, 0;
    %assign/vec4/off/d v00000211c62265e0_0, 4, 5;
T_0.1 ;
    %jmp T_0;
    .thread T_0;
# The file index is used to find the file name in the following table.
:file_names 3;
    "N/A";
    "<interactive>";
    "ring_counter.v";
