#! /c/Source/iverilog-install/bin/vvp
:ivl_version "12.0 (devel)" "(s20150603-1539-g2693dd32b)";
:ivl_delay_selection "TYPICAL";
:vpi_time_precision + 0;
:vpi_module "C:\iverilog\lib\ivl\system.vpi";
:vpi_module "C:\iverilog\lib\ivl\vhdl_sys.vpi";
:vpi_module "C:\iverilog\lib\ivl\vhdl_textio.vpi";
:vpi_module "C:\iverilog\lib\ivl\v2005_math.vpi";
:vpi_module "C:\iverilog\lib\ivl\va_math.vpi";
S_00000289b7876070 .scope module, "srff" "srff" 2 1;
 .timescale 0 0;
    .port_info 0 /INPUT 1 "s";
    .port_info 1 /INPUT 1 "r";
    .port_info 2 /INPUT 1 "clk";
    .port_info 3 /OUTPUT 1 "q";
    .port_info 4 /OUTPUT 1 "qbar";
o00000289b7706fb8 .functor BUFZ 1, C4<z>; HiZ drive
v00000289b78766b0_0 .net "clk", 0 0, o00000289b7706fb8;  0 drivers
v00000289b787ee70_0 .var "q", 0 0;
v00000289b787ef10_0 .var "qbar", 0 0;
o00000289b7707048 .functor BUFZ 1, C4<z>; HiZ drive
v00000289b7876200_0 .net "r", 0 0, o00000289b7707048;  0 drivers
o00000289b7707078 .functor BUFZ 1, C4<z>; HiZ drive
v00000289b78762a0_0 .net "s", 0 0, o00000289b7707078;  0 drivers
E_00000289b787c3b0 .event posedge, v00000289b78766b0_0;
    .scope S_00000289b7876070;
T_0 ;
    %wait E_00000289b787c3b0;
    %load/vec4 v00000289b78762a0_0;
    %load/vec4 v00000289b7876200_0;
    %concat/vec4; draw_concat_vec4
    %dup/vec4;
    %pushi/vec4 0, 0, 2;
    %cmp/u;
    %jmp/1 T_0.0, 6;
    %dup/vec4;
    %pushi/vec4 1, 0, 2;
    %cmp/u;
    %jmp/1 T_0.1, 6;
    %dup/vec4;
    %pushi/vec4 2, 0, 2;
    %cmp/u;
    %jmp/1 T_0.2, 6;
    %dup/vec4;
    %pushi/vec4 3, 0, 2;
    %cmp/u;
    %jmp/1 T_0.3, 6;
    %jmp T_0.5;
T_0.0 ;
    %load/vec4 v00000289b787ee70_0;
    %load/vec4 v00000289b787ef10_0;
    %concat/vec4; draw_concat_vec4
    %split/vec4 1;
    %assign/vec4 v00000289b787ef10_0, 0;
    %assign/vec4 v00000289b787ee70_0, 0;
    %jmp T_0.5;
T_0.1 ;
    %pushi/vec4 1, 0, 2;
    %split/vec4 1;
    %assign/vec4 v00000289b787ef10_0, 0;
    %assign/vec4 v00000289b787ee70_0, 0;
    %jmp T_0.5;
T_0.2 ;
    %pushi/vec4 2, 0, 2;
    %split/vec4 1;
    %assign/vec4 v00000289b787ef10_0, 0;
    %assign/vec4 v00000289b787ee70_0, 0;
    %jmp T_0.5;
T_0.3 ;
    %pushi/vec4 3, 3, 2;
    %split/vec4 1;
    %assign/vec4 v00000289b787ef10_0, 0;
    %assign/vec4 v00000289b787ee70_0, 0;
    %jmp T_0.5;
T_0.5 ;
    %pop/vec4 1;
    %jmp T_0;
    .thread T_0;
# The file index is used to find the file name in the following table.
:file_names 3;
    "N/A";
    "<interactive>";
    "srff.v";
