#! /c/Source/iverilog-install/bin/vvp
:ivl_version "12.0 (devel)" "(s20150603-1539-g2693dd32b)";
:ivl_delay_selection "TYPICAL";
:vpi_time_precision + 0;
:vpi_module "C:\iverilog\lib\ivl\system.vpi";
:vpi_module "C:\iverilog\lib\ivl\vhdl_sys.vpi";
:vpi_module "C:\iverilog\lib\ivl\vhdl_textio.vpi";
:vpi_module "C:\iverilog\lib\ivl\v2005_math.vpi";
:vpi_module "C:\iverilog\lib\ivl\va_math.vpi";
S_0000021b8d9c6070 .scope module, "srl" "srl" 2 1;
 .timescale 0 0;
    .port_info 0 /INPUT 1 "s";
    .port_info 1 /INPUT 1 "r";
    .port_info 2 /OUTPUT 1 "q";
    .port_info 3 /OUTPUT 1 "qbar";
o0000021b8d8168b8 .functor BUFZ 1, C4<z>; HiZ drive
L_0000021b8d9c6480 .functor OR 1, o0000021b8d8168b8, L_0000021b8d9c68f0, C4<0>, C4<0>;
L_0000021b8d8161a0 .functor NOT 1, L_0000021b8d9c6480, C4<0>, C4<0>, C4<0>;
o0000021b8d8168e8 .functor BUFZ 1, C4<z>; HiZ drive
L_0000021b8d9c6af0 .functor OR 1, o0000021b8d8168e8, L_0000021b8d8161a0, C4<0>, C4<0>;
L_0000021b8d9c68f0 .functor NOT 1, L_0000021b8d9c6af0, C4<0>, C4<0>, C4<0>;
v0000021b8d816100_0 .net *"_ivl_0", 0 0, L_0000021b8d9c6480;  1 drivers
v0000021b8d9c6200_0 .net *"_ivl_4", 0 0, L_0000021b8d9c6af0;  1 drivers
v0000021b8d9c62a0_0 .net "q", 0 0, L_0000021b8d8161a0;  1 drivers
v0000021b8d9c6340_0 .net "qbar", 0 0, L_0000021b8d9c68f0;  1 drivers
v0000021b8d9c63e0_0 .net "r", 0 0, o0000021b8d8168b8;  0 drivers
v0000021b8d9cd7b0_0 .net "s", 0 0, o0000021b8d8168e8;  0 drivers
# The file index is used to find the file name in the following table.
:file_names 3;
    "N/A";
    "<interactive>";
    "srl.v";
