#! /c/Source/iverilog-install/bin/vvp
:ivl_version "12.0 (devel)" "(s20150603-1539-g2693dd32b)";
:ivl_delay_selection "TYPICAL";
:vpi_time_precision + 0;
:vpi_module "C:\iverilog\lib\ivl\system.vpi";
:vpi_module "C:\iverilog\lib\ivl\vhdl_sys.vpi";
:vpi_module "C:\iverilog\lib\ivl\vhdl_textio.vpi";
:vpi_module "C:\iverilog\lib\ivl\v2005_math.vpi";
:vpi_module "C:\iverilog\lib\ivl\va_math.vpi";
S_000001ef4c2350c0 .scope module, "srl_tb" "srl_tb" 2 2;
 .timescale 0 0;
v000001ef4c1cb900_0 .net "en", 0 0, L_000001ef4c1c8660;  1 drivers
v000001ef4c1cb9a0_0 .net "q", 0 0, L_000001ef4c1c8b40;  1 drivers
v000001ef4c1cba40_0 .var "r", 0 0;
v000001ef4c1cbae0_0 .var "s", 0 0;
S_000001ef4c235250 .scope module, "s1" "srl" 2 5, 3 1 0, S_000001ef4c2350c0;
 .timescale 0 0;
    .port_info 0 /INPUT 1 "s";
    .port_info 1 /INPUT 1 "r";
    .port_info 2 /OUTPUT 1 "q";
    .port_info 3 /OUTPUT 1 "qbar";
L_000001ef4c1c9590 .functor OR 1, v000001ef4c1cba40_0, L_000001ef4c1c8b40, C4<0>, C4<0>;
L_000001ef4c1c8660 .functor NOT 1, L_000001ef4c1c9590, C4<0>, C4<0>, C4<0>;
L_000001ef4c1c64b0 .functor OR 1, v000001ef4c1cbae0_0, L_000001ef4c1c8660, C4<0>, C4<0>;
L_000001ef4c1c8b40 .functor NOT 1, L_000001ef4c1c64b0, C4<0>, C4<0>, C4<0>;
v000001ef4c1c8aa0_0 .net *"_ivl_0", 0 0, L_000001ef4c1c9590;  1 drivers
v000001ef4c1c85c0_0 .net *"_ivl_4", 0 0, L_000001ef4c1c64b0;  1 drivers
v000001ef4c2353e0_0 .net "q", 0 0, L_000001ef4c1c8660;  alias, 1 drivers
v000001ef4c235480_0 .net "qbar", 0 0, L_000001ef4c1c8b40;  alias, 1 drivers
v000001ef4c1cb7c0_0 .net "r", 0 0, v000001ef4c1cba40_0;  1 drivers
v000001ef4c1cb860_0 .net "s", 0 0, v000001ef4c1cbae0_0;  1 drivers
    .scope S_000001ef4c2350c0;
T_0 ;
    %vpi_call 2 7 "$dumpfile", "sr_latch.vcd" {0 0 0};
    %vpi_call 2 8 "$dumpvars", 32'sb00000000000000000000000000000000, S_000001ef4c2350c0 {0 0 0};
    %delay 2, 0;
    %pushi/vec4 0, 0, 1;
    %store/vec4 v000001ef4c1cbae0_0, 0, 1;
    %pushi/vec4 0, 0, 1;
    %store/vec4 v000001ef4c1cba40_0, 0, 1;
    %delay 2, 0;
    %pushi/vec4 0, 0, 1;
    %store/vec4 v000001ef4c1cbae0_0, 0, 1;
    %pushi/vec4 1, 0, 1;
    %store/vec4 v000001ef4c1cba40_0, 0, 1;
    %delay 2, 0;
    %pushi/vec4 1, 0, 1;
    %store/vec4 v000001ef4c1cbae0_0, 0, 1;
    %pushi/vec4 0, 0, 1;
    %store/vec4 v000001ef4c1cba40_0, 0, 1;
    %delay 2, 0;
    %pushi/vec4 1, 0, 1;
    %store/vec4 v000001ef4c1cbae0_0, 0, 1;
    %pushi/vec4 1, 0, 1;
    %store/vec4 v000001ef4c1cba40_0, 0, 1;
    %end;
    .thread T_0;
# The file index is used to find the file name in the following table.
:file_names 4;
    "N/A";
    "<interactive>";
    "srl_tb.v";
    "./srl.v";
