#! /c/Source/iverilog-install/bin/vvp
:ivl_version "12.0 (devel)" "(s20150603-1539-g2693dd32b)";
:ivl_delay_selection "TYPICAL";
:vpi_time_precision + 0;
:vpi_module "C:\iverilog\lib\ivl\system.vpi";
:vpi_module "C:\iverilog\lib\ivl\vhdl_sys.vpi";
:vpi_module "C:\iverilog\lib\ivl\vhdl_textio.vpi";
:vpi_module "C:\iverilog\lib\ivl\v2005_math.vpi";
:vpi_module "C:\iverilog\lib\ivl\va_math.vpi";
S_0000027fb2a4d810 .scope module, "jkff_tb" "jkff_tb" 2 2;
 .timescale 0 0;
v0000027fb2a93870_0 .var "clk", 0 0;
v0000027fb2a93910_0 .var "j", 0 0;
v0000027fb2a939b0_0 .var "k", 0 0;
v0000027fb2a93a50_0 .net "q", 0 0, v0000027fb2a4bdf0_0;  1 drivers
v0000027fb2a93af0_0 .net "qbar", 0 0, v0000027fb2a4be90_0;  1 drivers
v0000027fb2a93b90_0 .var "rst", 0 0;
S_0000027fb2a4d9a0 .scope module, "jf" "jkff" 2 5, 3 1 0, S_0000027fb2a4d810;
 .timescale 0 0;
    .port_info 0 /INPUT 1 "j";
    .port_info 1 /INPUT 1 "k";
    .port_info 2 /INPUT 1 "clk";
    .port_info 3 /INPUT 1 "rst";
    .port_info 4 /OUTPUT 1 "q";
    .port_info 5 /OUTPUT 1 "qbar";
v0000027fb2a466f0_0 .net "clk", 0 0, v0000027fb2a93870_0;  1 drivers
v0000027fb2a4db30_0 .net "j", 0 0, v0000027fb2a93910_0;  1 drivers
v0000027fb2a4dbd0_0 .net "k", 0 0, v0000027fb2a939b0_0;  1 drivers
v0000027fb2a4bdf0_0 .var "q", 0 0;
v0000027fb2a4be90_0 .var "qbar", 0 0;
v0000027fb2a937d0_0 .net "rst", 0 0, v0000027fb2a93b90_0;  1 drivers
E_0000027fb2a9a240 .event posedge, v0000027fb2a466f0_0;
    .scope S_0000027fb2a4d9a0;
T_0 ;
    %wait E_0000027fb2a9a240;
    %load/vec4 v0000027fb2a937d0_0;
    %flag_set/vec4 8;
    %jmp/0xz  T_0.0, 8;
    %pushi/vec4 1, 0, 2;
    %split/vec4 1;
    %assign/vec4 v0000027fb2a4be90_0, 0;
    %assign/vec4 v0000027fb2a4bdf0_0, 0;
    %jmp T_0.1;
T_0.0 ;
    %load/vec4 v0000027fb2a4db30_0;
    %load/vec4 v0000027fb2a4dbd0_0;
    %concat/vec4; draw_concat_vec4
    %dup/vec4;
    %pushi/vec4 0, 0, 2;
    %cmp/u;
    %jmp/1 T_0.2, 6;
    %dup/vec4;
    %pushi/vec4 1, 0, 2;
    %cmp/u;
    %jmp/1 T_0.3, 6;
    %dup/vec4;
    %pushi/vec4 2, 0, 2;
    %cmp/u;
    %jmp/1 T_0.4, 6;
    %dup/vec4;
    %pushi/vec4 3, 0, 2;
    %cmp/u;
    %jmp/1 T_0.5, 6;
    %jmp T_0.7;
T_0.2 ;
    %load/vec4 v0000027fb2a4bdf0_0;
    %load/vec4 v0000027fb2a4be90_0;
    %concat/vec4; draw_concat_vec4
    %split/vec4 1;
    %assign/vec4 v0000027fb2a4be90_0, 0;
    %assign/vec4 v0000027fb2a4bdf0_0, 0;
    %jmp T_0.7;
T_0.3 ;
    %pushi/vec4 1, 0, 2;
    %split/vec4 1;
    %assign/vec4 v0000027fb2a4be90_0, 0;
    %assign/vec4 v0000027fb2a4bdf0_0, 0;
    %jmp T_0.7;
T_0.4 ;
    %pushi/vec4 2, 0, 2;
    %split/vec4 1;
    %assign/vec4 v0000027fb2a4be90_0, 0;
    %assign/vec4 v0000027fb2a4bdf0_0, 0;
    %jmp T_0.7;
T_0.5 ;
    %load/vec4 v0000027fb2a4bdf0_0;
    %inv;
    %load/vec4 v0000027fb2a4bdf0_0;
    %concat/vec4; draw_concat_vec4
    %split/vec4 1;
    %assign/vec4 v0000027fb2a4be90_0, 0;
    %assign/vec4 v0000027fb2a4bdf0_0, 0;
    %jmp T_0.7;
T_0.7 ;
    %pop/vec4 1;
T_0.1 ;
    %jmp T_0;
    .thread T_0;
    .scope S_0000027fb2a4d810;
T_1 ;
    %pushi/vec4 0, 0, 1;
    %store/vec4 v0000027fb2a93870_0, 0, 1;
T_1.0 ;
    %delay 5, 0;
    %load/vec4 v0000027fb2a93870_0;
    %inv;
    %store/vec4 v0000027fb2a93870_0, 0, 1;
    %jmp T_1.0;
    %end;
    .thread T_1;
    .scope S_0000027fb2a4d810;
T_2 ;
    %pushi/vec4 1, 0, 1;
    %store/vec4 v0000027fb2a93b90_0, 0, 1;
    %delay 10, 0;
    %pushi/vec4 0, 0, 1;
    %store/vec4 v0000027fb2a93b90_0, 0, 1;
    %pushi/vec4 0, 0, 1;
    %store/vec4 v0000027fb2a93910_0, 0, 1;
    %pushi/vec4 0, 0, 1;
    %store/vec4 v0000027fb2a939b0_0, 0, 1;
    %delay 10, 0;
    %pushi/vec4 0, 0, 1;
    %store/vec4 v0000027fb2a93910_0, 0, 1;
    %pushi/vec4 1, 0, 1;
    %store/vec4 v0000027fb2a939b0_0, 0, 1;
    %delay 10, 0;
    %pushi/vec4 1, 0, 1;
    %store/vec4 v0000027fb2a93910_0, 0, 1;
    %pushi/vec4 0, 0, 1;
    %store/vec4 v0000027fb2a939b0_0, 0, 1;
    %delay 10, 0;
    %pushi/vec4 1, 0, 1;
    %store/vec4 v0000027fb2a93910_0, 0, 1;
    %pushi/vec4 1, 0, 1;
    %store/vec4 v0000027fb2a939b0_0, 0, 1;
    %delay 10, 0;
    %vpi_call 2 16 "$finish" {0 0 0};
    %end;
    .thread T_2;
    .scope S_0000027fb2a4d810;
T_3 ;
    %vpi_call 2 19 "$dumpfile", "jkff.vcd" {0 0 0};
    %vpi_call 2 20 "$dumpvars", 32'sb00000000000000000000000000000000, S_0000027fb2a4d810 {0 0 0};
    %end;
    .thread T_3;
# The file index is used to find the file name in the following table.
:file_names 4;
    "N/A";
    "<interactive>";
    "jkff_tb.v";
    "./jkff.v";
