#! /c/Source/iverilog-install/bin/vvp
:ivl_version "12.0 (devel)" "(s20150603-1539-g2693dd32b)";
:ivl_delay_selection "TYPICAL";
:vpi_time_precision + 0;
:vpi_module "C:\iverilog\lib\ivl\system.vpi";
:vpi_module "C:\iverilog\lib\ivl\vhdl_sys.vpi";
:vpi_module "C:\iverilog\lib\ivl\vhdl_textio.vpi";
:vpi_module "C:\iverilog\lib\ivl\v2005_math.vpi";
:vpi_module "C:\iverilog\lib\ivl\va_math.vpi";
S_000001bf81b3bbe0 .scope module, "sipo_tb" "sipo_tb" 2 2;
 .timescale 0 0;
v000001bf81a61250_0 .var "clk", 0 0;
v000001bf81a612f0_0 .var "d", 0 0;
v000001bf81a60e90_0 .net "q", 3 0, L_000001bf81a616b0;  1 drivers
S_000001bf81a55760 .scope module, "s1" "sipo" 2 5, 3 1 0, S_000001bf81b3bbe0;
 .timescale 0 0;
    .port_info 0 /INPUT 1 "d";
    .port_info 1 /INPUT 1 "clk";
    .port_info 2 /OUTPUT 4 "q";
v000001bf81a60bc0_0 .net "clk", 0 0, v000001bf81a61250_0;  1 drivers
v000001bf81a60df0_0 .net "d", 0 0, v000001bf81a612f0_0;  1 drivers
v000001bf81a61430_0 .net "q", 3 0, L_000001bf81a616b0;  alias, 1 drivers
L_000001bf81a60f30 .part L_000001bf81a616b0, 3, 1;
L_000001bf81a61110 .part L_000001bf81a616b0, 2, 1;
L_000001bf81a60fd0 .part L_000001bf81a616b0, 1, 1;
L_000001bf81a616b0 .concat8 [ 1 1 1 1], v000001bf81a60b20_0, v000001bf81b364c0_0, v000001bf81a58ac0_0, v000001bf81a57f80_0;
S_000001bf81b3cea0 .scope module, "d1" "dff" 3 4, 3 11 0, S_000001bf81a55760;
 .timescale 0 0;
    .port_info 0 /INPUT 1 "d";
    .port_info 1 /INPUT 1 "clk";
    .port_info 2 /OUTPUT 1 "q";
v000001bf81a58830_0 .net "clk", 0 0, v000001bf81a61250_0;  alias, 1 drivers
v000001bf81b36990_0 .net "d", 0 0, v000001bf81a612f0_0;  alias, 1 drivers
v000001bf81a57f80_0 .var "q", 0 0;
E_000001bf81b3a890 .event posedge, v000001bf81a58830_0;
S_000001bf81b3d030 .scope module, "d2" "dff" 3 5, 3 11 0, S_000001bf81a55760;
 .timescale 0 0;
    .port_info 0 /INPUT 1 "d";
    .port_info 1 /INPUT 1 "clk";
    .port_info 2 /OUTPUT 1 "q";
v000001bf81a58970_0 .net "clk", 0 0, v000001bf81a61250_0;  alias, 1 drivers
v000001bf81a558f0_0 .net "d", 0 0, L_000001bf81a60f30;  1 drivers
v000001bf81a58ac0_0 .var "q", 0 0;
S_000001bf81b36330 .scope module, "d3" "dff" 3 6, 3 11 0, S_000001bf81a55760;
 .timescale 0 0;
    .port_info 0 /INPUT 1 "d";
    .port_info 1 /INPUT 1 "clk";
    .port_info 2 /OUTPUT 1 "q";
v000001bf81b3d1c0_0 .net "clk", 0 0, v000001bf81a61250_0;  alias, 1 drivers
v000001bf81b3d260_0 .net "d", 0 0, L_000001bf81a61110;  1 drivers
v000001bf81b364c0_0 .var "q", 0 0;
S_000001bf81b36560 .scope module, "d4" "dff" 3 7, 3 11 0, S_000001bf81a55760;
 .timescale 0 0;
    .port_info 0 /INPUT 1 "d";
    .port_info 1 /INPUT 1 "clk";
    .port_info 2 /OUTPUT 1 "q";
v000001bf81b366f0_0 .net "clk", 0 0, v000001bf81a61250_0;  alias, 1 drivers
v000001bf81a60a80_0 .net "d", 0 0, L_000001bf81a60fd0;  1 drivers
v000001bf81a60b20_0 .var "q", 0 0;
    .scope S_000001bf81b3cea0;
T_0 ;
    %pushi/vec4 0, 0, 1;
    %store/vec4 v000001bf81a57f80_0, 0, 1;
    %end;
    .thread T_0;
    .scope S_000001bf81b3cea0;
T_1 ;
    %wait E_000001bf81b3a890;
    %load/vec4 v000001bf81b36990_0;
    %assign/vec4 v000001bf81a57f80_0, 0;
    %jmp T_1;
    .thread T_1;
    .scope S_000001bf81b3d030;
T_2 ;
    %pushi/vec4 0, 0, 1;
    %store/vec4 v000001bf81a58ac0_0, 0, 1;
    %end;
    .thread T_2;
    .scope S_000001bf81b3d030;
T_3 ;
    %wait E_000001bf81b3a890;
    %load/vec4 v000001bf81a558f0_0;
    %assign/vec4 v000001bf81a58ac0_0, 0;
    %jmp T_3;
    .thread T_3;
    .scope S_000001bf81b36330;
T_4 ;
    %pushi/vec4 0, 0, 1;
    %store/vec4 v000001bf81b364c0_0, 0, 1;
    %end;
    .thread T_4;
    .scope S_000001bf81b36330;
T_5 ;
    %wait E_000001bf81b3a890;
    %load/vec4 v000001bf81b3d260_0;
    %assign/vec4 v000001bf81b364c0_0, 0;
    %jmp T_5;
    .thread T_5;
    .scope S_000001bf81b36560;
T_6 ;
    %pushi/vec4 0, 0, 1;
    %store/vec4 v000001bf81a60b20_0, 0, 1;
    %end;
    .thread T_6;
    .scope S_000001bf81b36560;
T_7 ;
    %wait E_000001bf81b3a890;
    %load/vec4 v000001bf81a60a80_0;
    %assign/vec4 v000001bf81a60b20_0, 0;
    %jmp T_7;
    .thread T_7;
    .scope S_000001bf81b3bbe0;
T_8 ;
    %vpi_call 2 7 "$dumpfile", "sipo.vcd" {0 0 0};
    %vpi_call 2 8 "$dumpvars", 32'sb00000000000000000000000000000000, S_000001bf81b3bbe0 {0 0 0};
    %end;
    .thread T_8;
    .scope S_000001bf81b3bbe0;
T_9 ;
    %pushi/vec4 0, 0, 1;
    %store/vec4 v000001bf81a61250_0, 0, 1;
T_9.0 ;
    %delay 5, 0;
    %load/vec4 v000001bf81a61250_0;
    %inv;
    %store/vec4 v000001bf81a61250_0, 0, 1;
    %jmp T_9.0;
    %end;
    .thread T_9;
    .scope S_000001bf81b3bbe0;
T_10 ;
    %delay 1, 0;
    %pushi/vec4 1, 0, 1;
    %store/vec4 v000001bf81a612f0_0, 0, 1;
    %delay 2, 0;
    %pushi/vec4 0, 0, 1;
    %store/vec4 v000001bf81a612f0_0, 0, 1;
    %delay 2, 0;
    %pushi/vec4 0, 0, 1;
    %store/vec4 v000001bf81a612f0_0, 0, 1;
    %delay 2, 0;
    %pushi/vec4 1, 0, 1;
    %store/vec4 v000001bf81a612f0_0, 0, 1;
    %vpi_call 2 19 "$finish" {0 0 0};
    %end;
    .thread T_10;
# The file index is used to find the file name in the following table.
:file_names 4;
    "N/A";
    "<interactive>";
    "sipo_tb.v";
    "./sipo.v";
