#! /c/Source/iverilog-install/bin/vvp
:ivl_version "12.0 (devel)" "(s20150603-1539-g2693dd32b)";
:ivl_delay_selection "TYPICAL";
:vpi_time_precision + 0;
:vpi_module "C:\iverilog\lib\ivl\system.vpi";
:vpi_module "C:\iverilog\lib\ivl\vhdl_sys.vpi";
:vpi_module "C:\iverilog\lib\ivl\vhdl_textio.vpi";
:vpi_module "C:\iverilog\lib\ivl\v2005_math.vpi";
:vpi_module "C:\iverilog\lib\ivl\va_math.vpi";
S_0000026871ba8160 .scope module, "johnson_counter" "johnson_counter" 2 1;
 .timescale 0 0;
    .port_info 0 /INPUT 1 "clk";
    .port_info 1 /INPUT 1 "rst";
    .port_info 2 /OUTPUT 4 "q";
L_0000026871b66be0 .functor NOT 1, L_0000026871bb17f0, C4<0>, C4<0>, C4<0>;
v0000026871bb1610_0 .net *"_ivl_1", 0 0, L_0000026871bb17f0;  1 drivers
o0000026871bb6f98 .functor BUFZ 1, C4<z>; HiZ drive
v0000026871bb1390_0 .net "clk", 0 0, o0000026871bb6f98;  0 drivers
v0000026871bb16b0_0 .net "q", 3 0, L_0000026871bb1930;  1 drivers
o0000026871bb7058 .functor BUFZ 1, C4<z>; HiZ drive
v0000026871bb11b0_0 .net "rst", 0 0, o0000026871bb7058;  0 drivers
o0000026871bb6fc8 .functor BUFZ 1, C4<z>; HiZ drive
v0000026871bb1e30_0 .net "w", 0 0, o0000026871bb6fc8;  0 drivers
v0000026871bb1250_0 .net "w1", 0 0, L_0000026871b66be0;  1 drivers
L_0000026871bb17f0 .part L_0000026871bb1930, 3, 1;
L_0000026871bb1bb0 .part L_0000026871bb1930, 0, 1;
L_0000026871bb1890 .part L_0000026871bb1930, 1, 1;
L_0000026871bb1b10 .part L_0000026871bb1930, 2, 1;
L_0000026871bb1930 .concat8 [ 1 1 1 1], v0000026871bab390_0, v0000026871bb6b40_0, v0000026871bb1750_0, v0000026871bb1cf0_0;
S_0000026871bb6780 .scope module, "d1" "dff" 2 7, 2 14 0, S_0000026871ba8160;
 .timescale 0 0;
    .port_info 0 /INPUT 1 "d";
    .port_info 1 /INPUT 1 "clk";
    .port_info 2 /INPUT 1 "rst";
    .port_info 3 /OUTPUT 1 "q";
    .port_info 4 /OUTPUT 1 "qbar";
v0000026871b669a0_0 .net "clk", 0 0, o0000026871bb6f98;  alias, 0 drivers
v0000026871b66740_0 .net "d", 0 0, o0000026871bb6fc8;  alias, 0 drivers
v0000026871bab390_0 .var "q", 0 0;
v0000026871ba7f00_0 .var "qbar", 0 0;
v0000026871baa470_0 .net "rst", 0 0, o0000026871bb7058;  alias, 0 drivers
E_0000026871ba5ca0 .event posedge, v0000026871b669a0_0;
S_0000026871bb6910 .scope module, "d2" "dff" 2 8, 2 14 0, S_0000026871ba8160;
 .timescale 0 0;
    .port_info 0 /INPUT 1 "d";
    .port_info 1 /INPUT 1 "clk";
    .port_info 2 /INPUT 1 "rst";
    .port_info 3 /OUTPUT 1 "q";
    .port_info 4 /OUTPUT 1 "qbar";
v0000026871baa510_0 .net "clk", 0 0, o0000026871bb6f98;  alias, 0 drivers
v0000026871bb6aa0_0 .net "d", 0 0, L_0000026871bb1bb0;  1 drivers
v0000026871bb6b40_0 .var "q", 0 0;
v0000026871bb0d50_0 .var "qbar", 0 0;
v0000026871bb0df0_0 .net "rst", 0 0, o0000026871bb7058;  alias, 0 drivers
S_0000026871bb0e90 .scope module, "d3" "dff" 2 9, 2 14 0, S_0000026871ba8160;
 .timescale 0 0;
    .port_info 0 /INPUT 1 "d";
    .port_info 1 /INPUT 1 "clk";
    .port_info 2 /INPUT 1 "rst";
    .port_info 3 /OUTPUT 1 "q";
    .port_info 4 /OUTPUT 1 "qbar";
v0000026871bb1020_0 .net "clk", 0 0, o0000026871bb6f98;  alias, 0 drivers
v0000026871bb1a70_0 .net "d", 0 0, L_0000026871bb1890;  1 drivers
v0000026871bb1750_0 .var "q", 0 0;
v0000026871bb12f0_0 .var "qbar", 0 0;
v0000026871bb1430_0 .net "rst", 0 0, o0000026871bb7058;  alias, 0 drivers
S_0000026871bb20d0 .scope module, "d4" "dff" 2 10, 2 14 0, S_0000026871ba8160;
 .timescale 0 0;
    .port_info 0 /INPUT 1 "d";
    .port_info 1 /INPUT 1 "clk";
    .port_info 2 /INPUT 1 "rst";
    .port_info 3 /OUTPUT 1 "q";
    .port_info 4 /OUTPUT 1 "qbar";
v0000026871bb19d0_0 .net "clk", 0 0, o0000026871bb6f98;  alias, 0 drivers
v0000026871bb14d0_0 .net "d", 0 0, L_0000026871bb1b10;  1 drivers
v0000026871bb1cf0_0 .var "q", 0 0;
v0000026871bb1d90_0 .var "qbar", 0 0;
v0000026871bb1570_0 .net "rst", 0 0, o0000026871bb7058;  alias, 0 drivers
    .scope S_0000026871bb6780;
T_0 ;
    %wait E_0000026871ba5ca0;
    %load/vec4 v0000026871baa470_0;
    %flag_set/vec4 8;
    %jmp/0xz  T_0.0, 8;
    %pushi/vec4 1, 0, 2;
    %split/vec4 1;
    %assign/vec4 v0000026871ba7f00_0, 0;
    %assign/vec4 v0000026871bab390_0, 0;
    %jmp T_0.1;
T_0.0 ;
    %load/vec4 v0000026871b66740_0;
    %load/vec4 v0000026871b66740_0;
    %inv;
    %concat/vec4; draw_concat_vec4
    %split/vec4 1;
    %assign/vec4 v0000026871ba7f00_0, 0;
    %assign/vec4 v0000026871bab390_0, 0;
T_0.1 ;
    %jmp T_0;
    .thread T_0;
    .scope S_0000026871bb6910;
T_1 ;
    %wait E_0000026871ba5ca0;
    %load/vec4 v0000026871bb0df0_0;
    %flag_set/vec4 8;
    %jmp/0xz  T_1.0, 8;
    %pushi/vec4 1, 0, 2;
    %split/vec4 1;
    %assign/vec4 v0000026871bb0d50_0, 0;
    %assign/vec4 v0000026871bb6b40_0, 0;
    %jmp T_1.1;
T_1.0 ;
    %load/vec4 v0000026871bb6aa0_0;
    %load/vec4 v0000026871bb6aa0_0;
    %inv;
    %concat/vec4; draw_concat_vec4
    %split/vec4 1;
    %assign/vec4 v0000026871bb0d50_0, 0;
    %assign/vec4 v0000026871bb6b40_0, 0;
T_1.1 ;
    %jmp T_1;
    .thread T_1;
    .scope S_0000026871bb0e90;
T_2 ;
    %wait E_0000026871ba5ca0;
    %load/vec4 v0000026871bb1430_0;
    %flag_set/vec4 8;
    %jmp/0xz  T_2.0, 8;
    %pushi/vec4 1, 0, 2;
    %split/vec4 1;
    %assign/vec4 v0000026871bb12f0_0, 0;
    %assign/vec4 v0000026871bb1750_0, 0;
    %jmp T_2.1;
T_2.0 ;
    %load/vec4 v0000026871bb1a70_0;
    %load/vec4 v0000026871bb1a70_0;
    %inv;
    %concat/vec4; draw_concat_vec4
    %split/vec4 1;
    %assign/vec4 v0000026871bb12f0_0, 0;
    %assign/vec4 v0000026871bb1750_0, 0;
T_2.1 ;
    %jmp T_2;
    .thread T_2;
    .scope S_0000026871bb20d0;
T_3 ;
    %wait E_0000026871ba5ca0;
    %load/vec4 v0000026871bb1570_0;
    %flag_set/vec4 8;
    %jmp/0xz  T_3.0, 8;
    %pushi/vec4 1, 0, 2;
    %split/vec4 1;
    %assign/vec4 v0000026871bb1d90_0, 0;
    %assign/vec4 v0000026871bb1cf0_0, 0;
    %jmp T_3.1;
T_3.0 ;
    %load/vec4 v0000026871bb14d0_0;
    %load/vec4 v0000026871bb14d0_0;
    %inv;
    %concat/vec4; draw_concat_vec4
    %split/vec4 1;
    %assign/vec4 v0000026871bb1d90_0, 0;
    %assign/vec4 v0000026871bb1cf0_0, 0;
T_3.1 ;
    %jmp T_3;
    .thread T_3;
# The file index is used to find the file name in the following table.
:file_names 3;
    "N/A";
    "<interactive>";
    "johnson_counter.v";
