#! /c/Source/iverilog-install/bin/vvp
:ivl_version "12.0 (devel)" "(s20150603-1539-g2693dd32b)";
:ivl_delay_selection "TYPICAL";
:vpi_time_precision + 0;
:vpi_module "C:\iverilog\lib\ivl\system.vpi";
:vpi_module "C:\iverilog\lib\ivl\vhdl_sys.vpi";
:vpi_module "C:\iverilog\lib\ivl\vhdl_textio.vpi";
:vpi_module "C:\iverilog\lib\ivl\v2005_math.vpi";
:vpi_module "C:\iverilog\lib\ivl\va_math.vpi";
S_000002c2ae16bd50 .scope module, "enc8to3_tb" "enc8to3_tb" 2 2;
 .timescale 0 0;
v000002c2ae16d990_0 .var "en", 0 0;
v000002c2ae16da30_0 .var "in", 7 0;
v000002c2ae16dad0_0 .net "y", 2 0, v000002c2ae16bee0_0;  1 drivers
S_000002c2ae16d800 .scope module, "ens" "enc8to3" 2 6, 3 1 0, S_000002c2ae16bd50;
 .timescale 0 0;
    .port_info 0 /INPUT 8 "in";
    .port_info 1 /INPUT 1 "en";
    .port_info 2 /OUTPUT 3 "y";
v000002c2ae1668e0_0 .net "en", 0 0, v000002c2ae16d990_0;  1 drivers
v000002c2ae166b00_0 .net "in", 7 0, v000002c2ae16da30_0;  1 drivers
v000002c2ae16bee0_0 .var "y", 2 0;
E_000002c2ae168d70 .event anyedge, v000002c2ae1668e0_0, v000002c2ae166b00_0;
    .scope S_000002c2ae16d800;
T_0 ;
    %wait E_000002c2ae168d70;
    %load/vec4 v000002c2ae1668e0_0;
    %pad/u 32;
    %cmpi/e 0, 0, 32;
    %jmp/0xz  T_0.0, 4;
    %pushi/vec4 7, 7, 3;
    %store/vec4 v000002c2ae16bee0_0, 0, 3;
    %jmp T_0.1;
T_0.0 ;
    %load/vec4 v000002c2ae166b00_0;
    %dup/vec4;
    %pushi/vec4 1, 0, 8;
    %cmp/u;
    %jmp/1 T_0.2, 6;
    %dup/vec4;
    %pushi/vec4 2, 0, 8;
    %cmp/u;
    %jmp/1 T_0.3, 6;
    %dup/vec4;
    %pushi/vec4 4, 0, 8;
    %cmp/u;
    %jmp/1 T_0.4, 6;
    %dup/vec4;
    %pushi/vec4 8, 0, 8;
    %cmp/u;
    %jmp/1 T_0.5, 6;
    %dup/vec4;
    %pushi/vec4 16, 0, 8;
    %cmp/u;
    %jmp/1 T_0.6, 6;
    %dup/vec4;
    %pushi/vec4 32, 0, 8;
    %cmp/u;
    %jmp/1 T_0.7, 6;
    %dup/vec4;
    %pushi/vec4 64, 0, 8;
    %cmp/u;
    %jmp/1 T_0.8, 6;
    %dup/vec4;
    %pushi/vec4 128, 0, 8;
    %cmp/u;
    %jmp/1 T_0.9, 6;
    %pushi/vec4 0, 7, 3;
    %store/vec4 v000002c2ae16bee0_0, 0, 3;
    %jmp T_0.11;
T_0.2 ;
    %pushi/vec4 0, 0, 3;
    %store/vec4 v000002c2ae16bee0_0, 0, 3;
    %jmp T_0.11;
T_0.3 ;
    %pushi/vec4 1, 0, 3;
    %store/vec4 v000002c2ae16bee0_0, 0, 3;
    %jmp T_0.11;
T_0.4 ;
    %pushi/vec4 2, 0, 3;
    %store/vec4 v000002c2ae16bee0_0, 0, 3;
    %jmp T_0.11;
T_0.5 ;
    %pushi/vec4 3, 0, 3;
    %store/vec4 v000002c2ae16bee0_0, 0, 3;
    %jmp T_0.11;
T_0.6 ;
    %pushi/vec4 4, 0, 3;
    %store/vec4 v000002c2ae16bee0_0, 0, 3;
    %jmp T_0.11;
T_0.7 ;
    %pushi/vec4 5, 0, 3;
    %store/vec4 v000002c2ae16bee0_0, 0, 3;
    %jmp T_0.11;
T_0.8 ;
    %pushi/vec4 6, 0, 3;
    %store/vec4 v000002c2ae16bee0_0, 0, 3;
    %jmp T_0.11;
T_0.9 ;
    %pushi/vec4 7, 0, 3;
    %store/vec4 v000002c2ae16bee0_0, 0, 3;
    %jmp T_0.11;
T_0.11 ;
    %pop/vec4 1;
T_0.1 ;
    %jmp T_0;
    .thread T_0, $push;
    .scope S_000002c2ae16bd50;
T_1 ;
    %vpi_call 2 8 "$dumpfile", "enc8to3.vcd" {0 0 0};
    %vpi_call 2 9 "$dumpvars", 32'sb00000000000000000000000000000000, S_000002c2ae16bd50 {0 0 0};
    %pushi/vec4 0, 0, 1;
    %store/vec4 v000002c2ae16d990_0, 0, 1;
    %pushi/vec4 100, 0, 8;
    %store/vec4 v000002c2ae16da30_0, 0, 8;
    %delay 2, 0;
    %pushi/vec4 1, 0, 1;
    %store/vec4 v000002c2ae16d990_0, 0, 1;
    %pushi/vec4 16, 0, 8;
    %store/vec4 v000002c2ae16da30_0, 0, 8;
    %delay 2, 0;
    %pushi/vec4 0, 0, 8;
    %store/vec4 v000002c2ae16da30_0, 0, 8;
    %delay 2, 0;
    %pushi/vec4 128, 0, 8;
    %store/vec4 v000002c2ae16da30_0, 0, 8;
    %delay 2, 0;
    %pushi/vec4 10, 0, 8;
    %store/vec4 v000002c2ae16da30_0, 0, 8;
    %delay 2, 0;
    %pushi/vec4 160, 0, 8;
    %store/vec4 v000002c2ae16da30_0, 0, 8;
    %delay 2, 0;
    %pushi/vec4 164, 0, 8;
    %store/vec4 v000002c2ae16da30_0, 0, 8;
    %end;
    .thread T_1;
# The file index is used to find the file name in the following table.
:file_names 4;
    "N/A";
    "<interactive>";
    "enc8to3_tb.v";
    "./enc8to3.v";
