#! /c/Source/iverilog-install/bin/vvp
:ivl_version "12.0 (devel)" "(s20150603-1539-g2693dd32b)";
:ivl_delay_selection "TYPICAL";
:vpi_time_precision + 0;
:vpi_module "C:\iverilog\lib\ivl\system.vpi";
:vpi_module "C:\iverilog\lib\ivl\vhdl_sys.vpi";
:vpi_module "C:\iverilog\lib\ivl\vhdl_textio.vpi";
:vpi_module "C:\iverilog\lib\ivl\v2005_math.vpi";
:vpi_module "C:\iverilog\lib\ivl\va_math.vpi";
S_0000024857615cf0 .scope module, "bcd_to_bin_tb" "bcd_to_bin_tb" 2 2;
 .timescale 0 0;
v0000024857623f30_0 .var "bcd", 7 0;
v0000024857623210_0 .net "bin", 3 0, L_0000024857623cb0;  1 drivers
S_0000024857625f00 .scope module, "bd" "bcd_to_bin" 2 5, 3 1 0, S_0000024857615cf0;
 .timescale 0 0;
    .port_info 0 /INPUT 8 "bcd";
    .port_info 1 /OUTPUT 4 "bin";
L_00000248575dee80 .functor XOR 1, L_0000024857623c10, L_0000024857623350, C4<0>, C4<0>;
L_000002485766bd70 .functor AND 1, L_0000024857623850, L_0000024857623530, C4<1>, C4<1>;
L_000002485766bfa0 .functor OR 1, L_00000248576235d0, L_000002485766bd70, C4<0>, C4<0>;
L_000002485766bad0 .functor OR 1, L_00000248576233f0, L_0000024857623670, C4<0>, C4<0>;
v00000248575d6880_0 .net *"_ivl_10", 0 0, L_00000248575dee80;  1 drivers
v00000248575d64b0_0 .net *"_ivl_15", 0 0, L_00000248576235d0;  1 drivers
v0000024857626090_0 .net *"_ivl_17", 0 0, L_0000024857623850;  1 drivers
v0000024857626130_0 .net *"_ivl_19", 0 0, L_0000024857623530;  1 drivers
v00000248576261d0_0 .net *"_ivl_20", 0 0, L_000002485766bd70;  1 drivers
v0000024857623d50_0 .net *"_ivl_22", 0 0, L_000002485766bfa0;  1 drivers
v0000024857623b70_0 .net *"_ivl_28", 0 0, L_00000248576233f0;  1 drivers
v0000024857624070_0 .net *"_ivl_3", 0 0, L_00000248576232b0;  1 drivers
v0000024857623fd0_0 .net *"_ivl_30", 0 0, L_0000024857623670;  1 drivers
v0000024857623df0_0 .net *"_ivl_31", 0 0, L_000002485766bad0;  1 drivers
v0000024857623170_0 .net *"_ivl_7", 0 0, L_0000024857623c10;  1 drivers
v0000024857623e90_0 .net *"_ivl_9", 0 0, L_0000024857623350;  1 drivers
v0000024857623490_0 .net "bcd", 7 0, v0000024857623f30_0;  1 drivers
v0000024857623ad0_0 .net "bin", 3 0, L_0000024857623cb0;  alias, 1 drivers
L_00000248576232b0 .part v0000024857623f30_0, 0, 1;
L_0000024857623c10 .part v0000024857623f30_0, 1, 1;
L_0000024857623350 .part v0000024857623f30_0, 4, 1;
L_00000248576235d0 .part v0000024857623f30_0, 2, 1;
L_0000024857623850 .part v0000024857623f30_0, 4, 1;
L_0000024857623530 .part v0000024857623f30_0, 1, 1;
L_0000024857623cb0 .concat8 [ 1 1 1 1], L_00000248576232b0, L_00000248575dee80, L_000002485766bfa0, L_000002485766bad0;
L_00000248576233f0 .part v0000024857623f30_0, 3, 1;
L_0000024857623670 .part v0000024857623f30_0, 4, 1;
    .scope S_0000024857615cf0;
T_0 ;
    %vpi_call 2 7 "$dumpfile", "bcd_to_bin.vcd" {0 0 0};
    %vpi_call 2 8 "$dumpvars", 32'sb00000000000000000000000000000000, S_0000024857615cf0 {0 0 0};
    %delay 1, 0;
    %pushi/vec4 0, 0, 8;
    %store/vec4 v0000024857623f30_0, 0, 8;
    %delay 1, 0;
    %pushi/vec4 2, 0, 8;
    %store/vec4 v0000024857623f30_0, 0, 8;
    %delay 1, 0;
    %pushi/vec4 4, 0, 8;
    %store/vec4 v0000024857623f30_0, 0, 8;
    %delay 1, 0;
    %pushi/vec4 7, 0, 8;
    %store/vec4 v0000024857623f30_0, 0, 8;
    %delay 1, 0;
    %pushi/vec4 8, 0, 8;
    %store/vec4 v0000024857623f30_0, 0, 8;
    %delay 1, 0;
    %pushi/vec4 17, 0, 8;
    %store/vec4 v0000024857623f30_0, 0, 8;
    %delay 1, 0;
    %pushi/vec4 19, 0, 8;
    %store/vec4 v0000024857623f30_0, 0, 8;
    %delay 1, 0;
    %pushi/vec4 21, 0, 8;
    %store/vec4 v0000024857623f30_0, 0, 8;
    %end;
    .thread T_0;
# The file index is used to find the file name in the following table.
:file_names 4;
    "N/A";
    "<interactive>";
    "bcd_to_binary_tb.v";
    "./bcd_to_bin.v";
