#! /c/Source/iverilog-install/bin/vvp
:ivl_version "12.0 (devel)" "(s20150603-1539-g2693dd32b)";
:ivl_delay_selection "TYPICAL";
:vpi_time_precision + 0;
:vpi_module "C:\iverilog\lib\ivl\system.vpi";
:vpi_module "C:\iverilog\lib\ivl\vhdl_sys.vpi";
:vpi_module "C:\iverilog\lib\ivl\vhdl_textio.vpi";
:vpi_module "C:\iverilog\lib\ivl\v2005_math.vpi";
:vpi_module "C:\iverilog\lib\ivl\va_math.vpi";
S_000001d894305b10 .scope module, "mod_tb" "mod_tb" 2 2;
 .timescale 0 0;
v000001d894305ed0_0 .var "clk", 0 0;
v000001d8942bbe10_0 .net "q", 2 0, v000001d8942ba2c0_0;  1 drivers
v000001d8942bbeb0_0 .var "rst", 0 0;
S_000001d894305ca0 .scope module, "m1" "mod" 2 5, 3 1 0, S_000001d894305b10;
 .timescale 0 0;
    .port_info 0 /INPUT 1 "clk";
    .port_info 1 /INPUT 1 "rst";
    .port_info 2 /OUTPUT 3 "q";
P_000001d8942b6930 .param/l "N" 0 3 4, +C4<00000000000000000000000000001000>;
P_000001d8942b6968 .param/l "WIDTH" 0 3 5, +C4<00000000000000000000000000000011>;
v000001d8942b66f0_0 .net "clk", 0 0, v000001d894305ed0_0;  1 drivers
v000001d8942ba2c0_0 .var "q", 2 0;
v000001d894305e30_0 .net "rst", 0 0, v000001d8942bbeb0_0;  1 drivers
E_000001d8942bcee0 .event posedge, v000001d8942b66f0_0;
    .scope S_000001d894305ca0;
T_0 ;
    %wait E_000001d8942bcee0;
    %load/vec4 v000001d894305e30_0;
    %flag_set/vec4 8;
    %jmp/0xz  T_0.0, 8;
    %pushi/vec4 0, 0, 3;
    %store/vec4 v000001d8942ba2c0_0, 0, 3;
    %jmp T_0.1;
T_0.0 ;
    %load/vec4 v000001d8942ba2c0_0;
    %pad/u 32;
    %cmpi/e 7, 0, 32;
    %jmp/0xz  T_0.2, 4;
    %pushi/vec4 0, 0, 3;
    %store/vec4 v000001d8942ba2c0_0, 0, 3;
    %jmp T_0.3;
T_0.2 ;
    %load/vec4 v000001d8942ba2c0_0;
    %addi 1, 0, 3;
    %store/vec4 v000001d8942ba2c0_0, 0, 3;
T_0.3 ;
T_0.1 ;
    %jmp T_0;
    .thread T_0;
    .scope S_000001d894305b10;
T_1 ;
    %vpi_call 2 7 "$dumpfile", "modn.vcd" {0 0 0};
    %vpi_call 2 8 "$dumpvars", 32'sb00000000000000000000000000000000, S_000001d894305b10 {0 0 0};
    %end;
    .thread T_1;
    .scope S_000001d894305b10;
T_2 ;
    %pushi/vec4 0, 0, 1;
    %store/vec4 v000001d894305ed0_0, 0, 1;
T_2.0 ;
    %delay 5, 0;
    %load/vec4 v000001d894305ed0_0;
    %inv;
    %store/vec4 v000001d894305ed0_0, 0, 1;
    %jmp T_2.0;
    %end;
    .thread T_2;
    .scope S_000001d894305b10;
T_3 ;
    %pushi/vec4 1, 0, 1;
    %store/vec4 v000001d8942bbeb0_0, 0, 1;
    %delay 2, 0;
    %pushi/vec4 0, 0, 1;
    %store/vec4 v000001d8942bbeb0_0, 0, 1;
    %delay 2, 0;
    %pushi/vec4 1, 0, 1;
    %store/vec4 v000001d8942bbeb0_0, 0, 1;
    %delay 4, 0;
    %vpi_call 2 18 "$finish" {0 0 0};
    %end;
    .thread T_3;
# The file index is used to find the file name in the following table.
:file_names 4;
    "N/A";
    "<interactive>";
    "mod_tb.v";
    "./mod.v";
