#! /c/Source/iverilog-install/bin/vvp
:ivl_version "12.0 (devel)" "(s20150603-1539-g2693dd32b)";
:ivl_delay_selection "TYPICAL";
:vpi_time_precision + 0;
:vpi_module "C:\iverilog\lib\ivl\system.vpi";
:vpi_module "C:\iverilog\lib\ivl\vhdl_sys.vpi";
:vpi_module "C:\iverilog\lib\ivl\vhdl_textio.vpi";
:vpi_module "C:\iverilog\lib\ivl\v2005_math.vpi";
:vpi_module "C:\iverilog\lib\ivl\va_math.vpi";
S_0000025f1b8fbcd0 .scope module, "piso_tb" "piso_tb" 2 2;
 .timescale 0 0;
v0000025f1b7863f0_0 .var "clk", 0 0;
v0000025f1b783800_0 .var "load", 0 0;
v0000025f1b7838a0_0 .var "pi", 3 0;
v0000025f1b783940_0 .net "so", 0 0, v0000025f1b7862b0_0;  1 drivers
S_0000025f1b786080 .scope module, "p1" "piso" 2 6, 3 1 0, S_0000025f1b8fbcd0;
 .timescale 0 0;
    .port_info 0 /INPUT 4 "pi";
    .port_info 1 /INPUT 1 "clk";
    .port_info 2 /INPUT 1 "load";
    .port_info 3 /OUTPUT 1 "so";
v0000025f1b8fb5a0_0 .net "clk", 0 0, v0000025f1b7863f0_0;  1 drivers
v0000025f1b8fbe60_0 .net "load", 0 0, v0000025f1b783800_0;  1 drivers
v0000025f1b786210_0 .net "pi", 3 0, v0000025f1b7838a0_0;  1 drivers
v0000025f1b7862b0_0 .var "so", 0 0;
v0000025f1b786350_0 .var "temp", 3 0;
E_0000025f1b776370 .event posedge, v0000025f1b8fb5a0_0;
    .scope S_0000025f1b786080;
T_0 ;
    %pushi/vec4 0, 0, 4;
    %store/vec4 v0000025f1b786350_0, 0, 4;
    %end;
    .thread T_0;
    .scope S_0000025f1b786080;
T_1 ;
    %wait E_0000025f1b776370;
    %load/vec4 v0000025f1b8fbe60_0;
    %flag_set/vec4 8;
    %jmp/0xz  T_1.0, 8;
    %load/vec4 v0000025f1b786210_0;
    %assign/vec4 v0000025f1b786350_0, 0;
    %jmp T_1.1;
T_1.0 ;
    %load/vec4 v0000025f1b786350_0;
    %parti/s 1, 3, 3;
    %assign/vec4 v0000025f1b7862b0_0, 0;
    %load/vec4 v0000025f1b786350_0;
    %parti/s 3, 0, 2;
    %concati/vec4 0, 0, 1;
    %assign/vec4 v0000025f1b786350_0, 0;
T_1.1 ;
    %jmp T_1;
    .thread T_1;
    .scope S_0000025f1b8fbcd0;
T_2 ;
    %vpi_call 2 8 "$dumpfile", "piso.vcd" {0 0 0};
    %vpi_call 2 9 "$dumpvars", 32'sb00000000000000000000000000000000, S_0000025f1b8fbcd0 {0 0 0};
    %end;
    .thread T_2;
    .scope S_0000025f1b8fbcd0;
T_3 ;
    %pushi/vec4 0, 0, 1;
    %store/vec4 v0000025f1b7863f0_0, 0, 1;
    %delay 5, 0;
    %load/vec4 v0000025f1b7863f0_0;
    %inv;
    %store/vec4 v0000025f1b7863f0_0, 0, 1;
    %end;
    .thread T_3;
    .scope S_0000025f1b8fbcd0;
T_4 ;
    %delay 10, 0;
    %pushi/vec4 10, 0, 4;
    %store/vec4 v0000025f1b7838a0_0, 0, 4;
    %pushi/vec4 1, 0, 1;
    %store/vec4 v0000025f1b783800_0, 0, 1;
    %delay 10, 0;
    %pushi/vec4 0, 0, 1;
    %store/vec4 v0000025f1b783800_0, 0, 1;
    %delay 10, 0;
    %pushi/vec4 1, 0, 1;
    %store/vec4 v0000025f1b783800_0, 0, 1;
    %delay 10, 0;
    %pushi/vec4 5, 0, 4;
    %store/vec4 v0000025f1b7838a0_0, 0, 4;
    %pushi/vec4 0, 0, 1;
    %store/vec4 v0000025f1b783800_0, 0, 1;
    %vpi_call 2 20 "$finish" {0 0 0};
    %end;
    .thread T_4;
# The file index is used to find the file name in the following table.
:file_names 4;
    "N/A";
    "<interactive>";
    "piso_tb.v";
    "./piso.v";
