#! /c/Source/iverilog-install/bin/vvp
:ivl_version "12.0 (devel)" "(s20150603-1539-g2693dd32b)";
:ivl_delay_selection "TYPICAL";
:vpi_time_precision + 0;
:vpi_module "C:\iverilog\lib\ivl\system.vpi";
:vpi_module "C:\iverilog\lib\ivl\vhdl_sys.vpi";
:vpi_module "C:\iverilog\lib\ivl\vhdl_textio.vpi";
:vpi_module "C:\iverilog\lib\ivl\v2005_math.vpi";
:vpi_module "C:\iverilog\lib\ivl\va_math.vpi";
S_00000262a4e68e30 .scope module, "enc4to2_tb" "enc4to2_tb" 2 2;
 .timescale 0 0;
v00000262a4e1be30_0 .var "en", 0 0;
v00000262a4e1bed0_0 .var "in", 3 0;
v00000262a4e66430_0 .net "y", 1 0, v00000262a4e1bd90_0;  1 drivers
S_00000262a4e662a0 .scope module, "enc" "enc4to2" 2 6, 3 1 0, S_00000262a4e68e30;
 .timescale 0 0;
    .port_info 0 /INPUT 4 "in";
    .port_info 1 /INPUT 1 "en";
    .port_info 2 /OUTPUT 2 "y";
v00000262a4e168e0_0 .net "en", 0 0, v00000262a4e1be30_0;  1 drivers
v00000262a4e16b00_0 .net "in", 3 0, v00000262a4e1bed0_0;  1 drivers
v00000262a4e1bd90_0 .var "y", 1 0;
E_00000262a4e18cf0 .event anyedge, v00000262a4e168e0_0, v00000262a4e16b00_0;
    .scope S_00000262a4e662a0;
T_0 ;
    %wait E_00000262a4e18cf0;
    %load/vec4 v00000262a4e168e0_0;
    %pad/u 32;
    %cmpi/e 0, 0, 32;
    %jmp/0xz  T_0.0, 4;
    %pushi/vec4 3, 3, 2;
    %store/vec4 v00000262a4e1bd90_0, 0, 2;
    %jmp T_0.1;
T_0.0 ;
    %load/vec4 v00000262a4e16b00_0;
    %dup/vec4;
    %pushi/vec4 1, 0, 4;
    %cmp/u;
    %jmp/1 T_0.2, 6;
    %dup/vec4;
    %pushi/vec4 2, 0, 4;
    %cmp/u;
    %jmp/1 T_0.3, 6;
    %dup/vec4;
    %pushi/vec4 4, 0, 4;
    %cmp/u;
    %jmp/1 T_0.4, 6;
    %dup/vec4;
    %pushi/vec4 8, 0, 4;
    %cmp/u;
    %jmp/1 T_0.5, 6;
    %pushi/vec4 0, 3, 2;
    %store/vec4 v00000262a4e1bd90_0, 0, 2;
    %jmp T_0.7;
T_0.2 ;
    %pushi/vec4 0, 0, 2;
    %store/vec4 v00000262a4e1bd90_0, 0, 2;
    %jmp T_0.7;
T_0.3 ;
    %pushi/vec4 1, 0, 2;
    %store/vec4 v00000262a4e1bd90_0, 0, 2;
    %jmp T_0.7;
T_0.4 ;
    %pushi/vec4 2, 0, 2;
    %store/vec4 v00000262a4e1bd90_0, 0, 2;
    %jmp T_0.7;
T_0.5 ;
    %pushi/vec4 3, 0, 2;
    %store/vec4 v00000262a4e1bd90_0, 0, 2;
    %jmp T_0.7;
T_0.7 ;
    %pop/vec4 1;
T_0.1 ;
    %jmp T_0;
    .thread T_0, $push;
    .scope S_00000262a4e68e30;
T_1 ;
    %vpi_call 2 8 "$dumpfile", "enc4to2.vcd" {0 0 0};
    %vpi_call 2 9 "$dumpvars", 32'sb00000000000000000000000000000000, S_00000262a4e68e30 {0 0 0};
    %pushi/vec4 0, 0, 1;
    %store/vec4 v00000262a4e1be30_0, 0, 1;
    %pushi/vec4 10, 0, 4;
    %store/vec4 v00000262a4e1bed0_0, 0, 4;
    %delay 2, 0;
    %pushi/vec4 1, 0, 1;
    %store/vec4 v00000262a4e1be30_0, 0, 1;
    %pushi/vec4 1, 0, 4;
    %store/vec4 v00000262a4e1bed0_0, 0, 4;
    %delay 2, 0;
    %pushi/vec4 8, 0, 4;
    %store/vec4 v00000262a4e1bed0_0, 0, 4;
    %delay 2, 0;
    %pushi/vec4 10, 0, 4;
    %store/vec4 v00000262a4e1bed0_0, 0, 4;
    %delay 2, 0;
    %pushi/vec4 4, 0, 4;
    %store/vec4 v00000262a4e1bed0_0, 0, 4;
    %delay 2, 0;
    %pushi/vec4 2, 0, 4;
    %store/vec4 v00000262a4e1bed0_0, 0, 4;
    %end;
    .thread T_1;
# The file index is used to find the file name in the following table.
:file_names 4;
    "N/A";
    "<interactive>";
    "enc4to2_tb.v";
    "./enc4to2.v";
