#! /c/Source/iverilog-install/bin/vvp
:ivl_version "12.0 (devel)" "(s20150603-1539-g2693dd32b)";
:ivl_delay_selection "TYPICAL";
:vpi_time_precision + 0;
:vpi_module "C:\iverilog\lib\ivl\system.vpi";
:vpi_module "C:\iverilog\lib\ivl\vhdl_sys.vpi";
:vpi_module "C:\iverilog\lib\ivl\vhdl_textio.vpi";
:vpi_module "C:\iverilog\lib\ivl\v2005_math.vpi";
:vpi_module "C:\iverilog\lib\ivl\va_math.vpi";
S_0000022ba6496200 .scope module, "enc4to2" "enc4to2" 2 1;
 .timescale 0 0;
    .port_info 0 /INPUT 4 "in";
    .port_info 1 /INPUT 1 "en";
    .port_info 2 /OUTPUT 2 "y";
o0000022ba64e6fd8 .functor BUFZ 1, C4<z>; HiZ drive
v0000022ba64968a0_0 .net "en", 0 0, o0000022ba64e6fd8;  0 drivers
o0000022ba64e7008 .functor BUFZ 4, C4<zzzz>; HiZ drive
v0000022ba6496ac0_0 .net "in", 3 0, o0000022ba64e7008;  0 drivers
v0000022ba6496390_0 .var "y", 1 0;
E_0000022ba64e6da0 .event anyedge, v0000022ba64968a0_0, v0000022ba6496ac0_0;
    .scope S_0000022ba6496200;
T_0 ;
    %wait E_0000022ba64e6da0;
    %load/vec4 v0000022ba64968a0_0;
    %pad/u 32;
    %cmpi/e 0, 0, 32;
    %jmp/0xz  T_0.0, 4;
    %pushi/vec4 3, 3, 2;
    %store/vec4 v0000022ba6496390_0, 0, 2;
    %jmp T_0.1;
T_0.0 ;
    %load/vec4 v0000022ba6496ac0_0;
    %dup/vec4;
    %pushi/vec4 1, 0, 4;
    %cmp/u;
    %jmp/1 T_0.2, 6;
    %dup/vec4;
    %pushi/vec4 2, 0, 4;
    %cmp/u;
    %jmp/1 T_0.3, 6;
    %dup/vec4;
    %pushi/vec4 4, 0, 4;
    %cmp/u;
    %jmp/1 T_0.4, 6;
    %dup/vec4;
    %pushi/vec4 8, 0, 4;
    %cmp/u;
    %jmp/1 T_0.5, 6;
    %pushi/vec4 0, 3, 2;
    %store/vec4 v0000022ba6496390_0, 0, 2;
    %jmp T_0.7;
T_0.2 ;
    %pushi/vec4 0, 0, 2;
    %store/vec4 v0000022ba6496390_0, 0, 2;
    %jmp T_0.7;
T_0.3 ;
    %pushi/vec4 1, 0, 2;
    %store/vec4 v0000022ba6496390_0, 0, 2;
    %jmp T_0.7;
T_0.4 ;
    %pushi/vec4 2, 0, 2;
    %store/vec4 v0000022ba6496390_0, 0, 2;
    %jmp T_0.7;
T_0.5 ;
    %pushi/vec4 3, 0, 2;
    %store/vec4 v0000022ba6496390_0, 0, 2;
    %jmp T_0.7;
T_0.7 ;
    %pop/vec4 1;
T_0.1 ;
    %jmp T_0;
    .thread T_0, $push;
# The file index is used to find the file name in the following table.
:file_names 3;
    "N/A";
    "<interactive>";
    "enc4to2.v";
