#! /c/Source/iverilog-install/bin/vvp
:ivl_version "12.0 (devel)" "(s20150603-1539-g2693dd32b)";
:ivl_delay_selection "TYPICAL";
:vpi_time_precision + 0;
:vpi_module "C:\iverilog\lib\ivl\system.vpi";
:vpi_module "C:\iverilog\lib\ivl\vhdl_sys.vpi";
:vpi_module "C:\iverilog\lib\ivl\vhdl_textio.vpi";
:vpi_module "C:\iverilog\lib\ivl\v2005_math.vpi";
:vpi_module "C:\iverilog\lib\ivl\va_math.vpi";
S_00000231acf4a230 .scope module, "bcdto7seg_tb" "bcdto7seg_tb" 2 2;
 .timescale 0 0;
v00000231acf4bec0_0 .var "bcd", 3 0;
v00000231acf96960_0 .var/i "i", 31 0;
v00000231acf96a00_0 .net "seg", 6 0, v00000231acf464b0_0;  1 drivers
S_00000231acf967d0 .scope module, "bc" "bcdto7seg" 2 6, 3 1 0, S_00000231acf4a230;
 .timescale 0 0;
    .port_info 0 /INPUT 4 "bcd";
    .port_info 1 /OUTPUT 7 "seg";
v00000231acf46880_0 .net "bcd", 3 0, v00000231acf4bec0_0;  1 drivers
v00000231acf464b0_0 .var "seg", 6 0;
E_00000231acf49c10 .event anyedge, v00000231acf46880_0;
    .scope S_00000231acf967d0;
T_0 ;
    %wait E_00000231acf49c10;
    %load/vec4 v00000231acf46880_0;
    %dup/vec4;
    %pushi/vec4 0, 0, 4;
    %cmp/u;
    %jmp/1 T_0.0, 6;
    %dup/vec4;
    %pushi/vec4 1, 0, 4;
    %cmp/u;
    %jmp/1 T_0.1, 6;
    %dup/vec4;
    %pushi/vec4 2, 0, 4;
    %cmp/u;
    %jmp/1 T_0.2, 6;
    %dup/vec4;
    %pushi/vec4 3, 0, 4;
    %cmp/u;
    %jmp/1 T_0.3, 6;
    %dup/vec4;
    %pushi/vec4 4, 0, 4;
    %cmp/u;
    %jmp/1 T_0.4, 6;
    %dup/vec4;
    %pushi/vec4 5, 0, 4;
    %cmp/u;
    %jmp/1 T_0.5, 6;
    %dup/vec4;
    %pushi/vec4 6, 0, 4;
    %cmp/u;
    %jmp/1 T_0.6, 6;
    %dup/vec4;
    %pushi/vec4 7, 0, 4;
    %cmp/u;
    %jmp/1 T_0.7, 6;
    %dup/vec4;
    %pushi/vec4 8, 0, 4;
    %cmp/u;
    %jmp/1 T_0.8, 6;
    %dup/vec4;
    %pushi/vec4 9, 0, 4;
    %cmp/u;
    %jmp/1 T_0.9, 6;
    %pushi/vec4 0, 0, 7;
    %store/vec4 v00000231acf464b0_0, 0, 7;
    %jmp T_0.11;
T_0.0 ;
    %pushi/vec4 126, 0, 7;
    %store/vec4 v00000231acf464b0_0, 0, 7;
    %jmp T_0.11;
T_0.1 ;
    %pushi/vec4 48, 0, 7;
    %store/vec4 v00000231acf464b0_0, 0, 7;
    %jmp T_0.11;
T_0.2 ;
    %pushi/vec4 109, 0, 7;
    %store/vec4 v00000231acf464b0_0, 0, 7;
    %jmp T_0.11;
T_0.3 ;
    %pushi/vec4 121, 0, 7;
    %store/vec4 v00000231acf464b0_0, 0, 7;
    %jmp T_0.11;
T_0.4 ;
    %pushi/vec4 51, 0, 7;
    %store/vec4 v00000231acf464b0_0, 0, 7;
    %jmp T_0.11;
T_0.5 ;
    %pushi/vec4 91, 0, 7;
    %store/vec4 v00000231acf464b0_0, 0, 7;
    %jmp T_0.11;
T_0.6 ;
    %pushi/vec4 95, 0, 7;
    %store/vec4 v00000231acf464b0_0, 0, 7;
    %jmp T_0.11;
T_0.7 ;
    %pushi/vec4 112, 0, 7;
    %store/vec4 v00000231acf464b0_0, 0, 7;
    %jmp T_0.11;
T_0.8 ;
    %pushi/vec4 127, 0, 7;
    %store/vec4 v00000231acf464b0_0, 0, 7;
    %jmp T_0.11;
T_0.9 ;
    %pushi/vec4 123, 0, 7;
    %store/vec4 v00000231acf464b0_0, 0, 7;
    %jmp T_0.11;
T_0.11 ;
    %pop/vec4 1;
    %jmp T_0;
    .thread T_0, $push;
    .scope S_00000231acf4a230;
T_1 ;
    %vpi_call 2 8 "$dumpfile", "bcdto7seg.vcd" {0 0 0};
    %vpi_call 2 9 "$dumpvars", 32'sb00000000000000000000000000000000, S_00000231acf4a230 {0 0 0};
    %pushi/vec4 0, 0, 32;
    %store/vec4 v00000231acf96960_0, 0, 32;
T_1.0 ;
    %load/vec4 v00000231acf96960_0;
    %cmpi/s 10, 0, 32;
    %jmp/0xz T_1.1, 5;
    %delay 10, 0;
    %load/vec4 v00000231acf96960_0;
    %pad/s 4;
    %store/vec4 v00000231acf4bec0_0, 0, 4;
    ; show_stmt_assign_vector: Get l-value for compressed += operand
    %load/vec4 v00000231acf96960_0;
    %pushi/vec4 1, 0, 32;
    %add;
    %store/vec4 v00000231acf96960_0, 0, 32;
    %jmp T_1.0;
T_1.1 ;
    %end;
    .thread T_1;
# The file index is used to find the file name in the following table.
:file_names 4;
    "N/A";
    "<interactive>";
    "bcdto7seg_tb.v";
    "./bcdto7seg.v";
