#! /c/Source/iverilog-install/bin/vvp
:ivl_version "12.0 (devel)" "(s20150603-1539-g2693dd32b)";
:ivl_delay_selection "TYPICAL";
:vpi_time_precision + 0;
:vpi_module "C:\iverilog\lib\ivl\system.vpi";
:vpi_module "C:\iverilog\lib\ivl\vhdl_sys.vpi";
:vpi_module "C:\iverilog\lib\ivl\vhdl_textio.vpi";
:vpi_module "C:\iverilog\lib\ivl\v2005_math.vpi";
:vpi_module "C:\iverilog\lib\ivl\va_math.vpi";
S_0000020c388e6180 .scope module, "bcdto7seg" "bcdto7seg" 2 1;
 .timescale 0 0;
    .port_info 0 /INPUT 4 "bcd";
    .port_info 1 /OUTPUT 7 "seg";
o0000020c38936fd8 .functor BUFZ 4, C4<zzzz>; HiZ drive
v0000020c388e6840_0 .net "bcd", 3 0, o0000020c38936fd8;  0 drivers
v0000020c388ed8c0_0 .var "seg", 6 0;
E_0000020c388ec5e0 .event anyedge, v0000020c388e6840_0;
    .scope S_0000020c388e6180;
T_0 ;
    %wait E_0000020c388ec5e0;
    %load/vec4 v0000020c388e6840_0;
    %dup/vec4;
    %pushi/vec4 0, 0, 4;
    %cmp/u;
    %jmp/1 T_0.0, 6;
    %dup/vec4;
    %pushi/vec4 1, 0, 4;
    %cmp/u;
    %jmp/1 T_0.1, 6;
    %dup/vec4;
    %pushi/vec4 2, 0, 4;
    %cmp/u;
    %jmp/1 T_0.2, 6;
    %dup/vec4;
    %pushi/vec4 3, 0, 4;
    %cmp/u;
    %jmp/1 T_0.3, 6;
    %dup/vec4;
    %pushi/vec4 4, 0, 4;
    %cmp/u;
    %jmp/1 T_0.4, 6;
    %dup/vec4;
    %pushi/vec4 5, 0, 4;
    %cmp/u;
    %jmp/1 T_0.5, 6;
    %dup/vec4;
    %pushi/vec4 6, 0, 4;
    %cmp/u;
    %jmp/1 T_0.6, 6;
    %dup/vec4;
    %pushi/vec4 7, 0, 4;
    %cmp/u;
    %jmp/1 T_0.7, 6;
    %dup/vec4;
    %pushi/vec4 8, 0, 4;
    %cmp/u;
    %jmp/1 T_0.8, 6;
    %dup/vec4;
    %pushi/vec4 9, 0, 4;
    %cmp/u;
    %jmp/1 T_0.9, 6;
    %pushi/vec4 0, 0, 7;
    %store/vec4 v0000020c388ed8c0_0, 0, 7;
    %jmp T_0.11;
T_0.0 ;
    %pushi/vec4 126, 0, 7;
    %store/vec4 v0000020c388ed8c0_0, 0, 7;
    %jmp T_0.11;
T_0.1 ;
    %pushi/vec4 48, 0, 7;
    %store/vec4 v0000020c388ed8c0_0, 0, 7;
    %jmp T_0.11;
T_0.2 ;
    %pushi/vec4 109, 0, 7;
    %store/vec4 v0000020c388ed8c0_0, 0, 7;
    %jmp T_0.11;
T_0.3 ;
    %pushi/vec4 121, 0, 7;
    %store/vec4 v0000020c388ed8c0_0, 0, 7;
    %jmp T_0.11;
T_0.4 ;
    %pushi/vec4 51, 0, 7;
    %store/vec4 v0000020c388ed8c0_0, 0, 7;
    %jmp T_0.11;
T_0.5 ;
    %pushi/vec4 91, 0, 7;
    %store/vec4 v0000020c388ed8c0_0, 0, 7;
    %jmp T_0.11;
T_0.6 ;
    %pushi/vec4 95, 0, 7;
    %store/vec4 v0000020c388ed8c0_0, 0, 7;
    %jmp T_0.11;
T_0.7 ;
    %pushi/vec4 112, 0, 7;
    %store/vec4 v0000020c388ed8c0_0, 0, 7;
    %jmp T_0.11;
T_0.8 ;
    %pushi/vec4 127, 0, 7;
    %store/vec4 v0000020c388ed8c0_0, 0, 7;
    %jmp T_0.11;
T_0.9 ;
    %pushi/vec4 123, 0, 7;
    %store/vec4 v0000020c388ed8c0_0, 0, 7;
    %jmp T_0.11;
T_0.11 ;
    %pop/vec4 1;
    %jmp T_0;
    .thread T_0, $push;
# The file index is used to find the file name in the following table.
:file_names 3;
    "N/A";
    "<interactive>";
    "bcdto7seg.v";
