#! /c/Source/iverilog-install/bin/vvp
:ivl_version "12.0 (devel)" "(s20150603-1539-g2693dd32b)";
:ivl_delay_selection "TYPICAL";
:vpi_time_precision + 0;
:vpi_module "C:\iverilog\lib\ivl\system.vpi";
:vpi_module "C:\iverilog\lib\ivl\vhdl_sys.vpi";
:vpi_module "C:\iverilog\lib\ivl\vhdl_textio.vpi";
:vpi_module "C:\iverilog\lib\ivl\v2005_math.vpi";
:vpi_module "C:\iverilog\lib\ivl\va_math.vpi";
S_000001b18d7268c0 .scope module, "dff_tb" "dff_tb" 2 2;
 .timescale 0 0;
v000001b18d7240b0_0 .var "clk", 0 0;
v000001b18d724150_0 .var "d", 0 0;
v000001b18d7241f0_0 .net "q", 0 0, v000001b18d726be0_0;  1 drivers
v000001b18d724290_0 .net "qbar", 0 0, v000001b18d726c80_0;  1 drivers
v000001b18d724330_0 .var "rst", 0 0;
v000001b18d7243d0_0 .var "set", 0 0;
S_000001b18d726a50 .scope module, "df" "dff" 2 5, 3 1 0, S_000001b18d7268c0;
 .timescale 0 0;
    .port_info 0 /INPUT 1 "d";
    .port_info 1 /INPUT 1 "clk";
    .port_info 2 /INPUT 1 "set";
    .port_info 3 /INPUT 1 "rst";
    .port_info 4 /OUTPUT 1 "q";
    .port_info 5 /OUTPUT 1 "qbar";
v000001b18d8a6750_0 .net "clk", 0 0, v000001b18d7240b0_0;  1 drivers
v000001b18d8abc20_0 .net "d", 0 0, v000001b18d724150_0;  1 drivers
v000001b18d726be0_0 .var "q", 0 0;
v000001b18d726c80_0 .var "qbar", 0 0;
v000001b18d723f70_0 .net "rst", 0 0, v000001b18d724330_0;  1 drivers
v000001b18d724010_0 .net "set", 0 0, v000001b18d7243d0_0;  1 drivers
E_000001b18d8a8c30 .event posedge, v000001b18d8a6750_0;
    .scope S_000001b18d726a50;
T_0 ;
    %wait E_000001b18d8a8c30;
    %load/vec4 v000001b18d723f70_0;
    %nor/r;
    %flag_set/vec4 8;
    %jmp/0xz  T_0.0, 8;
    %pushi/vec4 1, 0, 2;
    %split/vec4 1;
    %assign/vec4 v000001b18d726c80_0, 0;
    %assign/vec4 v000001b18d726be0_0, 0;
    %jmp T_0.1;
T_0.0 ;
    %load/vec4 v000001b18d724010_0;
    %nor/r;
    %flag_set/vec4 8;
    %jmp/0xz  T_0.2, 8;
    %pushi/vec4 1, 0, 2;
    %split/vec4 1;
    %assign/vec4 v000001b18d726c80_0, 0;
    %assign/vec4 v000001b18d726be0_0, 0;
    %jmp T_0.3;
T_0.2 ;
    %load/vec4 v000001b18d8abc20_0;
    %load/vec4 v000001b18d8abc20_0;
    %inv;
    %concat/vec4; draw_concat_vec4
    %split/vec4 1;
    %assign/vec4 v000001b18d726c80_0, 0;
    %assign/vec4 v000001b18d726be0_0, 0;
T_0.3 ;
T_0.1 ;
    %jmp T_0;
    .thread T_0;
    .scope S_000001b18d7268c0;
T_1 ;
    %pushi/vec4 0, 0, 1;
    %store/vec4 v000001b18d7240b0_0, 0, 1;
T_1.0 ;
    %delay 5, 0;
    %load/vec4 v000001b18d7240b0_0;
    %inv;
    %store/vec4 v000001b18d7240b0_0, 0, 1;
    %jmp T_1.0;
    %end;
    .thread T_1;
    .scope S_000001b18d7268c0;
T_2 ;
    %pushi/vec4 0, 0, 1;
    %store/vec4 v000001b18d724330_0, 0, 1;
    %delay 10, 0;
    %pushi/vec4 0, 0, 1;
    %store/vec4 v000001b18d7243d0_0, 0, 1;
    %pushi/vec4 1, 0, 1;
    %store/vec4 v000001b18d724150_0, 0, 1;
    %delay 10, 0;
    %pushi/vec4 0, 0, 1;
    %store/vec4 v000001b18d724150_0, 0, 1;
    %delay 10, 0;
    %vpi_call 2 14 "$finish" {0 0 0};
    %end;
    .thread T_2;
    .scope S_000001b18d7268c0;
T_3 ;
    %vpi_call 2 17 "$dumpfile", "dff.vcd" {0 0 0};
    %vpi_call 2 18 "$dumpvars", 32'sb00000000000000000000000000000000, S_000001b18d7268c0 {0 0 0};
    %end;
    .thread T_3;
# The file index is used to find the file name in the following table.
:file_names 4;
    "N/A";
    "<interactive>";
    "dff_tb.v";
    "./dff.v";
