#! /c/Source/iverilog-install/bin/vvp
:ivl_version "12.0 (devel)" "(s20150603-1539-g2693dd32b)";
:ivl_delay_selection "TYPICAL";
:vpi_time_precision + 0;
:vpi_module "C:\iverilog\lib\ivl\system.vpi";
:vpi_module "C:\iverilog\lib\ivl\vhdl_sys.vpi";
:vpi_module "C:\iverilog\lib\ivl\vhdl_textio.vpi";
:vpi_module "C:\iverilog\lib\ivl\v2005_math.vpi";
:vpi_module "C:\iverilog\lib\ivl\va_math.vpi";
S_00000296b88960b0 .scope module, "bin_to_bcd_tb" "bin_to_bcd_tb" 2 2;
 .timescale 0 0;
v00000296b8929c20_0 .net "bcd", 11 0, L_00000296b8929e00;  1 drivers
v00000296b8929cc0_0 .var "bin", 7 0;
v00000296b8929d60_0 .var/i "i", 31 0;
S_00000296b8896240 .scope module, "b1" "bin_to_bcd" 2 6, 3 1 0, S_00000296b88960b0;
 .timescale 0 0;
    .port_info 0 /INPUT 8 "bin";
    .port_info 1 /OUTPUT 12 "bcd";
v00000296b8896880_0 .net "bcd", 11 0, L_00000296b8929e00;  alias, 1 drivers
v00000296b889c300_0 .net "bin", 7 0, v00000296b8929cc0_0;  1 drivers
v00000296b889b000_0 .var "h", 3 0;
v00000296b889b0a0_0 .var "o", 3 0;
v00000296b88963d0_0 .var "t", 3 0;
v00000296b8896470_0 .var "temp", 6 0;
E_00000296b88e64b0 .event anyedge, v00000296b889c300_0, v00000296b8896470_0;
L_00000296b8929e00 .concat [ 4 4 4 0], v00000296b889b0a0_0, v00000296b88963d0_0, v00000296b889b000_0;
    .scope S_00000296b8896240;
T_0 ;
    %wait E_00000296b88e64b0;
    %load/vec4 v00000296b889c300_0;
    %pad/u 32;
    %pushi/vec4 100, 0, 32;
    %div;
    %pad/u 4;
    %store/vec4 v00000296b889b000_0, 0, 4;
    %load/vec4 v00000296b889c300_0;
    %pad/u 32;
    %pushi/vec4 100, 0, 32;
    %mod;
    %pad/u 7;
    %store/vec4 v00000296b8896470_0, 0, 7;
    %load/vec4 v00000296b8896470_0;
    %pad/u 32;
    %pushi/vec4 10, 0, 32;
    %div;
    %pad/u 4;
    %store/vec4 v00000296b88963d0_0, 0, 4;
    %load/vec4 v00000296b8896470_0;
    %pad/u 32;
    %pushi/vec4 10, 0, 32;
    %mod;
    %pad/u 4;
    %store/vec4 v00000296b889b0a0_0, 0, 4;
    %jmp T_0;
    .thread T_0, $push;
    .scope S_00000296b88960b0;
T_1 ;
    %vpi_call 2 8 "$dumpfile", "bin2bcd.vcd" {0 0 0};
    %vpi_call 2 9 "$dumpvars", 32'sb00000000000000000000000000000000, S_00000296b88960b0 {0 0 0};
    %pushi/vec4 0, 0, 32;
    %store/vec4 v00000296b8929d60_0, 0, 32;
T_1.0 ;
    %load/vec4 v00000296b8929d60_0;
    %cmpi/s 256, 0, 32;
    %jmp/0xz T_1.1, 5;
    %delay 2, 0;
    %load/vec4 v00000296b8929d60_0;
    %pad/s 8;
    %store/vec4 v00000296b8929cc0_0, 0, 8;
    ; show_stmt_assign_vector: Get l-value for compressed += operand
    %load/vec4 v00000296b8929d60_0;
    %pushi/vec4 1, 0, 32;
    %add;
    %store/vec4 v00000296b8929d60_0, 0, 32;
    %jmp T_1.0;
T_1.1 ;
    %end;
    .thread T_1;
# The file index is used to find the file name in the following table.
:file_names 4;
    "N/A";
    "<interactive>";
    "bin_to_bcd_tb.v";
    "./bin_to_bcd.v";
