#! /c/Source/iverilog-install/bin/vvp
:ivl_version "12.0 (devel)" "(s20150603-1539-g2693dd32b)";
:ivl_delay_selection "TYPICAL";
:vpi_time_precision + 0;
:vpi_module "C:\iverilog\lib\ivl\system.vpi";
:vpi_module "C:\iverilog\lib\ivl\vhdl_sys.vpi";
:vpi_module "C:\iverilog\lib\ivl\vhdl_textio.vpi";
:vpi_module "C:\iverilog\lib\ivl\v2005_math.vpi";
:vpi_module "C:\iverilog\lib\ivl\va_math.vpi";
S_000001df18626070 .scope module, "bin_to_bcd" "bin_to_bcd" 2 1;
 .timescale 0 0;
    .port_info 0 /INPUT 8 "bin";
    .port_info 1 /OUTPUT 12 "bcd";
v000001df18626840_0 .net "bcd", 11 0, L_000001df188c3ca0;  1 drivers
o000001df18886fe8 .functor BUFZ 8, C4<zzzzzzzz>; HiZ drive
v000001df18626200_0 .net "bin", 7 0, o000001df18886fe8;  0 drivers
v000001df186262a0_0 .var "h", 3 0;
v000001df18626340_0 .var "o", 3 0;
v000001df186263e0_0 .var "t", 3 0;
v000001df188c3c00_0 .var "temp", 6 0;
E_000001df18886210 .event anyedge, v000001df18626200_0, v000001df188c3c00_0;
L_000001df188c3ca0 .concat [ 4 4 4 0], v000001df18626340_0, v000001df186263e0_0, v000001df186262a0_0;
    .scope S_000001df18626070;
T_0 ;
    %wait E_000001df18886210;
    %load/vec4 v000001df18626200_0;
    %pad/u 32;
    %pushi/vec4 100, 0, 32;
    %div;
    %pad/u 4;
    %store/vec4 v000001df186262a0_0, 0, 4;
    %load/vec4 v000001df18626200_0;
    %pad/u 32;
    %pushi/vec4 100, 0, 32;
    %mod;
    %pad/u 7;
    %store/vec4 v000001df188c3c00_0, 0, 7;
    %load/vec4 v000001df188c3c00_0;
    %pad/u 32;
    %pushi/vec4 10, 0, 32;
    %div;
    %pad/u 4;
    %store/vec4 v000001df186263e0_0, 0, 4;
    %load/vec4 v000001df188c3c00_0;
    %pad/u 32;
    %pushi/vec4 10, 0, 32;
    %mod;
    %pad/u 4;
    %store/vec4 v000001df18626340_0, 0, 4;
    %jmp T_0;
    .thread T_0, $push;
# The file index is used to find the file name in the following table.
:file_names 3;
    "N/A";
    "<interactive>";
    "bin_to_bcd.v";
