#! /c/Source/iverilog-install/bin/vvp
:ivl_version "12.0 (devel)" "(s20150603-1539-g2693dd32b)";
:ivl_delay_selection "TYPICAL";
:vpi_time_precision + 0;
:vpi_module "C:\iverilog\lib\ivl\system.vpi";
:vpi_module "C:\iverilog\lib\ivl\vhdl_sys.vpi";
:vpi_module "C:\iverilog\lib\ivl\vhdl_textio.vpi";
:vpi_module "C:\iverilog\lib\ivl\v2005_math.vpi";
:vpi_module "C:\iverilog\lib\ivl\va_math.vpi";
S_000001d4931ced80 .scope module, "srff" "srff" 2 1;
 .timescale 0 0;
    .port_info 0 /INPUT 1 "s";
    .port_info 1 /INPUT 1 "r";
    .port_info 2 /INPUT 1 "clk";
    .port_info 3 /INPUT 1 "rst";
    .port_info 4 /OUTPUT 1 "q";
    .port_info 5 /OUTPUT 1 "qbar";
o000001d493086fd8 .functor BUFZ 1, C4<z>; HiZ drive
v000001d4931c6710_0 .net "clk", 0 0, o000001d493086fd8;  0 drivers
v000001d4931cef10_0 .var "q", 0 0;
v000001d4931cb800_0 .var "qbar", 0 0;
o000001d493087068 .functor BUFZ 1, C4<z>; HiZ drive
v000001d4931cb8a0_0 .net "r", 0 0, o000001d493087068;  0 drivers
o000001d493087098 .functor BUFZ 1, C4<z>; HiZ drive
v000001d4931cb940_0 .net "rst", 0 0, o000001d493087098;  0 drivers
o000001d4930870c8 .functor BUFZ 1, C4<z>; HiZ drive
v000001d4931cb9e0_0 .net "s", 0 0, o000001d4930870c8;  0 drivers
E_000001d4931cc440/0 .event negedge, v000001d4931cb940_0;
E_000001d4931cc440/1 .event posedge, v000001d4931c6710_0;
E_000001d4931cc440 .event/or E_000001d4931cc440/0, E_000001d4931cc440/1;
    .scope S_000001d4931ced80;
T_0 ;
    %wait E_000001d4931cc440;
    %load/vec4 v000001d4931cb940_0;
    %nor/r;
    %flag_set/vec4 8;
    %jmp/0xz  T_0.0, 8;
    %pushi/vec4 1, 0, 2;
    %split/vec4 1;
    %assign/vec4 v000001d4931cb800_0, 0;
    %assign/vec4 v000001d4931cef10_0, 0;
    %jmp T_0.1;
T_0.0 ;
    %load/vec4 v000001d4931cb9e0_0;
    %load/vec4 v000001d4931cb8a0_0;
    %concat/vec4; draw_concat_vec4
    %dup/vec4;
    %pushi/vec4 0, 0, 2;
    %cmp/u;
    %jmp/1 T_0.2, 6;
    %dup/vec4;
    %pushi/vec4 1, 0, 2;
    %cmp/u;
    %jmp/1 T_0.3, 6;
    %dup/vec4;
    %pushi/vec4 2, 0, 2;
    %cmp/u;
    %jmp/1 T_0.4, 6;
    %dup/vec4;
    %pushi/vec4 3, 0, 2;
    %cmp/u;
    %jmp/1 T_0.5, 6;
    %jmp T_0.7;
T_0.2 ;
    %load/vec4 v000001d4931cef10_0;
    %load/vec4 v000001d4931cb800_0;
    %concat/vec4; draw_concat_vec4
    %split/vec4 1;
    %assign/vec4 v000001d4931cb800_0, 0;
    %assign/vec4 v000001d4931cef10_0, 0;
    %jmp T_0.7;
T_0.3 ;
    %pushi/vec4 1, 0, 2;
    %split/vec4 1;
    %assign/vec4 v000001d4931cb800_0, 0;
    %assign/vec4 v000001d4931cef10_0, 0;
    %jmp T_0.7;
T_0.4 ;
    %pushi/vec4 2, 0, 2;
    %split/vec4 1;
    %assign/vec4 v000001d4931cb800_0, 0;
    %assign/vec4 v000001d4931cef10_0, 0;
    %jmp T_0.7;
T_0.5 ;
    %pushi/vec4 3, 3, 2;
    %split/vec4 1;
    %assign/vec4 v000001d4931cb800_0, 0;
    %assign/vec4 v000001d4931cef10_0, 0;
    %jmp T_0.7;
T_0.7 ;
    %pop/vec4 1;
T_0.1 ;
    %jmp T_0;
    .thread T_0;
# The file index is used to find the file name in the following table.
:file_names 3;
    "N/A";
    "<interactive>";
    "srff.v";
