#! /c/Source/iverilog-install/bin/vvp
:ivl_version "12.0 (devel)" "(s20150603-1539-g2693dd32b)";
:ivl_delay_selection "TYPICAL";
:vpi_time_precision + 0;
:vpi_module "C:\iverilog\lib\ivl\system.vpi";
:vpi_module "C:\iverilog\lib\ivl\vhdl_sys.vpi";
:vpi_module "C:\iverilog\lib\ivl\vhdl_textio.vpi";
:vpi_module "C:\iverilog\lib\ivl\v2005_math.vpi";
:vpi_module "C:\iverilog\lib\ivl\va_math.vpi";
S_000001d6e8ff6c70 .scope module, "dl" "dl" 2 1;
 .timescale 0 0;
    .port_info 0 /INPUT 1 "d";
    .port_info 1 /INPUT 1 "en";
    .port_info 2 /OUTPUT 1 "q";
o000001d6e8ff6e08 .functor BUFZ 1, C4<z>; HiZ drive
v000001d6e91066b0_0 .net "d", 0 0, o000001d6e8ff6e08;  0 drivers
o000001d6e8ff6e38 .functor BUFZ 1, C4<z>; HiZ drive
v000001d6e9106b60_0 .net "en", 0 0, o000001d6e8ff6e38;  0 drivers
v000001d6e8ff0770_0 .var "q", 0 0;
E_000001d6e8ff47b0 .event anyedge, v000001d6e91066b0_0, v000001d6e9106b60_0;
    .scope S_000001d6e8ff6c70;
T_0 ;
    %wait E_000001d6e8ff47b0;
    %load/vec4 v000001d6e9106b60_0;
    %flag_set/vec4 8;
    %jmp/0xz  T_0.0, 8;
    %load/vec4 v000001d6e91066b0_0;
    %assign/vec4 v000001d6e8ff0770_0, 0;
T_0.0 ;
    %jmp T_0;
    .thread T_0, $push;
# The file index is used to find the file name in the following table.
:file_names 3;
    "N/A";
    "<interactive>";
    "dl.v";
