#! /c/Source/iverilog-install/bin/vvp
:ivl_version "12.0 (devel)" "(s20150603-1539-g2693dd32b)";
:ivl_delay_selection "TYPICAL";
:vpi_time_precision + 0;
:vpi_module "C:\iverilog\lib\ivl\system.vpi";
:vpi_module "C:\iverilog\lib\ivl\vhdl_sys.vpi";
:vpi_module "C:\iverilog\lib\ivl\vhdl_textio.vpi";
:vpi_module "C:\iverilog\lib\ivl\v2005_math.vpi";
:vpi_module "C:\iverilog\lib\ivl\va_math.vpi";
S_0000023283b86d00 .scope module, "dff" "dff" 2 1;
 .timescale 0 0;
    .port_info 0 /INPUT 1 "d";
    .port_info 1 /INPUT 1 "clk";
    .port_info 2 /INPUT 1 "rst";
    .port_info 3 /OUTPUT 1 "q";
    .port_info 4 /OUTPUT 1 "qbar";
o0000023283b86e98 .functor BUFZ 1, C4<z>; HiZ drive
v0000023283cd66b0_0 .net "clk", 0 0, o0000023283b86e98;  0 drivers
o0000023283b86ec8 .functor BUFZ 1, C4<z>; HiZ drive
v0000023283cddfc0_0 .net "d", 0 0, o0000023283b86ec8;  0 drivers
v0000023283cde060_0 .var "q", 0 0;
v0000023283cde100_0 .var "qbar", 0 0;
o0000023283b86f58 .functor BUFZ 1, C4<z>; HiZ drive
v0000023283cde1a0_0 .net "rst", 0 0, o0000023283b86f58;  0 drivers
E_0000023283b84b30 .event posedge, v0000023283cde1a0_0, v0000023283cd66b0_0;
    .scope S_0000023283b86d00;
T_0 ;
    %wait E_0000023283b84b30;
    %load/vec4 v0000023283cde1a0_0;
    %flag_set/vec4 8;
    %jmp/0xz  T_0.0, 8;
    %pushi/vec4 1, 0, 2;
    %split/vec4 1;
    %assign/vec4 v0000023283cde100_0, 0;
    %assign/vec4 v0000023283cde060_0, 0;
    %jmp T_0.1;
T_0.0 ;
    %load/vec4 v0000023283cddfc0_0;
    %load/vec4 v0000023283cddfc0_0;
    %inv;
    %concat/vec4; draw_concat_vec4
    %split/vec4 1;
    %assign/vec4 v0000023283cde100_0, 0;
    %assign/vec4 v0000023283cde060_0, 0;
T_0.1 ;
    %jmp T_0;
    .thread T_0;
# The file index is used to find the file name in the following table.
:file_names 3;
    "N/A";
    "<interactive>";
    "dff.v";
