#! /c/Source/iverilog-install/bin/vvp
:ivl_version "12.0 (devel)" "(s20150603-1539-g2693dd32b)";
:ivl_delay_selection "TYPICAL";
:vpi_time_precision + 0;
:vpi_module "C:\iverilog\lib\ivl\system.vpi";
:vpi_module "C:\iverilog\lib\ivl\vhdl_sys.vpi";
:vpi_module "C:\iverilog\lib\ivl\vhdl_textio.vpi";
:vpi_module "C:\iverilog\lib\ivl\v2005_math.vpi";
:vpi_module "C:\iverilog\lib\ivl\va_math.vpi";
S_00000162395fca70 .scope module, "sync4bit_tb" "sync4bit_tb" 2 2;
 .timescale 0 0;
v00000162395fbb40_0 .var "clk", 0 0;
v00000162395fbbe0_0 .net "count", 3 0, v00000162395f64b0_0;  1 drivers
v00000162395fbc80_0 .var "data", 3 0;
v00000162395fbd20_0 .var "load", 0 0;
v00000162395fbdc0_0 .var "rst", 0 0;
v00000162395fbe60_0 .var "up_down", 0 0;
S_00000162395fcc00 .scope module, "sn" "sync4bit" 2 6, 3 1 0, S_00000162395fca70;
 .timescale 0 0;
    .port_info 0 /INPUT 1 "clk";
    .port_info 1 /INPUT 1 "rst";
    .port_info 2 /INPUT 1 "load";
    .port_info 3 /INPUT 1 "up_down";
    .port_info 4 /INPUT 4 "data";
    .port_info 5 /OUTPUT 4 "count";
v00000162395f6710_0 .net "clk", 0 0, v00000162395fbb40_0;  1 drivers
v00000162395f64b0_0 .var "count", 3 0;
v00000162395fcd90_0 .net "data", 3 0, v00000162395fbc80_0;  1 drivers
v00000162395fce30_0 .net "load", 0 0, v00000162395fbd20_0;  1 drivers
v00000162395fba00_0 .net "rst", 0 0, v00000162395fbdc0_0;  1 drivers
v00000162395fbaa0_0 .net "up_down", 0 0, v00000162395fbe60_0;  1 drivers
E_00000162394e4e60 .event posedge, v00000162395f6710_0;
    .scope S_00000162395fcc00;
T_0 ;
    %wait E_00000162394e4e60;
    %load/vec4 v00000162395fba00_0;
    %flag_set/vec4 8;
    %jmp/0xz  T_0.0, 8;
    %pushi/vec4 0, 0, 4;
    %assign/vec4 v00000162395f64b0_0, 0;
    %jmp T_0.1;
T_0.0 ;
    %load/vec4 v00000162395fce30_0;
    %flag_set/vec4 8;
    %jmp/0xz  T_0.2, 8;
    %load/vec4 v00000162395fcd90_0;
    %assign/vec4 v00000162395f64b0_0, 0;
    %jmp T_0.3;
T_0.2 ;
    %load/vec4 v00000162395fbaa0_0;
    %flag_set/vec4 8;
    %jmp/0xz  T_0.4, 8;
    %load/vec4 v00000162395f64b0_0;
    %addi 1, 0, 4;
    %assign/vec4 v00000162395f64b0_0, 0;
    %jmp T_0.5;
T_0.4 ;
    %load/vec4 v00000162395f64b0_0;
    %subi 1, 0, 4;
    %assign/vec4 v00000162395f64b0_0, 0;
T_0.5 ;
T_0.3 ;
T_0.1 ;
    %jmp T_0;
    .thread T_0;
    .scope S_00000162395fca70;
T_1 ;
    %vpi_call 2 8 "$dumpfile", "sync4bit.vcd" {0 0 0};
    %vpi_call 2 9 "$dumpvars", 32'sb00000000000000000000000000000000, S_00000162395fca70 {0 0 0};
    %end;
    .thread T_1;
    .scope S_00000162395fca70;
T_2 ;
    %pushi/vec4 0, 0, 1;
    %store/vec4 v00000162395fbb40_0, 0, 1;
T_2.0 ;
    %delay 5, 0;
    %load/vec4 v00000162395fbb40_0;
    %inv;
    %store/vec4 v00000162395fbb40_0, 0, 1;
    %jmp T_2.0;
    %end;
    .thread T_2;
    .scope S_00000162395fca70;
T_3 ;
    %pushi/vec4 0, 0, 1;
    %store/vec4 v00000162395fbdc0_0, 0, 1;
    %pushi/vec4 0, 0, 1;
    %store/vec4 v00000162395fbd20_0, 0, 1;
    %pushi/vec4 0, 0, 1;
    %store/vec4 v00000162395fbe60_0, 0, 1;
    %pushi/vec4 10, 0, 4;
    %store/vec4 v00000162395fbc80_0, 0, 4;
    %delay 2, 0;
    %pushi/vec4 1, 0, 1;
    %store/vec4 v00000162395fbdc0_0, 0, 1;
    %pushi/vec4 0, 0, 1;
    %store/vec4 v00000162395fbd20_0, 0, 1;
    %pushi/vec4 0, 0, 1;
    %store/vec4 v00000162395fbe60_0, 0, 1;
    %pushi/vec4 12, 0, 4;
    %store/vec4 v00000162395fbc80_0, 0, 4;
    %delay 2, 0;
    %pushi/vec4 0, 0, 1;
    %store/vec4 v00000162395fbdc0_0, 0, 1;
    %pushi/vec4 1, 0, 1;
    %store/vec4 v00000162395fbd20_0, 0, 1;
    %pushi/vec4 0, 0, 1;
    %store/vec4 v00000162395fbe60_0, 0, 1;
    %pushi/vec4 0, 0, 4;
    %store/vec4 v00000162395fbc80_0, 0, 4;
    %delay 2, 0;
    %pushi/vec4 0, 0, 1;
    %store/vec4 v00000162395fbdc0_0, 0, 1;
    %pushi/vec4 1, 0, 1;
    %store/vec4 v00000162395fbd20_0, 0, 1;
    %pushi/vec4 1, 0, 1;
    %store/vec4 v00000162395fbe60_0, 0, 1;
    %pushi/vec4 15, 0, 4;
    %store/vec4 v00000162395fbc80_0, 0, 4;
    %delay 2, 0;
    %pushi/vec4 0, 0, 1;
    %store/vec4 v00000162395fbdc0_0, 0, 1;
    %pushi/vec4 0, 0, 1;
    %store/vec4 v00000162395fbd20_0, 0, 1;
    %pushi/vec4 1, 0, 1;
    %store/vec4 v00000162395fbe60_0, 0, 1;
    %pushi/vec4 14, 0, 4;
    %store/vec4 v00000162395fbc80_0, 0, 4;
    %delay 2, 0;
    %vpi_call 2 21 "$finish" {0 0 0};
    %end;
    .thread T_3;
# The file index is used to find the file name in the following table.
:file_names 4;
    "N/A";
    "<interactive>";
    "sync4bit_tb.v";
    "./sync4bit.v";
