#! /c/Source/iverilog-install/bin/vvp
:ivl_version "12.0 (devel)" "(s20150603-1539-g2693dd32b)";
:ivl_delay_selection "TYPICAL";
:vpi_time_precision + 0;
:vpi_module "C:\iverilog\lib\ivl\system.vpi";
:vpi_module "C:\iverilog\lib\ivl\vhdl_sys.vpi";
:vpi_module "C:\iverilog\lib\ivl\vhdl_textio.vpi";
:vpi_module "C:\iverilog\lib\ivl\v2005_math.vpi";
:vpi_module "C:\iverilog\lib\ivl\va_math.vpi";
S_00000231651a6180 .scope module, "sync4bit" "sync4bit" 2 1;
 .timescale 0 0;
    .port_info 0 /INPUT 1 "clk";
    .port_info 1 /INPUT 1 "rst";
    .port_info 2 /INPUT 1 "load";
    .port_info 3 /INPUT 1 "up_down";
    .port_info 4 /INPUT 4 "data";
    .port_info 5 /OUTPUT 4 "count";
o0000023165026fa8 .functor BUFZ 1, C4<z>; HiZ drive
v00000231651a66d0_0 .net "clk", 0 0, o0000023165026fa8;  0 drivers
v00000231651aeef0_0 .var "count", 3 0;
o0000023165027008 .functor BUFZ 4, C4<zzzz>; HiZ drive
v00000231651a6310_0 .net "data", 3 0, o0000023165027008;  0 drivers
o0000023165027038 .functor BUFZ 1, C4<z>; HiZ drive
v00000231651a63b0_0 .net "load", 0 0, o0000023165027038;  0 drivers
o0000023165027068 .functor BUFZ 1, C4<z>; HiZ drive
v00000231651a6450_0 .net "rst", 0 0, o0000023165027068;  0 drivers
o0000023165027098 .functor BUFZ 1, C4<z>; HiZ drive
v00000231651aa780_0 .net "up_down", 0 0, o0000023165027098;  0 drivers
E_00000231651ac460 .event posedge, v00000231651a66d0_0;
    .scope S_00000231651a6180;
T_0 ;
    %wait E_00000231651ac460;
    %load/vec4 v00000231651a6450_0;
    %flag_set/vec4 8;
    %jmp/0xz  T_0.0, 8;
    %pushi/vec4 0, 0, 4;
    %assign/vec4 v00000231651aeef0_0, 0;
    %jmp T_0.1;
T_0.0 ;
    %load/vec4 v00000231651a63b0_0;
    %flag_set/vec4 8;
    %jmp/0xz  T_0.2, 8;
    %load/vec4 v00000231651a6310_0;
    %assign/vec4 v00000231651aeef0_0, 0;
    %jmp T_0.3;
T_0.2 ;
    %load/vec4 v00000231651aa780_0;
    %flag_set/vec4 8;
    %jmp/0xz  T_0.4, 8;
    %load/vec4 v00000231651aeef0_0;
    %addi 1, 0, 4;
    %assign/vec4 v00000231651aeef0_0, 0;
    %jmp T_0.5;
T_0.4 ;
    %load/vec4 v00000231651aeef0_0;
    %subi 1, 0, 4;
    %assign/vec4 v00000231651aeef0_0, 0;
T_0.5 ;
T_0.3 ;
T_0.1 ;
    %jmp T_0;
    .thread T_0;
# The file index is used to find the file name in the following table.
:file_names 3;
    "N/A";
    "<interactive>";
    "sync4bit.v";
