#! /c/Source/iverilog-install/bin/vvp
:ivl_version "12.0 (devel)" "(s20150603-1539-g2693dd32b)";
:ivl_delay_selection "TYPICAL";
:vpi_time_precision + 0;
:vpi_module "C:\iverilog\lib\ivl\system.vpi";
:vpi_module "C:\iverilog\lib\ivl\vhdl_sys.vpi";
:vpi_module "C:\iverilog\lib\ivl\vhdl_textio.vpi";
:vpi_module "C:\iverilog\lib\ivl\v2005_math.vpi";
:vpi_module "C:\iverilog\lib\ivl\va_math.vpi";
S_000001dbbd585bf0 .scope module, "mux2to1_tb" "mux2to1_tb" 2 2;
 .timescale 0 0;
v000001dbbd51bae0_0 .var "in1", 0 0;
v000001dbbd51bb80_0 .var "in2", 0 0;
v000001dbbd51bc20_0 .net "out", 0 0, v000001dbbd51b9a0_0;  1 drivers
v000001dbbd51bcc0_0 .var "select", 0 0;
S_000001dbbd585d80 .scope module, "to" "mux2to1" 2 5, 3 1 0, S_000001dbbd585bf0;
 .timescale 0 0;
    .port_info 0 /INPUT 1 "in1";
    .port_info 1 /INPUT 1 "in2";
    .port_info 2 /INPUT 1 "select";
    .port_info 3 /OUTPUT 1 "out";
v000001dbbd516990_0 .net "in1", 0 0, v000001dbbd51bae0_0;  1 drivers
v000001dbbd51ef30_0 .net "in2", 0 0, v000001dbbd51bb80_0;  1 drivers
v000001dbbd51b9a0_0 .var "out", 0 0;
v000001dbbd51ba40_0 .net "select", 0 0, v000001dbbd51bcc0_0;  1 drivers
E_000001dbbd51cb70 .event anyedge, v000001dbbd51b9a0_0, v000001dbbd51ba40_0, v000001dbbd51ef30_0, v000001dbbd516990_0;
    .scope S_000001dbbd585d80;
T_0 ;
    %wait E_000001dbbd51cb70;
    %load/vec4 v000001dbbd51ba40_0;
    %dup/vec4;
    %pushi/vec4 0, 0, 1;
    %cmp/u;
    %jmp/1 T_0.0, 6;
    %dup/vec4;
    %pushi/vec4 1, 0, 1;
    %cmp/u;
    %jmp/1 T_0.1, 6;
    %pushi/vec4 1, 1, 1;
    %store/vec4 v000001dbbd51b9a0_0, 0, 1;
    %jmp T_0.3;
T_0.0 ;
    %load/vec4 v000001dbbd516990_0;
    %store/vec4 v000001dbbd51b9a0_0, 0, 1;
    %jmp T_0.3;
T_0.1 ;
    %load/vec4 v000001dbbd51ef30_0;
    %store/vec4 v000001dbbd51b9a0_0, 0, 1;
    %jmp T_0.3;
T_0.3 ;
    %pop/vec4 1;
    %jmp T_0;
    .thread T_0, $push;
    .scope S_000001dbbd585bf0;
T_1 ;
    %vpi_call 2 7 "$dumpfile", "mux2to1.vcd" {0 0 0};
    %vpi_call 2 8 "$dumpvars", 32'sb00000000000000000000000000000000, S_000001dbbd585bf0 {0 0 0};
    %pushi/vec4 1, 0, 1;
    %store/vec4 v000001dbbd51bae0_0, 0, 1;
    %pushi/vec4 0, 0, 1;
    %store/vec4 v000001dbbd51bb80_0, 0, 1;
    %pushi/vec4 0, 0, 1;
    %store/vec4 v000001dbbd51bcc0_0, 0, 1;
    %delay 2, 0;
    %pushi/vec4 1, 0, 1;
    %store/vec4 v000001dbbd51bcc0_0, 0, 1;
    %end;
    .thread T_1;
# The file index is used to find the file name in the following table.
:file_names 4;
    "N/A";
    "<interactive>";
    "mux2to1_tb.v";
    "./mux2to1.v";
