#! /c/Source/iverilog-install/bin/vvp
:ivl_version "12.0 (devel)" "(s20150603-1539-g2693dd32b)";
:ivl_delay_selection "TYPICAL";
:vpi_time_precision + 0;
:vpi_module "C:\iverilog\lib\ivl\system.vpi";
:vpi_module "C:\iverilog\lib\ivl\vhdl_sys.vpi";
:vpi_module "C:\iverilog\lib\ivl\vhdl_textio.vpi";
:vpi_module "C:\iverilog\lib\ivl\v2005_math.vpi";
:vpi_module "C:\iverilog\lib\ivl\va_math.vpi";
S_00000294046d6200 .scope module, "mux2to1" "mux2to1" 2 1;
 .timescale 0 0;
    .port_info 0 /INPUT 1 "in1";
    .port_info 1 /INPUT 1 "in2";
    .port_info 2 /INPUT 1 "select";
    .port_info 3 /OUTPUT 1 "out";
o0000029404856f98 .functor BUFZ 1, C4<z>; HiZ drive
v00000294046d6950_0 .net "in1", 0 0, o0000029404856f98;  0 drivers
o0000029404856fc8 .functor BUFZ 1, C4<z>; HiZ drive
v00000294046dee40_0 .net "in2", 0 0, o0000029404856fc8;  0 drivers
v00000294046deee0_0 .var "out", 0 0;
o0000029404857028 .functor BUFZ 1, C4<z>; HiZ drive
v00000294046d6390_0 .net "select", 0 0, o0000029404857028;  0 drivers
E_0000029404854b20 .event anyedge, v00000294046deee0_0, v00000294046d6390_0, v00000294046dee40_0, v00000294046d6950_0;
    .scope S_00000294046d6200;
T_0 ;
    %wait E_0000029404854b20;
    %load/vec4 v00000294046d6390_0;
    %dup/vec4;
    %pushi/vec4 0, 0, 1;
    %cmp/u;
    %jmp/1 T_0.0, 6;
    %dup/vec4;
    %pushi/vec4 1, 0, 1;
    %cmp/u;
    %jmp/1 T_0.1, 6;
    %pushi/vec4 1, 1, 1;
    %store/vec4 v00000294046deee0_0, 0, 1;
    %jmp T_0.3;
T_0.0 ;
    %load/vec4 v00000294046d6950_0;
    %store/vec4 v00000294046deee0_0, 0, 1;
    %jmp T_0.3;
T_0.1 ;
    %load/vec4 v00000294046dee40_0;
    %store/vec4 v00000294046deee0_0, 0, 1;
    %jmp T_0.3;
T_0.3 ;
    %pop/vec4 1;
    %jmp T_0;
    .thread T_0, $push;
# The file index is used to find the file name in the following table.
:file_names 3;
    "N/A";
    "<interactive>";
    "mux2to1.v";
