#! /c/Source/iverilog-install/bin/vvp
:ivl_version "12.0 (devel)" "(s20150603-1539-g2693dd32b)";
:ivl_delay_selection "TYPICAL";
:vpi_time_precision + 0;
:vpi_module "C:\iverilog\lib\ivl\system.vpi";
:vpi_module "C:\iverilog\lib\ivl\vhdl_sys.vpi";
:vpi_module "C:\iverilog\lib\ivl\vhdl_textio.vpi";
:vpi_module "C:\iverilog\lib\ivl\v2005_math.vpi";
:vpi_module "C:\iverilog\lib\ivl\va_math.vpi";
S_00000248964a6430 .scope module, "seq_detector" "seq_detector" 2 1;
 .timescale 0 0;
    .port_info 0 /INPUT 1 "in";
    .port_info 1 /INPUT 1 "clk";
    .port_info 2 /INPUT 1 "rst";
    .port_info 3 /OUTPUT 1 "out";
P_00000248964a65c0 .param/l "s0" 1 2 5, C4<000>;
P_00000248964a65f8 .param/l "s1" 1 2 6, C4<001>;
P_00000248964a6630 .param/l "s2" 1 2 7, C4<010>;
P_00000248964a6668 .param/l "s3" 1 2 8, C4<100>;
o00000248963e9fb8 .functor BUFZ 1, C4<z>; HiZ drive
v00000248964a66b0_0 .net "clk", 0 0, o00000248963e9fb8;  0 drivers
v00000248964abb80_0 .var "cur_state", 2 0;
o00000248963ea018 .functor BUFZ 1, C4<z>; HiZ drive
v00000248964abc20_0 .net "in", 0 0, o00000248963ea018;  0 drivers
v00000248964abcc0_0 .var "nxt_state", 2 0;
v00000248964abd60_0 .var "out", 0 0;
o00000248963ea0a8 .functor BUFZ 1, C4<z>; HiZ drive
v000002489642c820_0 .net "rst", 0 0, o00000248963ea0a8;  0 drivers
E_00000248964a9710 .event posedge, v00000248964a66b0_0;
E_00000248964a96d0 .event anyedge, v00000248964abc20_0, v00000248964abb80_0;
    .scope S_00000248964a6430;
T_0 ;
    %wait E_00000248964a96d0;
    %load/vec4 v00000248964abb80_0;
    %dup/vec4;
    %pushi/vec4 0, 0, 3;
    %cmp/u;
    %jmp/1 T_0.0, 6;
    %dup/vec4;
    %pushi/vec4 1, 0, 3;
    %cmp/u;
    %jmp/1 T_0.1, 6;
    %dup/vec4;
    %pushi/vec4 2, 0, 3;
    %cmp/u;
    %jmp/1 T_0.2, 6;
    %dup/vec4;
    %pushi/vec4 4, 0, 3;
    %cmp/u;
    %jmp/1 T_0.3, 6;
    %pushi/vec4 0, 0, 3;
    %store/vec4 v00000248964abcc0_0, 0, 3;
    %jmp T_0.5;
T_0.0 ;
    %load/vec4 v00000248964abc20_0;
    %cmpi/e 0, 0, 1;
    %jmp/0xz  T_0.6, 4;
    %pushi/vec4 1, 0, 3;
    %store/vec4 v00000248964abcc0_0, 0, 3;
    %pushi/vec4 0, 0, 1;
    %store/vec4 v00000248964abd60_0, 0, 1;
    %jmp T_0.7;
T_0.6 ;
    %load/vec4 v00000248964abb80_0;
    %store/vec4 v00000248964abcc0_0, 0, 3;
T_0.7 ;
    %jmp T_0.5;
T_0.1 ;
    %load/vec4 v00000248964abc20_0;
    %cmpi/e 1, 0, 1;
    %jmp/0xz  T_0.8, 4;
    %pushi/vec4 2, 0, 3;
    %store/vec4 v00000248964abcc0_0, 0, 3;
    %pushi/vec4 0, 0, 1;
    %store/vec4 v00000248964abd60_0, 0, 1;
    %jmp T_0.9;
T_0.8 ;
    %load/vec4 v00000248964abb80_0;
    %store/vec4 v00000248964abcc0_0, 0, 3;
    %pushi/vec4 0, 0, 1;
    %store/vec4 v00000248964abd60_0, 0, 1;
T_0.9 ;
    %jmp T_0.5;
T_0.2 ;
    %load/vec4 v00000248964abc20_0;
    %cmpi/e 0, 0, 1;
    %jmp/0xz  T_0.10, 4;
    %pushi/vec4 4, 0, 3;
    %store/vec4 v00000248964abcc0_0, 0, 3;
    %pushi/vec4 0, 0, 1;
    %store/vec4 v00000248964abd60_0, 0, 1;
    %jmp T_0.11;
T_0.10 ;
    %pushi/vec4 0, 0, 3;
    %store/vec4 v00000248964abcc0_0, 0, 3;
    %pushi/vec4 0, 0, 1;
    %store/vec4 v00000248964abd60_0, 0, 1;
T_0.11 ;
    %jmp T_0.5;
T_0.3 ;
    %load/vec4 v00000248964abc20_0;
    %cmpi/e 1, 0, 1;
    %jmp/0xz  T_0.12, 4;
    %pushi/vec4 2, 0, 3;
    %store/vec4 v00000248964abcc0_0, 0, 3;
    %pushi/vec4 1, 0, 1;
    %store/vec4 v00000248964abd60_0, 0, 1;
    %jmp T_0.13;
T_0.12 ;
    %pushi/vec4 1, 0, 3;
    %store/vec4 v00000248964abcc0_0, 0, 3;
    %pushi/vec4 0, 0, 1;
    %store/vec4 v00000248964abd60_0, 0, 1;
T_0.13 ;
    %jmp T_0.5;
T_0.5 ;
    %pop/vec4 1;
    %jmp T_0;
    .thread T_0, $push;
    .scope S_00000248964a6430;
T_1 ;
    %wait E_00000248964a9710;
    %load/vec4 v000002489642c820_0;
    %flag_set/vec4 8;
    %jmp/0xz  T_1.0, 8;
    %pushi/vec4 0, 0, 3;
    %assign/vec4 v00000248964abb80_0, 0;
    %jmp T_1.1;
T_1.0 ;
    %load/vec4 v00000248964abcc0_0;
    %assign/vec4 v00000248964abb80_0, 0;
T_1.1 ;
    %jmp T_1;
    .thread T_1;
# The file index is used to find the file name in the following table.
:file_names 3;
    "N/A";
    "<interactive>";
    "seq_detector.v";
