#! /c/Source/iverilog-install/bin/vvp
:ivl_version "12.0 (devel)" "(s20150603-1539-g2693dd32b)";
:ivl_delay_selection "TYPICAL";
:vpi_time_precision + 0;
:vpi_module "C:\iverilog\lib\ivl\system.vpi";
:vpi_module "C:\iverilog\lib\ivl\vhdl_sys.vpi";
:vpi_module "C:\iverilog\lib\ivl\vhdl_textio.vpi";
:vpi_module "C:\iverilog\lib\ivl\v2005_math.vpi";
:vpi_module "C:\iverilog\lib\ivl\va_math.vpi";
S_000001f3c379bcf0 .scope module, "seq_detector_tb" "seq_detector_tb" 2 2;
 .timescale 0 0;
v000001f3c3612aa0_0 .var "clk", 0 0;
v000001f3c3612b40_0 .var "in", 0 0;
v000001f3c3612be0_0 .net "out", 0 0, v000001f3c3612960_0;  1 drivers
v000001f3c3612c80_0 .var "rst", 0 0;
S_000001f3c36198d0 .scope module, "se" "seq_detector" 2 5, 3 1 0, S_000001f3c379bcf0;
 .timescale 0 0;
    .port_info 0 /INPUT 1 "in";
    .port_info 1 /INPUT 1 "clk";
    .port_info 2 /INPUT 1 "rst";
    .port_info 3 /OUTPUT 1 "out";
P_000001f3c3619a60 .param/l "s0" 1 3 5, C4<000>;
P_000001f3c3619a98 .param/l "s1" 1 3 6, C4<001>;
P_000001f3c3619ad0 .param/l "s2" 1 3 7, C4<010>;
P_000001f3c3619b08 .param/l "s3" 1 3 8, C4<100>;
v000001f3c3796770_0 .net "clk", 0 0, v000001f3c3612aa0_0;  1 drivers
v000001f3c3619b50_0 .var "cur_state", 2 0;
v000001f3c3619bf0_0 .net "in", 0 0, v000001f3c3612b40_0;  1 drivers
v000001f3c3619c90_0 .var "nxt_state", 2 0;
v000001f3c3612960_0 .var "out", 0 0;
v000001f3c3612a00_0 .net "rst", 0 0, v000001f3c3612c80_0;  1 drivers
E_000001f3c3799c70 .event posedge, v000001f3c3796770_0;
E_000001f3c379a4f0 .event anyedge, v000001f3c3619bf0_0, v000001f3c3619b50_0;
    .scope S_000001f3c36198d0;
T_0 ;
    %wait E_000001f3c379a4f0;
    %load/vec4 v000001f3c3619b50_0;
    %dup/vec4;
    %pushi/vec4 0, 0, 3;
    %cmp/u;
    %jmp/1 T_0.0, 6;
    %dup/vec4;
    %pushi/vec4 1, 0, 3;
    %cmp/u;
    %jmp/1 T_0.1, 6;
    %dup/vec4;
    %pushi/vec4 2, 0, 3;
    %cmp/u;
    %jmp/1 T_0.2, 6;
    %dup/vec4;
    %pushi/vec4 4, 0, 3;
    %cmp/u;
    %jmp/1 T_0.3, 6;
    %pushi/vec4 0, 0, 3;
    %store/vec4 v000001f3c3619c90_0, 0, 3;
    %jmp T_0.5;
T_0.0 ;
    %load/vec4 v000001f3c3619bf0_0;
    %cmpi/e 0, 0, 1;
    %jmp/0xz  T_0.6, 4;
    %pushi/vec4 1, 0, 3;
    %store/vec4 v000001f3c3619c90_0, 0, 3;
    %pushi/vec4 0, 0, 1;
    %store/vec4 v000001f3c3612960_0, 0, 1;
    %jmp T_0.7;
T_0.6 ;
    %load/vec4 v000001f3c3619b50_0;
    %store/vec4 v000001f3c3619c90_0, 0, 3;
T_0.7 ;
    %jmp T_0.5;
T_0.1 ;
    %load/vec4 v000001f3c3619bf0_0;
    %cmpi/e 1, 0, 1;
    %jmp/0xz  T_0.8, 4;
    %pushi/vec4 2, 0, 3;
    %store/vec4 v000001f3c3619c90_0, 0, 3;
    %pushi/vec4 0, 0, 1;
    %store/vec4 v000001f3c3612960_0, 0, 1;
    %jmp T_0.9;
T_0.8 ;
    %load/vec4 v000001f3c3619b50_0;
    %store/vec4 v000001f3c3619c90_0, 0, 3;
    %pushi/vec4 0, 0, 1;
    %store/vec4 v000001f3c3612960_0, 0, 1;
T_0.9 ;
    %jmp T_0.5;
T_0.2 ;
    %load/vec4 v000001f3c3619bf0_0;
    %cmpi/e 0, 0, 1;
    %jmp/0xz  T_0.10, 4;
    %pushi/vec4 4, 0, 3;
    %store/vec4 v000001f3c3619c90_0, 0, 3;
    %pushi/vec4 0, 0, 1;
    %store/vec4 v000001f3c3612960_0, 0, 1;
    %jmp T_0.11;
T_0.10 ;
    %pushi/vec4 0, 0, 3;
    %store/vec4 v000001f3c3619c90_0, 0, 3;
    %pushi/vec4 0, 0, 1;
    %store/vec4 v000001f3c3612960_0, 0, 1;
T_0.11 ;
    %jmp T_0.5;
T_0.3 ;
    %load/vec4 v000001f3c3619bf0_0;
    %cmpi/e 1, 0, 1;
    %jmp/0xz  T_0.12, 4;
    %pushi/vec4 2, 0, 3;
    %store/vec4 v000001f3c3619c90_0, 0, 3;
    %pushi/vec4 1, 0, 1;
    %store/vec4 v000001f3c3612960_0, 0, 1;
    %jmp T_0.13;
T_0.12 ;
    %pushi/vec4 1, 0, 3;
    %store/vec4 v000001f3c3619c90_0, 0, 3;
    %pushi/vec4 0, 0, 1;
    %store/vec4 v000001f3c3612960_0, 0, 1;
T_0.13 ;
    %jmp T_0.5;
T_0.5 ;
    %pop/vec4 1;
    %jmp T_0;
    .thread T_0, $push;
    .scope S_000001f3c36198d0;
T_1 ;
    %wait E_000001f3c3799c70;
    %load/vec4 v000001f3c3612a00_0;
    %flag_set/vec4 8;
    %jmp/0xz  T_1.0, 8;
    %pushi/vec4 0, 0, 3;
    %assign/vec4 v000001f3c3619b50_0, 0;
    %jmp T_1.1;
T_1.0 ;
    %load/vec4 v000001f3c3619c90_0;
    %assign/vec4 v000001f3c3619b50_0, 0;
T_1.1 ;
    %jmp T_1;
    .thread T_1;
    .scope S_000001f3c379bcf0;
T_2 ;
    %vpi_call 2 7 "$dumpfile", "seq_detect.vcd" {0 0 0};
    %vpi_call 2 8 "$dumpvars", 32'sb00000000000000000000000000000000, S_000001f3c379bcf0 {0 0 0};
    %end;
    .thread T_2;
    .scope S_000001f3c379bcf0;
T_3 ;
    %pushi/vec4 0, 0, 1;
    %store/vec4 v000001f3c3612aa0_0, 0, 1;
T_3.0 ;
    %delay 5, 0;
    %load/vec4 v000001f3c3612aa0_0;
    %inv;
    %store/vec4 v000001f3c3612aa0_0, 0, 1;
    %jmp T_3.0;
    %end;
    .thread T_3;
    .scope S_000001f3c379bcf0;
T_4 ;
    %pushi/vec4 0, 0, 1;
    %store/vec4 v000001f3c3612c80_0, 0, 1;
    %pushi/vec4 0, 0, 1;
    %store/vec4 v000001f3c3612b40_0, 0, 1;
    %delay 10, 0;
    %pushi/vec4 1, 0, 1;
    %store/vec4 v000001f3c3612b40_0, 0, 1;
    %delay 10, 0;
    %pushi/vec4 0, 0, 1;
    %store/vec4 v000001f3c3612b40_0, 0, 1;
    %delay 10, 0;
    %pushi/vec4 0, 0, 1;
    %store/vec4 v000001f3c3612b40_0, 0, 1;
    %delay 10, 0;
    %pushi/vec4 1, 0, 1;
    %store/vec4 v000001f3c3612b40_0, 0, 1;
    %delay 10, 0;
    %pushi/vec4 0, 0, 1;
    %store/vec4 v000001f3c3612b40_0, 0, 1;
    %delay 10, 0;
    %pushi/vec4 1, 0, 1;
    %store/vec4 v000001f3c3612b40_0, 0, 1;
    %delay 10, 0;
    %pushi/vec4 1, 0, 1;
    %store/vec4 v000001f3c3612b40_0, 0, 1;
    %delay 10, 0;
    %pushi/vec4 0, 0, 1;
    %store/vec4 v000001f3c3612b40_0, 0, 1;
    %delay 10, 0;
    %pushi/vec4 0, 0, 1;
    %store/vec4 v000001f3c3612b40_0, 0, 1;
    %delay 10, 0;
    %pushi/vec4 1, 0, 1;
    %store/vec4 v000001f3c3612b40_0, 0, 1;
    %vpi_call 2 26 "$finish" {0 0 0};
    %end;
    .thread T_4;
# The file index is used to find the file name in the following table.
:file_names 4;
    "N/A";
    "<interactive>";
    "seq_detector_tb.v";
    "./seq_detector.v";
