#! /c/Source/iverilog-install/bin/vvp
:ivl_version "12.0 (devel)" "(s20150603-1539-g2693dd32b)";
:ivl_delay_selection "TYPICAL";
:vpi_time_precision + 0;
:vpi_module "C:\iverilog\lib\ivl\system.vpi";
:vpi_module "C:\iverilog\lib\ivl\vhdl_sys.vpi";
:vpi_module "C:\iverilog\lib\ivl\vhdl_textio.vpi";
:vpi_module "C:\iverilog\lib\ivl\v2005_math.vpi";
:vpi_module "C:\iverilog\lib\ivl\va_math.vpi";
S_000001cb7238bb10 .scope module, "siso_tb" "siso_tb" 2 2;
 .timescale 0 0;
v000001cb722c6380_0 .var "clk", 0 0;
v000001cb722c6420_0 .var "clr", 0 0;
v000001cb722c64c0_0 .var "si", 0 0;
v000001cb722c2f50_0 .net "so", 0 0, v000001cb722c6240_0;  1 drivers
S_000001cb7238bca0 .scope module, "s" "siso" 2 5, 3 1 0, S_000001cb7238bb10;
 .timescale 0 0;
    .port_info 0 /INPUT 1 "clk";
    .port_info 1 /INPUT 1 "si";
    .port_info 2 /INPUT 1 "clr";
    .port_info 3 /OUTPUT 1 "so";
v000001cb722c6100_0 .net "clk", 0 0, v000001cb722c6380_0;  1 drivers
v000001cb72386730_0 .net "clr", 0 0, v000001cb722c6420_0;  1 drivers
v000001cb722c61a0_0 .net "si", 0 0, v000001cb722c64c0_0;  1 drivers
v000001cb722c6240_0 .var "so", 0 0;
v000001cb722c62e0_0 .var "tmp", 3 0;
E_000001cb7238ad90 .event posedge, v000001cb722c6100_0;
    .scope S_000001cb7238bca0;
T_0 ;
    %wait E_000001cb7238ad90;
    %load/vec4 v000001cb72386730_0;
    %flag_set/vec4 8;
    %jmp/0xz  T_0.0, 8;
    %pushi/vec4 0, 0, 4;
    %assign/vec4 v000001cb722c62e0_0, 0;
    %jmp T_0.1;
T_0.0 ;
    %load/vec4 v000001cb722c62e0_0;
    %ix/load 4, 1, 0;
    %flag_set/imm 4, 0;
    %shiftl 4;
    %assign/vec4 v000001cb722c62e0_0, 0;
    %load/vec4 v000001cb722c61a0_0;
    %ix/load 4, 0, 0;
    %flag_set/imm 4, 0;
    %store/vec4 v000001cb722c62e0_0, 4, 1;
    %load/vec4 v000001cb722c62e0_0;
    %parti/s 1, 3, 3;
    %store/vec4 v000001cb722c6240_0, 0, 1;
T_0.1 ;
    %jmp T_0;
    .thread T_0;
    .scope S_000001cb7238bb10;
T_1 ;
    %vpi_call 2 7 "$dumpfile", "siso.vcd" {0 0 0};
    %vpi_call 2 8 "$dumpvars", 32'sb00000000000000000000000000000000, S_000001cb7238bb10 {0 0 0};
    %end;
    .thread T_1;
    .scope S_000001cb7238bb10;
T_2 ;
    %pushi/vec4 0, 0, 1;
    %store/vec4 v000001cb722c6380_0, 0, 1;
T_2.0 ;
    %delay 5, 0;
    %load/vec4 v000001cb722c6380_0;
    %inv;
    %store/vec4 v000001cb722c6380_0, 0, 1;
    %jmp T_2.0;
    %end;
    .thread T_2;
    .scope S_000001cb7238bb10;
T_3 ;
    %pushi/vec4 1, 0, 1;
    %store/vec4 v000001cb722c6420_0, 0, 1;
    %delay 10, 0;
    %pushi/vec4 0, 0, 1;
    %store/vec4 v000001cb722c6420_0, 0, 1;
    %pushi/vec4 0, 0, 1;
    %store/vec4 v000001cb722c64c0_0, 0, 1;
    %delay 10, 0;
    %pushi/vec4 1, 0, 1;
    %store/vec4 v000001cb722c64c0_0, 0, 1;
    %delay 2, 0;
    %pushi/vec4 1, 0, 1;
    %store/vec4 v000001cb722c64c0_0, 0, 1;
    %delay 1, 0;
    %pushi/vec4 0, 0, 1;
    %store/vec4 v000001cb722c64c0_0, 0, 1;
    %delay 1, 0;
    %pushi/vec4 0, 0, 1;
    %store/vec4 v000001cb722c64c0_0, 0, 1;
    %delay 1, 0;
    %pushi/vec4 1, 0, 1;
    %store/vec4 v000001cb722c64c0_0, 0, 1;
    %vpi_call 2 22 "$finish" {0 0 0};
    %end;
    .thread T_3;
# The file index is used to find the file name in the following table.
:file_names 4;
    "N/A";
    "<interactive>";
    "siso_tb.v";
    "./siso.v";
