#! /c/Source/iverilog-install/bin/vvp
:ivl_version "12.0 (devel)" "(s20150603-1539-g2693dd32b)";
:ivl_delay_selection "TYPICAL";
:vpi_time_precision + 0;
:vpi_module "C:\iverilog\lib\ivl\system.vpi";
:vpi_module "C:\iverilog\lib\ivl\vhdl_sys.vpi";
:vpi_module "C:\iverilog\lib\ivl\vhdl_textio.vpi";
:vpi_module "C:\iverilog\lib\ivl\v2005_math.vpi";
:vpi_module "C:\iverilog\lib\ivl\va_math.vpi";
S_000001cd95836180 .scope module, "tff" "tff" 2 1;
 .timescale 0 0;
    .port_info 0 /INPUT 1 "t";
    .port_info 1 /INPUT 1 "clk";
    .port_info 2 /INPUT 1 "rst";
    .port_info 3 /OUTPUT 1 "q";
    .port_info 4 /OUTPUT 1 "qbar";
o000001cd956f6b38 .functor BUFZ 1, C4<z>; HiZ drive
v000001cd958366b0_0 .net "clk", 0 0, o000001cd956f6b38;  0 drivers
v000001cd95836310_0 .var "q", 0 0;
v000001cd958363b0_0 .var "qbar", 0 0;
o000001cd956f6bc8 .functor BUFZ 1, C4<z>; HiZ drive
v000001cd95836450_0 .net "rst", 0 0, o000001cd956f6bc8;  0 drivers
o000001cd956f6bf8 .functor BUFZ 1, C4<z>; HiZ drive
v000001cd956f2780_0 .net "t", 0 0, o000001cd956f6bf8;  0 drivers
E_000001cd95838ac0 .event posedge, v000001cd958366b0_0;
    .scope S_000001cd95836180;
T_0 ;
    %wait E_000001cd95838ac0;
    %load/vec4 v000001cd95836450_0;
    %flag_set/vec4 8;
    %jmp/0xz  T_0.0, 8;
    %pushi/vec4 1, 0, 2;
    %split/vec4 1;
    %assign/vec4 v000001cd958363b0_0, 0;
    %assign/vec4 v000001cd95836310_0, 0;
    %jmp T_0.1;
T_0.0 ;
    %load/vec4 v000001cd956f2780_0;
    %load/vec4 v000001cd95836310_0;
    %xor;
    %load/vec4 v000001cd956f2780_0;
    %load/vec4 v000001cd95836310_0;
    %xor;
    %inv;
    %concat/vec4; draw_concat_vec4
    %split/vec4 1;
    %assign/vec4 v000001cd958363b0_0, 0;
    %assign/vec4 v000001cd95836310_0, 0;
T_0.1 ;
    %jmp T_0;
    .thread T_0;
# The file index is used to find the file name in the following table.
:file_names 3;
    "N/A";
    "<interactive>";
    "tff.v";
