#! /c/Source/iverilog-install/bin/vvp
:ivl_version "12.0 (devel)" "(s20150603-1539-g2693dd32b)";
:ivl_delay_selection "TYPICAL";
:vpi_time_precision + 0;
:vpi_module "C:\iverilog\lib\ivl\system.vpi";
:vpi_module "C:\iverilog\lib\ivl\vhdl_sys.vpi";
:vpi_module "C:\iverilog\lib\ivl\vhdl_textio.vpi";
:vpi_module "C:\iverilog\lib\ivl\v2005_math.vpi";
:vpi_module "C:\iverilog\lib\ivl\va_math.vpi";
S_00000221eeeb6400 .scope module, "bcd_counter" "bcd_counter" 2 1;
 .timescale 0 0;
    .port_info 0 /INPUT 1 "clk";
    .port_info 1 /INPUT 1 "rst";
    .port_info 2 /OUTPUT 4 "q";
o00000221eef06fa8 .functor BUFZ 1, C4<z>; HiZ drive
v00000221eeeb6970_0 .net "clk", 0 0, o00000221eef06fa8;  0 drivers
v00000221eeeb6590_0 .var "q", 3 0;
o00000221eef07008 .functor BUFZ 1, C4<z>; HiZ drive
v00000221eeeb6630_0 .net "rst", 0 0, o00000221eef07008;  0 drivers
E_00000221eef04760 .event posedge, v00000221eeeb6970_0;
    .scope S_00000221eeeb6400;
T_0 ;
    %wait E_00000221eef04760;
    %load/vec4 v00000221eeeb6630_0;
    %flag_set/vec4 8;
    %jmp/0xz  T_0.0, 8;
    %pushi/vec4 0, 0, 4;
    %assign/vec4 v00000221eeeb6590_0, 0;
    %jmp T_0.1;
T_0.0 ;
    %load/vec4 v00000221eeeb6590_0;
    %cmpi/u 9, 0, 4;
    %flag_or 5, 4;
    %jmp/0xz  T_0.2, 5;
    %load/vec4 v00000221eeeb6590_0;
    %addi 1, 0, 4;
    %assign/vec4 v00000221eeeb6590_0, 0;
    %jmp T_0.3;
T_0.2 ;
    %load/vec4 v00000221eeeb6590_0;
    %cmpi/e 9, 0, 4;
    %jmp/0xz  T_0.4, 4;
    %pushi/vec4 0, 0, 4;
    %assign/vec4 v00000221eeeb6590_0, 0;
T_0.4 ;
T_0.3 ;
T_0.1 ;
    %jmp T_0;
    .thread T_0;
# The file index is used to find the file name in the following table.
:file_names 3;
    "N/A";
    "<interactive>";
    "bcd_counter.v";
