#! /c/Source/iverilog-install/bin/vvp
:ivl_version "12.0 (devel)" "(s20150603-1539-g2693dd32b)";
:ivl_delay_selection "TYPICAL";
:vpi_time_precision + 0;
:vpi_module "C:\iverilog\lib\ivl\system.vpi";
:vpi_module "C:\iverilog\lib\ivl\vhdl_sys.vpi";
:vpi_module "C:\iverilog\lib\ivl\vhdl_textio.vpi";
:vpi_module "C:\iverilog\lib\ivl\v2005_math.vpi";
:vpi_module "C:\iverilog\lib\ivl\va_math.vpi";
S_000001bc2e765c40 .scope module, "bcd_counter_tb" "bcd_counter_tb" 2 2;
 .timescale 0 0;
v000001bc2e765f60_0 .var "clk", 0 0;
v000001bc2e766000_0 .net "q", 3 0, v000001bc2e8f6730_0;  1 drivers
v000001bc2e7a9840_0 .var "rst", 0 0;
S_000001bc2e765dd0 .scope module, "bc" "bcd_counter" 2 5, 3 1 0, S_000001bc2e765c40;
 .timescale 0 0;
    .port_info 0 /INPUT 1 "clk";
    .port_info 1 /INPUT 1 "rst";
    .port_info 2 /OUTPUT 4 "q";
v000001bc2e8f69b0_0 .net "clk", 0 0, v000001bc2e765f60_0;  1 drivers
v000001bc2e8f6730_0 .var "q", 3 0;
v000001bc2e8fa310_0 .net "rst", 0 0, v000001bc2e7a9840_0;  1 drivers
E_000001bc2e8fca20 .event posedge, v000001bc2e8f69b0_0;
    .scope S_000001bc2e765dd0;
T_0 ;
    %wait E_000001bc2e8fca20;
    %load/vec4 v000001bc2e8fa310_0;
    %flag_set/vec4 8;
    %jmp/0xz  T_0.0, 8;
    %pushi/vec4 0, 0, 4;
    %assign/vec4 v000001bc2e8f6730_0, 0;
    %jmp T_0.1;
T_0.0 ;
    %load/vec4 v000001bc2e8f6730_0;
    %cmpi/u 9, 0, 4;
    %flag_or 5, 4;
    %jmp/0xz  T_0.2, 5;
    %load/vec4 v000001bc2e8f6730_0;
    %addi 1, 0, 4;
    %assign/vec4 v000001bc2e8f6730_0, 0;
    %jmp T_0.3;
T_0.2 ;
    %load/vec4 v000001bc2e8f6730_0;
    %cmpi/e 9, 0, 4;
    %jmp/0xz  T_0.4, 4;
    %pushi/vec4 0, 0, 4;
    %assign/vec4 v000001bc2e8f6730_0, 0;
T_0.4 ;
T_0.3 ;
T_0.1 ;
    %jmp T_0;
    .thread T_0;
    .scope S_000001bc2e765c40;
T_1 ;
    %pushi/vec4 0, 0, 1;
    %store/vec4 v000001bc2e765f60_0, 0, 1;
T_1.0 ;
    %delay 5, 0;
    %load/vec4 v000001bc2e765f60_0;
    %inv;
    %store/vec4 v000001bc2e765f60_0, 0, 1;
    %jmp T_1.0;
    %end;
    .thread T_1;
    .scope S_000001bc2e765c40;
T_2 ;
    %pushi/vec4 1, 0, 1;
    %store/vec4 v000001bc2e7a9840_0, 0, 1;
    %delay 10, 0;
    %pushi/vec4 0, 0, 1;
    %store/vec4 v000001bc2e7a9840_0, 0, 1;
    %delay 10, 0;
    %pushi/vec4 1, 0, 1;
    %store/vec4 v000001bc2e7a9840_0, 0, 1;
    %delay 10, 0;
    %pushi/vec4 0, 0, 1;
    %store/vec4 v000001bc2e7a9840_0, 0, 1;
    %delay 10, 0;
    %pushi/vec4 1, 0, 1;
    %store/vec4 v000001bc2e7a9840_0, 0, 1;
    %delay 10, 0;
    %vpi_call 2 16 "$finish" {0 0 0};
    %end;
    .thread T_2;
    .scope S_000001bc2e765c40;
T_3 ;
    %vpi_call 2 19 "$dumpfile", "bcd_counter.vcd" {0 0 0};
    %vpi_call 2 20 "$dumpvars", 32'sb00000000000000000000000000000000, S_000001bc2e765c40 {0 0 0};
    %end;
    .thread T_3;
# The file index is used to find the file name in the following table.
:file_names 4;
    "N/A";
    "<interactive>";
    "bcd_counter_tb.v";
    "./bcd_counter.v";
