#! /c/Source/iverilog-install/bin/vvp
:ivl_version "12.0 (devel)" "(s20150603-1539-g2693dd32b)";
:ivl_delay_selection "TYPICAL";
:vpi_time_precision + 0;
:vpi_module "C:\iverilog\lib\ivl\system.vpi";
:vpi_module "C:\iverilog\lib\ivl\vhdl_sys.vpi";
:vpi_module "C:\iverilog\lib\ivl\vhdl_textio.vpi";
:vpi_module "C:\iverilog\lib\ivl\v2005_math.vpi";
:vpi_module "C:\iverilog\lib\ivl\va_math.vpi";
S_000002001bb0ca90 .scope module, "async_tb" "async_tb" 2 2;
 .timescale 0 0;
v000002001bb9c0d0_0 .var "UpOrDown", 0 0;
v000002001bb9c170_0 .var "clk", 0 0;
v000002001bb9c210_0 .net "count", 3 0, v000002001bb0ce50_0;  1 drivers
v000002001bb9c2b0_0 .var "rst", 0 0;
S_000002001bb0cc20 .scope module, "as" "async" 2 5, 3 1 0, S_000002001bb0ca90;
 .timescale 0 0;
    .port_info 0 /INPUT 1 "clk";
    .port_info 1 /INPUT 1 "rst";
    .port_info 2 /INPUT 1 "UpOrDown";
    .port_info 3 /OUTPUT 4 "count";
v000002001bb0bed0_0 .net "UpOrDown", 0 0, v000002001bb9c0d0_0;  1 drivers
v000002001bb0cdb0_0 .net "clk", 0 0, v000002001bb9c170_0;  1 drivers
v000002001bb0ce50_0 .var "count", 3 0;
v000002001bb9c030_0 .net "rst", 0 0, v000002001bb9c2b0_0;  1 drivers
E_000002001bb44a10 .event posedge, v000002001bb9c030_0, v000002001bb0cdb0_0;
    .scope S_000002001bb0cc20;
T_0 ;
    %pushi/vec4 0, 0, 4;
    %store/vec4 v000002001bb0ce50_0, 0, 4;
    %end;
    .thread T_0;
    .scope S_000002001bb0cc20;
T_1 ;
    %wait E_000002001bb44a10;
    %load/vec4 v000002001bb9c030_0;
    %pad/u 32;
    %cmpi/e 1, 0, 32;
    %jmp/0xz  T_1.0, 4;
    %pushi/vec4 0, 0, 4;
    %assign/vec4 v000002001bb0ce50_0, 0;
    %jmp T_1.1;
T_1.0 ;
    %load/vec4 v000002001bb0bed0_0;
    %pad/u 32;
    %cmpi/e 1, 0, 32;
    %jmp/0xz  T_1.2, 4;
    %load/vec4 v000002001bb0ce50_0;
    %pad/u 32;
    %cmpi/e 15, 0, 32;
    %jmp/0xz  T_1.4, 4;
    %pushi/vec4 0, 0, 4;
    %assign/vec4 v000002001bb0ce50_0, 0;
    %jmp T_1.5;
T_1.4 ;
    %load/vec4 v000002001bb0ce50_0;
    %addi 1, 0, 4;
    %assign/vec4 v000002001bb0ce50_0, 0;
T_1.5 ;
    %jmp T_1.3;
T_1.2 ;
    %load/vec4 v000002001bb0ce50_0;
    %pad/u 32;
    %cmpi/e 0, 0, 32;
    %jmp/0xz  T_1.6, 4;
    %pushi/vec4 0, 0, 4;
    %assign/vec4 v000002001bb0ce50_0, 0;
    %jmp T_1.7;
T_1.6 ;
    %load/vec4 v000002001bb0ce50_0;
    %subi 1, 0, 4;
    %assign/vec4 v000002001bb0ce50_0, 0;
T_1.7 ;
T_1.3 ;
T_1.1 ;
    %jmp T_1;
    .thread T_1;
    .scope S_000002001bb0ca90;
T_2 ;
    %vpi_call 2 7 "$dumpfile", "updown.vcd" {0 0 0};
    %vpi_call 2 8 "$dumpvars", 32'sb00000000000000000000000000000000, S_000002001bb0ca90 {0 0 0};
    %end;
    .thread T_2;
    .scope S_000002001bb0ca90;
T_3 ;
    %pushi/vec4 0, 0, 1;
    %store/vec4 v000002001bb9c170_0, 0, 1;
T_3.0 ;
    %delay 5, 0;
    %load/vec4 v000002001bb9c170_0;
    %inv;
    %store/vec4 v000002001bb9c170_0, 0, 1;
    %jmp T_3.0;
    %pushi/vec4 0, 0, 1;
    %store/vec4 v000002001bb9c0d0_0, 0, 1;
T_3.1 ;
    %delay 10, 0;
    %load/vec4 v000002001bb9c0d0_0;
    %inv;
    %store/vec4 v000002001bb9c0d0_0, 0, 1;
    %jmp T_3.1;
    %end;
    .thread T_3;
    .scope S_000002001bb0ca90;
T_4 ;
    %pushi/vec4 0, 0, 1;
    %store/vec4 v000002001bb9c2b0_0, 0, 1;
    %delay 20, 0;
    %vpi_call 2 18 "$finish" {0 0 0};
    %end;
    .thread T_4;
# The file index is used to find the file name in the following table.
:file_names 4;
    "N/A";
    "<interactive>";
    "async_tb.v";
    "./async.v";
