#! /c/Source/iverilog-install/bin/vvp
:ivl_version "12.0 (devel)" "(s20150603-1539-g2693dd32b)";
:ivl_delay_selection "TYPICAL";
:vpi_time_precision + 0;
:vpi_module "C:\iverilog\lib\ivl\system.vpi";
:vpi_module "C:\iverilog\lib\ivl\vhdl_sys.vpi";
:vpi_module "C:\iverilog\lib\ivl\vhdl_textio.vpi";
:vpi_module "C:\iverilog\lib\ivl\v2005_math.vpi";
:vpi_module "C:\iverilog\lib\ivl\va_math.vpi";
S_000002b4470a60d0 .scope module, "async" "async" 2 1;
 .timescale 0 0;
    .port_info 0 /INPUT 1 "clk";
    .port_info 1 /INPUT 1 "rst";
    .port_info 2 /INPUT 1 "UpOrDown";
    .port_info 3 /OUTPUT 4 "count";
o000002b446fa6fb8 .functor BUFZ 1, C4<z>; HiZ drive
v000002b4470a6260_0 .net "UpOrDown", 0 0, o000002b446fa6fb8;  0 drivers
o000002b446fa6fe8 .functor BUFZ 1, C4<z>; HiZ drive
v000002b4470a6300_0 .net "clk", 0 0, o000002b446fa6fe8;  0 drivers
v000002b4470a63a0_0 .var "count", 3 0;
o000002b446fa7048 .functor BUFZ 1, C4<z>; HiZ drive
v000002b4470a6440_0 .net "rst", 0 0, o000002b446fa7048;  0 drivers
E_000002b446fa6690 .event posedge, v000002b4470a6440_0, v000002b4470a6300_0;
    .scope S_000002b4470a60d0;
T_0 ;
    %pushi/vec4 0, 0, 4;
    %store/vec4 v000002b4470a63a0_0, 0, 4;
    %end;
    .thread T_0;
    .scope S_000002b4470a60d0;
T_1 ;
    %wait E_000002b446fa6690;
    %load/vec4 v000002b4470a6440_0;
    %pad/u 32;
    %cmpi/e 1, 0, 32;
    %jmp/0xz  T_1.0, 4;
    %pushi/vec4 0, 0, 4;
    %assign/vec4 v000002b4470a63a0_0, 0;
    %jmp T_1.1;
T_1.0 ;
    %load/vec4 v000002b4470a6260_0;
    %pad/u 32;
    %cmpi/e 1, 0, 32;
    %jmp/0xz  T_1.2, 4;
    %load/vec4 v000002b4470a63a0_0;
    %pad/u 32;
    %cmpi/e 15, 0, 32;
    %jmp/0xz  T_1.4, 4;
    %pushi/vec4 0, 0, 4;
    %assign/vec4 v000002b4470a63a0_0, 0;
    %jmp T_1.5;
T_1.4 ;
    %load/vec4 v000002b4470a63a0_0;
    %addi 1, 0, 4;
    %assign/vec4 v000002b4470a63a0_0, 0;
T_1.5 ;
    %jmp T_1.3;
T_1.2 ;
    %load/vec4 v000002b4470a63a0_0;
    %pad/u 32;
    %cmpi/e 0, 0, 32;
    %jmp/0xz  T_1.6, 4;
    %pushi/vec4 0, 0, 4;
    %assign/vec4 v000002b4470a63a0_0, 0;
    %jmp T_1.7;
T_1.6 ;
    %load/vec4 v000002b4470a63a0_0;
    %subi 1, 0, 4;
    %assign/vec4 v000002b4470a63a0_0, 0;
T_1.7 ;
T_1.3 ;
T_1.1 ;
    %jmp T_1;
    .thread T_1;
# The file index is used to find the file name in the following table.
:file_names 3;
    "N/A";
    "<interactive>";
    "async.v";
