#! /c/Source/iverilog-install/bin/vvp
:ivl_version "12.0 (devel)" "(s20150603-1539-g2693dd32b)";
:ivl_delay_selection "TYPICAL";
:vpi_time_precision + 0;
:vpi_module "C:\iverilog\lib\ivl\system.vpi";
:vpi_module "C:\iverilog\lib\ivl\vhdl_sys.vpi";
:vpi_module "C:\iverilog\lib\ivl\vhdl_textio.vpi";
:vpi_module "C:\iverilog\lib\ivl\v2005_math.vpi";
:vpi_module "C:\iverilog\lib\ivl\va_math.vpi";
S_000002301eb8bae0 .scope module, "comparator_tb" "comparator_tb" 2 2;
 .timescale 0 0;
v000002301eb8d630_0 .var "a", 3 0;
v000002301ec1b840_0 .var "b", 3 0;
v000002301ec1b8e0_0 .net "e", 0 0, v000002301eb8d450_0;  1 drivers
v000002301ec1b980_0 .net "g", 0 0, v000002301eb8d4f0_0;  1 drivers
v000002301ec1ba20_0 .net "l", 0 0, v000002301eb8d590_0;  1 drivers
S_000002301eb8d2c0 .scope module, "comp" "comparator" 2 5, 3 1 0, S_000002301eb8bae0;
 .timescale 0 0;
    .port_info 0 /INPUT 4 "a";
    .port_info 1 /INPUT 4 "b";
    .port_info 2 /OUTPUT 1 "l";
    .port_info 3 /OUTPUT 1 "g";
    .port_info 4 /OUTPUT 1 "e";
v000002301eb86900_0 .net "a", 3 0, v000002301eb8d630_0;  1 drivers
v000002301eb86530_0 .net "b", 3 0, v000002301ec1b840_0;  1 drivers
v000002301eb8d450_0 .var "e", 0 0;
v000002301eb8d4f0_0 .var "g", 0 0;
v000002301eb8d590_0 .var "l", 0 0;
E_000002301eb898d0 .event anyedge, v000002301eb86530_0, v000002301eb86900_0;
    .scope S_000002301eb8d2c0;
T_0 ;
    %wait E_000002301eb898d0;
    %load/vec4 v000002301eb86900_0;
    %load/vec4 v000002301eb86530_0;
    %cmp/u;
    %jmp/0xz  T_0.0, 5;
    %pushi/vec4 1, 0, 1;
    %store/vec4 v000002301eb8d590_0, 0, 1;
    %pushi/vec4 0, 0, 1;
    %store/vec4 v000002301eb8d4f0_0, 0, 1;
    %pushi/vec4 0, 0, 1;
    %store/vec4 v000002301eb8d450_0, 0, 1;
    %jmp T_0.1;
T_0.0 ;
    %load/vec4 v000002301eb86530_0;
    %load/vec4 v000002301eb86900_0;
    %cmp/u;
    %jmp/0xz  T_0.2, 5;
    %pushi/vec4 0, 0, 1;
    %store/vec4 v000002301eb8d590_0, 0, 1;
    %pushi/vec4 1, 0, 1;
    %store/vec4 v000002301eb8d4f0_0, 0, 1;
    %pushi/vec4 0, 0, 1;
    %store/vec4 v000002301eb8d450_0, 0, 1;
    %jmp T_0.3;
T_0.2 ;
    %pushi/vec4 0, 0, 1;
    %store/vec4 v000002301eb8d590_0, 0, 1;
    %pushi/vec4 0, 0, 1;
    %store/vec4 v000002301eb8d4f0_0, 0, 1;
    %pushi/vec4 1, 0, 1;
    %store/vec4 v000002301eb8d450_0, 0, 1;
T_0.3 ;
T_0.1 ;
    %jmp T_0;
    .thread T_0, $push;
    .scope S_000002301eb8bae0;
T_1 ;
    %vpi_call 2 7 "$dumpfile", "comparator.vcd" {0 0 0};
    %vpi_call 2 8 "$dumpvars", 32'sb00000000000000000000000000000000, S_000002301eb8bae0 {0 0 0};
    %pushi/vec4 0, 0, 4;
    %store/vec4 v000002301eb8d630_0, 0, 4;
    %pushi/vec4 0, 0, 4;
    %store/vec4 v000002301ec1b840_0, 0, 4;
    %delay 2, 0;
    %pushi/vec4 5, 0, 4;
    %store/vec4 v000002301eb8d630_0, 0, 4;
    %pushi/vec4 2, 0, 4;
    %store/vec4 v000002301ec1b840_0, 0, 4;
    %delay 2, 0;
    %pushi/vec4 12, 0, 4;
    %store/vec4 v000002301eb8d630_0, 0, 4;
    %pushi/vec4 4, 0, 4;
    %store/vec4 v000002301ec1b840_0, 0, 4;
    %delay 2, 0;
    %end;
    .thread T_1;
# The file index is used to find the file name in the following table.
:file_names 4;
    "N/A";
    "<interactive>";
    "comparator4bit_tb.v";
    "./comparator4bit.v";
