#! /c/Source/iverilog-install/bin/vvp
:ivl_version "12.0 (devel)" "(s20150603-1539-g2693dd32b)";
:ivl_delay_selection "TYPICAL";
:vpi_time_precision + 0;
:vpi_module "C:\iverilog\lib\ivl\system.vpi";
:vpi_module "C:\iverilog\lib\ivl\vhdl_sys.vpi";
:vpi_module "C:\iverilog\lib\ivl\vhdl_textio.vpi";
:vpi_module "C:\iverilog\lib\ivl\v2005_math.vpi";
:vpi_module "C:\iverilog\lib\ivl\va_math.vpi";
S_000001d79bb16200 .scope module, "comparator" "comparator" 2 1;
 .timescale 0 0;
    .port_info 0 /INPUT 4 "a";
    .port_info 1 /INPUT 4 "b";
    .port_info 2 /OUTPUT 1 "l";
    .port_info 3 /OUTPUT 1 "g";
    .port_info 4 /OUTPUT 1 "e";
o000001d79b996f98 .functor BUFZ 4, C4<zzzz>; HiZ drive
v000001d79bb168c0_0 .net "a", 3 0, o000001d79b996f98;  0 drivers
o000001d79b996fc8 .functor BUFZ 4, C4<zzzz>; HiZ drive
v000001d79bb16390_0 .net "b", 3 0, o000001d79b996fc8;  0 drivers
v000001d79bb16430_0 .var "e", 0 0;
v000001d79bb164d0_0 .var "g", 0 0;
v000001d79bb1bc30_0 .var "l", 0 0;
E_000001d79bb1c630 .event anyedge, v000001d79bb16390_0, v000001d79bb168c0_0;
    .scope S_000001d79bb16200;
T_0 ;
    %wait E_000001d79bb1c630;
    %load/vec4 v000001d79bb168c0_0;
    %load/vec4 v000001d79bb16390_0;
    %cmp/u;
    %jmp/0xz  T_0.0, 5;
    %pushi/vec4 1, 0, 1;
    %store/vec4 v000001d79bb1bc30_0, 0, 1;
    %pushi/vec4 0, 0, 1;
    %store/vec4 v000001d79bb164d0_0, 0, 1;
    %pushi/vec4 0, 0, 1;
    %store/vec4 v000001d79bb16430_0, 0, 1;
    %jmp T_0.1;
T_0.0 ;
    %load/vec4 v000001d79bb16390_0;
    %load/vec4 v000001d79bb168c0_0;
    %cmp/u;
    %jmp/0xz  T_0.2, 5;
    %pushi/vec4 0, 0, 1;
    %store/vec4 v000001d79bb1bc30_0, 0, 1;
    %pushi/vec4 1, 0, 1;
    %store/vec4 v000001d79bb164d0_0, 0, 1;
    %pushi/vec4 0, 0, 1;
    %store/vec4 v000001d79bb16430_0, 0, 1;
    %jmp T_0.3;
T_0.2 ;
    %pushi/vec4 0, 0, 1;
    %store/vec4 v000001d79bb1bc30_0, 0, 1;
    %pushi/vec4 0, 0, 1;
    %store/vec4 v000001d79bb164d0_0, 0, 1;
    %pushi/vec4 1, 0, 1;
    %store/vec4 v000001d79bb16430_0, 0, 1;
T_0.3 ;
T_0.1 ;
    %jmp T_0;
    .thread T_0, $push;
# The file index is used to find the file name in the following table.
:file_names 3;
    "N/A";
    "<interactive>";
    "comparator4bit.v";
