#! /c/Source/iverilog-install/bin/vvp
:ivl_version "12.0 (devel)" "(s20150603-1539-g2693dd32b)";
:ivl_delay_selection "TYPICAL";
:vpi_time_precision + 0;
:vpi_module "C:\iverilog\lib\ivl\system.vpi";
:vpi_module "C:\iverilog\lib\ivl\vhdl_sys.vpi";
:vpi_module "C:\iverilog\lib\ivl\vhdl_textio.vpi";
:vpi_module "C:\iverilog\lib\ivl\v2005_math.vpi";
:vpi_module "C:\iverilog\lib\ivl\va_math.vpi";
S_0000022d4b066450 .scope module, "dff" "dff" 2 1;
 .timescale 0 0;
    .port_info 0 /INPUT 1 "d";
    .port_info 1 /INPUT 1 "clk";
    .port_info 2 /OUTPUT 1 "q";
    .port_info 3 /OUTPUT 1 "qbar";
o0000022d4b0b6f38 .functor BUFZ 1, C4<z>; HiZ drive
v0000022d4b066980_0 .net "clk", 0 0, o0000022d4b0b6f38;  0 drivers
o0000022d4b0b6f68 .functor BUFZ 1, C4<z>; HiZ drive
v0000022d4b0665e0_0 .net "d", 0 0, o0000022d4b0b6f68;  0 drivers
v0000022d4b066680_0 .var "q", 0 0;
v0000022d4b066720_0 .var "qbar", 0 0;
E_0000022d4b0b49e0 .event posedge, v0000022d4b066980_0;
    .scope S_0000022d4b066450;
T_0 ;
    %wait E_0000022d4b0b49e0;
    %load/vec4 v0000022d4b0665e0_0;
    %load/vec4 v0000022d4b0665e0_0;
    %inv;
    %concat/vec4; draw_concat_vec4
    %split/vec4 1;
    %assign/vec4 v0000022d4b066720_0, 0;
    %assign/vec4 v0000022d4b066680_0, 0;
    %jmp T_0;
    .thread T_0;
# The file index is used to find the file name in the following table.
:file_names 3;
    "N/A";
    "<interactive>";
    "dff.v";
