#! /c/Source/iverilog-install/bin/vvp
:ivl_version "12.0 (devel)" "(s20150603-1539-g2693dd32b)";
:ivl_delay_selection "TYPICAL";
:vpi_time_precision + 0;
:vpi_module "C:\iverilog\lib\ivl\system.vpi";
:vpi_module "C:\iverilog\lib\ivl\vhdl_sys.vpi";
:vpi_module "C:\iverilog\lib\ivl\vhdl_textio.vpi";
:vpi_module "C:\iverilog\lib\ivl\v2005_math.vpi";
:vpi_module "C:\iverilog\lib\ivl\va_math.vpi";
S_000001a300b260f0 .scope module, "full_adder" "full_adder" 2 1;
 .timescale 0 0;
    .port_info 0 /INPUT 1 "a";
    .port_info 1 /INPUT 1 "b";
    .port_info 2 /INPUT 1 "cin";
    .port_info 3 /OUTPUT 1 "s";
    .port_info 4 /OUTPUT 1 "cout";
o000001a300a570a8 .functor BUFZ 1, C4<z>; HiZ drive
o000001a300a570d8 .functor BUFZ 1, C4<z>; HiZ drive
L_000001a300b2a640 .functor XOR 1, o000001a300a570a8, o000001a300a570d8, C4<0>, C4<0>;
o000001a300a57108 .functor BUFZ 1, C4<z>; HiZ drive
L_000001a300b26750 .functor XOR 1, L_000001a300b2a640, o000001a300a57108, C4<0>, C4<0>;
L_000001a300b26b90 .functor AND 1, o000001a300a570a8, o000001a300a570d8, C4<1>, C4<1>;
L_000001a300b2ead0 .functor AND 1, o000001a300a570d8, o000001a300a57108, C4<1>, C4<1>;
L_000001a300b2eb40 .functor OR 1, L_000001a300b26b90, L_000001a300b2ead0, C4<0>, C4<0>;
L_000001a300b2ebb0 .functor AND 1, o000001a300a57108, o000001a300a570a8, C4<1>, C4<1>;
L_000001a300b2ec20 .functor OR 1, L_000001a300b2eb40, L_000001a300b2ebb0, C4<0>, C4<0>;
v000001a300b26970_0 .net *"_ivl_0", 0 0, L_000001a300b2a640;  1 drivers
v000001a300b2a5a0_0 .net *"_ivl_10", 0 0, L_000001a300b2ebb0;  1 drivers
v000001a300b26280_0 .net *"_ivl_4", 0 0, L_000001a300b26b90;  1 drivers
v000001a300b26320_0 .net *"_ivl_6", 0 0, L_000001a300b2ead0;  1 drivers
v000001a300b263c0_0 .net *"_ivl_8", 0 0, L_000001a300b2eb40;  1 drivers
v000001a300b26460_0 .net "a", 0 0, o000001a300a570a8;  0 drivers
v000001a300b2e850_0 .net "b", 0 0, o000001a300a570d8;  0 drivers
v000001a300b2e8f0_0 .net "cin", 0 0, o000001a300a57108;  0 drivers
v000001a300b2e990_0 .net "cout", 0 0, L_000001a300b2ec20;  1 drivers
v000001a300b2ea30_0 .net "s", 0 0, L_000001a300b26750;  1 drivers
# The file index is used to find the file name in the following table.
:file_names 3;
    "N/A";
    "<interactive>";
    "full_adder.v";
