#! /c/Source/iverilog-install/bin/vvp
:ivl_version "12.0 (devel)" "(s20150603-1539-g2693dd32b)";
:ivl_delay_selection "TYPICAL";
:vpi_time_precision + 0;
:vpi_module "C:\iverilog\lib\ivl\system.vpi";
:vpi_module "C:\iverilog\lib\ivl\vhdl_sys.vpi";
:vpi_module "C:\iverilog\lib\ivl\vhdl_textio.vpi";
:vpi_module "C:\iverilog\lib\ivl\v2005_math.vpi";
:vpi_module "C:\iverilog\lib\ivl\va_math.vpi";
S_00000201ce6b6180 .scope module, "dff" "dff" 2 1;
 .timescale 0 0;
    .port_info 0 /INPUT 1 "d";
    .port_info 1 /INPUT 1 "clk";
    .port_info 2 /INPUT 1 "rst";
    .port_info 3 /OUTPUT 1 "q";
    .port_info 4 /OUTPUT 1 "qbar";
o00000201ce706b38 .functor BUFZ 1, C4<z>; HiZ drive
v00000201ce6b66b0_0 .net "clk", 0 0, o00000201ce706b38;  0 drivers
o00000201ce706b68 .functor BUFZ 1, C4<z>; HiZ drive
v00000201ce6b6310_0 .net "d", 0 0, o00000201ce706b68;  0 drivers
v00000201ce6b63b0_0 .var "q", 0 0;
v00000201ce6b6450_0 .var "qbar", 0 0;
o00000201ce706bf8 .functor BUFZ 1, C4<z>; HiZ drive
v00000201ce6bdfc0_0 .net "rst", 0 0, o00000201ce706bf8;  0 drivers
E_00000201ce704d70 .event posedge, v00000201ce6b66b0_0;
    .scope S_00000201ce6b6180;
T_0 ;
    %wait E_00000201ce704d70;
    %load/vec4 v00000201ce6bdfc0_0;
    %flag_set/vec4 8;
    %jmp/0xz  T_0.0, 8;
    %pushi/vec4 1, 0, 2;
    %split/vec4 1;
    %assign/vec4 v00000201ce6b6450_0, 0;
    %assign/vec4 v00000201ce6b63b0_0, 0;
    %jmp T_0.1;
T_0.0 ;
    %load/vec4 v00000201ce6b6310_0;
    %load/vec4 v00000201ce6b6310_0;
    %inv;
    %concat/vec4; draw_concat_vec4
    %split/vec4 1;
    %assign/vec4 v00000201ce6b6450_0, 0;
    %assign/vec4 v00000201ce6b63b0_0, 0;
T_0.1 ;
    %jmp T_0;
    .thread T_0;
# The file index is used to find the file name in the following table.
:file_names 3;
    "N/A";
    "<interactive>";
    "dff.v";
