#! /c/Source/iverilog-install/bin/vvp
:ivl_version "12.0 (devel)" "(s20150603-1539-g2693dd32b)";
:ivl_delay_selection "TYPICAL";
:vpi_time_precision + 0;
:vpi_module "C:\iverilog\lib\ivl\system.vpi";
:vpi_module "C:\iverilog\lib\ivl\vhdl_sys.vpi";
:vpi_module "C:\iverilog\lib\ivl\vhdl_textio.vpi";
:vpi_module "C:\iverilog\lib\ivl\v2005_math.vpi";
:vpi_module "C:\iverilog\lib\ivl\va_math.vpi";
S_000001385b1e5dd0 .scope module, "dff_tb" "dff_tb" 2 2;
 .timescale 0 0;
v000001385b09be50_0 .var "clk", 0 0;
v000001385b09bef0_0 .var "d", 0 0;
v000001385b229820_0 .net "q", 0 0, v000001385b09bc70_0;  1 drivers
v000001385b2298c0_0 .net "qbar", 0 0, v000001385b09bd10_0;  1 drivers
v000001385b229960_0 .var "rst", 0 0;
S_000001385b1e5f60 .scope module, "df" "dff" 2 5, 3 1 0, S_000001385b1e5dd0;
 .timescale 0 0;
    .port_info 0 /INPUT 1 "d";
    .port_info 1 /INPUT 1 "clk";
    .port_info 2 /INPUT 1 "rst";
    .port_info 3 /OUTPUT 1 "q";
    .port_info 4 /OUTPUT 1 "qbar";
v000001385b0966f0_0 .net "clk", 0 0, v000001385b09be50_0;  1 drivers
v000001385b09b1f0_0 .net "d", 0 0, v000001385b09bef0_0;  1 drivers
v000001385b09bc70_0 .var "q", 0 0;
v000001385b09bd10_0 .var "qbar", 0 0;
v000001385b09bdb0_0 .net "rst", 0 0, v000001385b229960_0;  1 drivers
E_000001385b09c7a0 .event posedge, v000001385b0966f0_0;
    .scope S_000001385b1e5f60;
T_0 ;
    %wait E_000001385b09c7a0;
    %load/vec4 v000001385b09bdb0_0;
    %flag_set/vec4 8;
    %jmp/0xz  T_0.0, 8;
    %pushi/vec4 1, 0, 2;
    %split/vec4 1;
    %assign/vec4 v000001385b09bd10_0, 0;
    %assign/vec4 v000001385b09bc70_0, 0;
    %jmp T_0.1;
T_0.0 ;
    %load/vec4 v000001385b09b1f0_0;
    %load/vec4 v000001385b09b1f0_0;
    %inv;
    %concat/vec4; draw_concat_vec4
    %split/vec4 1;
    %assign/vec4 v000001385b09bd10_0, 0;
    %assign/vec4 v000001385b09bc70_0, 0;
T_0.1 ;
    %jmp T_0;
    .thread T_0;
    .scope S_000001385b1e5dd0;
T_1 ;
    %pushi/vec4 0, 0, 1;
    %store/vec4 v000001385b09be50_0, 0, 1;
T_1.0 ;
    %delay 5, 0;
    %load/vec4 v000001385b09be50_0;
    %inv;
    %store/vec4 v000001385b09be50_0, 0, 1;
    %jmp T_1.0;
    %end;
    .thread T_1;
    .scope S_000001385b1e5dd0;
T_2 ;
    %pushi/vec4 1, 0, 1;
    %store/vec4 v000001385b229960_0, 0, 1;
    %delay 10, 0;
    %pushi/vec4 0, 0, 1;
    %store/vec4 v000001385b229960_0, 0, 1;
    %pushi/vec4 1, 0, 1;
    %store/vec4 v000001385b09bef0_0, 0, 1;
    %delay 10, 0;
    %pushi/vec4 0, 0, 1;
    %store/vec4 v000001385b09bef0_0, 0, 1;
    %delay 10, 0;
    %vpi_call 2 14 "$finish" {0 0 0};
    %end;
    .thread T_2;
    .scope S_000001385b1e5dd0;
T_3 ;
    %vpi_call 2 17 "$dumpfile", "dff.vcd" {0 0 0};
    %vpi_call 2 18 "$dumpvars", 32'sb00000000000000000000000000000000, S_000001385b1e5dd0 {0 0 0};
    %end;
    .thread T_3;
# The file index is used to find the file name in the following table.
:file_names 4;
    "N/A";
    "<interactive>";
    "dff_tb.v";
    "./dff.v";
