#! /c/Source/iverilog-install/bin/vvp
:ivl_version "12.0 (devel)" "(s20150603-1539-g2693dd32b)";
:ivl_delay_selection "TYPICAL";
:vpi_time_precision + 0;
:vpi_module "C:\iverilog\lib\ivl\system.vpi";
:vpi_module "C:\iverilog\lib\ivl\vhdl_sys.vpi";
:vpi_module "C:\iverilog\lib\ivl\vhdl_textio.vpi";
:vpi_module "C:\iverilog\lib\ivl\v2005_math.vpi";
:vpi_module "C:\iverilog\lib\ivl\va_math.vpi";
S_0000025756e664b0 .scope module, "async_count" "async_count" 2 1;
 .timescale 0 0;
    .port_info 0 /INPUT 1 "j";
    .port_info 1 /INPUT 1 "k";
    .port_info 2 /INPUT 1 "clk";
    .port_info 3 /INPUT 1 "rst";
    .port_info 4 /OUTPUT 4 "q";
o0000025756e67fd8 .functor BUFZ 1, C4<z>; HiZ drive
v0000025756e62ab0_0 .net "clk", 0 0, o0000025756e67fd8;  0 drivers
o0000025756e68008 .functor BUFZ 1, C4<z>; HiZ drive
v0000025756e628d0_0 .net "j", 0 0, o0000025756e68008;  0 drivers
o0000025756e68038 .functor BUFZ 1, C4<z>; HiZ drive
v0000025756e62010_0 .net "k", 0 0, o0000025756e68038;  0 drivers
v0000025756e621f0_0 .net "q", 3 0, L_0000025756e62c90;  1 drivers
o0000025756e68098 .functor BUFZ 1, C4<z>; HiZ drive
v0000025756e62830_0 .net "rst", 0 0, o0000025756e68098;  0 drivers
L_0000025756e62b50 .part L_0000025756e62c90, 0, 1;
L_0000025756e62bf0 .part L_0000025756e62c90, 1, 1;
L_0000025756e620b0 .part L_0000025756e62c90, 2, 1;
L_0000025756e62c90 .concat8 [ 1 1 1 1], v0000025756e57ac0_0, v0000025756eb0b10_0, v0000025756e62f10_0, v0000025756e625b0_0;
S_0000025756e66640 .scope module, "j1" "jkff" 2 4, 2 10 0, S_0000025756e664b0;
 .timescale 0 0;
    .port_info 0 /INPUT 1 "j";
    .port_info 1 /INPUT 1 "k";
    .port_info 2 /INPUT 1 "clk";
    .port_info 3 /INPUT 1 "rst";
    .port_info 4 /OUTPUT 1 "q";
v0000025756fb6730_0 .net "clk", 0 0, o0000025756e67fd8;  alias, 0 drivers
v0000025756fb64d0_0 .net "j", 0 0, o0000025756e68008;  alias, 0 drivers
v0000025756e5ade0_0 .net "k", 0 0, o0000025756e68038;  alias, 0 drivers
v0000025756e57ac0_0 .var "q", 0 0;
v0000025756e577c0_0 .net "rst", 0 0, o0000025756e68098;  alias, 0 drivers
E_0000025756fbb000 .event posedge, v0000025756fb6730_0;
S_0000025756eb0840 .scope module, "j2" "jkff" 2 5, 2 10 0, S_0000025756e664b0;
 .timescale 0 0;
    .port_info 0 /INPUT 1 "j";
    .port_info 1 /INPUT 1 "k";
    .port_info 2 /INPUT 1 "clk";
    .port_info 3 /INPUT 1 "rst";
    .port_info 4 /OUTPUT 1 "q";
v0000025756e560a0_0 .net "clk", 0 0, L_0000025756e62b50;  1 drivers
v0000025756eb09d0_0 .net "j", 0 0, o0000025756e68008;  alias, 0 drivers
v0000025756eb0a70_0 .net "k", 0 0, o0000025756e68038;  alias, 0 drivers
v0000025756eb0b10_0 .var "q", 0 0;
v0000025756eb0bb0_0 .net "rst", 0 0, o0000025756e68098;  alias, 0 drivers
E_0000025756fbb640 .event posedge, v0000025756e560a0_0;
S_0000025756eb0c50 .scope module, "j3" "jkff" 2 6, 2 10 0, S_0000025756e664b0;
 .timescale 0 0;
    .port_info 0 /INPUT 1 "j";
    .port_info 1 /INPUT 1 "k";
    .port_info 2 /INPUT 1 "clk";
    .port_info 3 /INPUT 1 "rst";
    .port_info 4 /OUTPUT 1 "q";
v0000025756e62650_0 .net "clk", 0 0, L_0000025756e62bf0;  1 drivers
v0000025756e62d30_0 .net "j", 0 0, o0000025756e68008;  alias, 0 drivers
v0000025756e626f0_0 .net "k", 0 0, o0000025756e68038;  alias, 0 drivers
v0000025756e62f10_0 .var "q", 0 0;
v0000025756e62970_0 .net "rst", 0 0, o0000025756e68098;  alias, 0 drivers
E_0000025756fbb380 .event posedge, v0000025756e62650_0;
S_0000025756eb0de0 .scope module, "j4" "jkff" 2 7, 2 10 0, S_0000025756e664b0;
 .timescale 0 0;
    .port_info 0 /INPUT 1 "j";
    .port_info 1 /INPUT 1 "k";
    .port_info 2 /INPUT 1 "clk";
    .port_info 3 /INPUT 1 "rst";
    .port_info 4 /OUTPUT 1 "q";
v0000025756e62dd0_0 .net "clk", 0 0, L_0000025756e620b0;  1 drivers
v0000025756e62790_0 .net "j", 0 0, o0000025756e68008;  alias, 0 drivers
v0000025756e62a10_0 .net "k", 0 0, o0000025756e68038;  alias, 0 drivers
v0000025756e625b0_0 .var "q", 0 0;
v0000025756e62330_0 .net "rst", 0 0, o0000025756e68098;  alias, 0 drivers
E_0000025756fbb940 .event posedge, v0000025756e62dd0_0;
    .scope S_0000025756e66640;
T_0 ;
    %wait E_0000025756fbb000;
    %load/vec4 v0000025756e577c0_0;
    %flag_set/vec4 8;
    %jmp/0xz  T_0.0, 8;
    %pushi/vec4 1, 0, 1;
    %assign/vec4 v0000025756e57ac0_0, 0;
    %jmp T_0.1;
T_0.0 ;
    %load/vec4 v0000025756fb64d0_0;
    %load/vec4 v0000025756e5ade0_0;
    %concat/vec4; draw_concat_vec4
    %dup/vec4;
    %pushi/vec4 0, 0, 2;
    %cmp/u;
    %jmp/1 T_0.2, 6;
    %dup/vec4;
    %pushi/vec4 1, 0, 2;
    %cmp/u;
    %jmp/1 T_0.3, 6;
    %dup/vec4;
    %pushi/vec4 2, 0, 2;
    %cmp/u;
    %jmp/1 T_0.4, 6;
    %dup/vec4;
    %pushi/vec4 3, 0, 2;
    %cmp/u;
    %jmp/1 T_0.5, 6;
    %jmp T_0.7;
T_0.2 ;
    %load/vec4 v0000025756e57ac0_0;
    %assign/vec4 v0000025756e57ac0_0, 0;
    %jmp T_0.7;
T_0.3 ;
    %pushi/vec4 0, 0, 1;
    %assign/vec4 v0000025756e57ac0_0, 0;
    %jmp T_0.7;
T_0.4 ;
    %pushi/vec4 1, 0, 1;
    %assign/vec4 v0000025756e57ac0_0, 0;
    %jmp T_0.7;
T_0.5 ;
    %load/vec4 v0000025756e57ac0_0;
    %inv;
    %assign/vec4 v0000025756e57ac0_0, 0;
    %jmp T_0.7;
T_0.7 ;
    %pop/vec4 1;
T_0.1 ;
    %jmp T_0;
    .thread T_0;
    .scope S_0000025756eb0840;
T_1 ;
    %wait E_0000025756fbb640;
    %load/vec4 v0000025756eb0bb0_0;
    %flag_set/vec4 8;
    %jmp/0xz  T_1.0, 8;
    %pushi/vec4 1, 0, 1;
    %assign/vec4 v0000025756eb0b10_0, 0;
    %jmp T_1.1;
T_1.0 ;
    %load/vec4 v0000025756eb09d0_0;
    %load/vec4 v0000025756eb0a70_0;
    %concat/vec4; draw_concat_vec4
    %dup/vec4;
    %pushi/vec4 0, 0, 2;
    %cmp/u;
    %jmp/1 T_1.2, 6;
    %dup/vec4;
    %pushi/vec4 1, 0, 2;
    %cmp/u;
    %jmp/1 T_1.3, 6;
    %dup/vec4;
    %pushi/vec4 2, 0, 2;
    %cmp/u;
    %jmp/1 T_1.4, 6;
    %dup/vec4;
    %pushi/vec4 3, 0, 2;
    %cmp/u;
    %jmp/1 T_1.5, 6;
    %jmp T_1.7;
T_1.2 ;
    %load/vec4 v0000025756eb0b10_0;
    %assign/vec4 v0000025756eb0b10_0, 0;
    %jmp T_1.7;
T_1.3 ;
    %pushi/vec4 0, 0, 1;
    %assign/vec4 v0000025756eb0b10_0, 0;
    %jmp T_1.7;
T_1.4 ;
    %pushi/vec4 1, 0, 1;
    %assign/vec4 v0000025756eb0b10_0, 0;
    %jmp T_1.7;
T_1.5 ;
    %load/vec4 v0000025756eb0b10_0;
    %inv;
    %assign/vec4 v0000025756eb0b10_0, 0;
    %jmp T_1.7;
T_1.7 ;
    %pop/vec4 1;
T_1.1 ;
    %jmp T_1;
    .thread T_1;
    .scope S_0000025756eb0c50;
T_2 ;
    %wait E_0000025756fbb380;
    %load/vec4 v0000025756e62970_0;
    %flag_set/vec4 8;
    %jmp/0xz  T_2.0, 8;
    %pushi/vec4 1, 0, 1;
    %assign/vec4 v0000025756e62f10_0, 0;
    %jmp T_2.1;
T_2.0 ;
    %load/vec4 v0000025756e62d30_0;
    %load/vec4 v0000025756e626f0_0;
    %concat/vec4; draw_concat_vec4
    %dup/vec4;
    %pushi/vec4 0, 0, 2;
    %cmp/u;
    %jmp/1 T_2.2, 6;
    %dup/vec4;
    %pushi/vec4 1, 0, 2;
    %cmp/u;
    %jmp/1 T_2.3, 6;
    %dup/vec4;
    %pushi/vec4 2, 0, 2;
    %cmp/u;
    %jmp/1 T_2.4, 6;
    %dup/vec4;
    %pushi/vec4 3, 0, 2;
    %cmp/u;
    %jmp/1 T_2.5, 6;
    %jmp T_2.7;
T_2.2 ;
    %load/vec4 v0000025756e62f10_0;
    %assign/vec4 v0000025756e62f10_0, 0;
    %jmp T_2.7;
T_2.3 ;
    %pushi/vec4 0, 0, 1;
    %assign/vec4 v0000025756e62f10_0, 0;
    %jmp T_2.7;
T_2.4 ;
    %pushi/vec4 1, 0, 1;
    %assign/vec4 v0000025756e62f10_0, 0;
    %jmp T_2.7;
T_2.5 ;
    %load/vec4 v0000025756e62f10_0;
    %inv;
    %assign/vec4 v0000025756e62f10_0, 0;
    %jmp T_2.7;
T_2.7 ;
    %pop/vec4 1;
T_2.1 ;
    %jmp T_2;
    .thread T_2;
    .scope S_0000025756eb0de0;
T_3 ;
    %wait E_0000025756fbb940;
    %load/vec4 v0000025756e62330_0;
    %flag_set/vec4 8;
    %jmp/0xz  T_3.0, 8;
    %pushi/vec4 1, 0, 1;
    %assign/vec4 v0000025756e625b0_0, 0;
    %jmp T_3.1;
T_3.0 ;
    %load/vec4 v0000025756e62790_0;
    %load/vec4 v0000025756e62a10_0;
    %concat/vec4; draw_concat_vec4
    %dup/vec4;
    %pushi/vec4 0, 0, 2;
    %cmp/u;
    %jmp/1 T_3.2, 6;
    %dup/vec4;
    %pushi/vec4 1, 0, 2;
    %cmp/u;
    %jmp/1 T_3.3, 6;
    %dup/vec4;
    %pushi/vec4 2, 0, 2;
    %cmp/u;
    %jmp/1 T_3.4, 6;
    %dup/vec4;
    %pushi/vec4 3, 0, 2;
    %cmp/u;
    %jmp/1 T_3.5, 6;
    %jmp T_3.7;
T_3.2 ;
    %load/vec4 v0000025756e625b0_0;
    %assign/vec4 v0000025756e625b0_0, 0;
    %jmp T_3.7;
T_3.3 ;
    %pushi/vec4 0, 0, 1;
    %assign/vec4 v0000025756e625b0_0, 0;
    %jmp T_3.7;
T_3.4 ;
    %pushi/vec4 1, 0, 1;
    %assign/vec4 v0000025756e625b0_0, 0;
    %jmp T_3.7;
T_3.5 ;
    %load/vec4 v0000025756e625b0_0;
    %inv;
    %assign/vec4 v0000025756e625b0_0, 0;
    %jmp T_3.7;
T_3.7 ;
    %pop/vec4 1;
T_3.1 ;
    %jmp T_3;
    .thread T_3;
# The file index is used to find the file name in the following table.
:file_names 3;
    "N/A";
    "<interactive>";
    "asyc_count.v";
