#! /c/Source/iverilog-install/bin/vvp
:ivl_version "12.0 (devel)" "(s20150603-1539-g2693dd32b)";
:ivl_delay_selection "TYPICAL";
:vpi_time_precision + 0;
:vpi_module "C:\iverilog\lib\ivl\system.vpi";
:vpi_module "C:\iverilog\lib\ivl\vhdl_sys.vpi";
:vpi_module "C:\iverilog\lib\ivl\vhdl_textio.vpi";
:vpi_module "C:\iverilog\lib\ivl\v2005_math.vpi";
:vpi_module "C:\iverilog\lib\ivl\va_math.vpi";
S_0000016fe4b564b0 .scope module, "async_count" "async_count" 2 1;
 .timescale 0 0;
    .port_info 0 /INPUT 1 "j";
    .port_info 1 /INPUT 1 "k";
    .port_info 2 /INPUT 1 "clk";
    .port_info 3 /INPUT 1 "rst";
    .port_info 4 /OUTPUT 4 "q";
o0000016fe4b57fd8 .functor BUFZ 1, C4<z>; HiZ drive
v0000016fe4b52510_0 .net "clk", 0 0, o0000016fe4b57fd8;  0 drivers
o0000016fe4b58008 .functor BUFZ 1, C4<z>; HiZ drive
v0000016fe4b52ab0_0 .net "j", 0 0, o0000016fe4b58008;  0 drivers
o0000016fe4b58038 .functor BUFZ 1, C4<z>; HiZ drive
v0000016fe4b52790_0 .net "k", 0 0, o0000016fe4b58038;  0 drivers
v0000016fe4b52d30_0 .net "q", 3 0, L_0000016fe4b52330;  1 drivers
o0000016fe4b58098 .functor BUFZ 1, C4<z>; HiZ drive
v0000016fe4b52650_0 .net "rst", 0 0, o0000016fe4b58098;  0 drivers
L_0000016fe4b52f10 .part L_0000016fe4b52330, 0, 1;
L_0000016fe4b521f0 .part L_0000016fe4b52330, 1, 1;
L_0000016fe4b52b50 .part L_0000016fe4b52330, 2, 1;
L_0000016fe4b52330 .concat8 [ 1 1 1 1], v0000016fe4b47ac0_0, v0000016fe4ba0b10_0, v0000016fe4b52830_0, v0000016fe4b52a10_0;
S_0000016fe4b56640 .scope module, "j1" "jkff" 2 4, 2 10 0, S_0000016fe4b564b0;
 .timescale 0 0;
    .port_info 0 /INPUT 1 "j";
    .port_info 1 /INPUT 1 "k";
    .port_info 2 /INPUT 1 "clk";
    .port_info 3 /INPUT 1 "rst";
    .port_info 4 /OUTPUT 1 "q";
v0000016fe4b06730_0 .net "clk", 0 0, o0000016fe4b57fd8;  alias, 0 drivers
v0000016fe4b064d0_0 .net "j", 0 0, o0000016fe4b58008;  alias, 0 drivers
v0000016fe4b4ade0_0 .net "k", 0 0, o0000016fe4b58038;  alias, 0 drivers
v0000016fe4b47ac0_0 .var "q", 0 0;
v0000016fe4b477c0_0 .net "rst", 0 0, o0000016fe4b58098;  alias, 0 drivers
E_0000016fe4b0ac80 .event posedge, v0000016fe4b06730_0;
S_0000016fe4ba0840 .scope module, "j2" "jkff" 2 5, 2 10 0, S_0000016fe4b564b0;
 .timescale 0 0;
    .port_info 0 /INPUT 1 "j";
    .port_info 1 /INPUT 1 "k";
    .port_info 2 /INPUT 1 "clk";
    .port_info 3 /INPUT 1 "rst";
    .port_info 4 /OUTPUT 1 "q";
v0000016fe4b460a0_0 .net "clk", 0 0, L_0000016fe4b52f10;  1 drivers
v0000016fe4ba09d0_0 .net "j", 0 0, o0000016fe4b58008;  alias, 0 drivers
v0000016fe4ba0a70_0 .net "k", 0 0, o0000016fe4b58038;  alias, 0 drivers
v0000016fe4ba0b10_0 .var "q", 0 0;
v0000016fe4ba0bb0_0 .net "rst", 0 0, o0000016fe4b58098;  alias, 0 drivers
E_0000016fe4b0b700 .event posedge, v0000016fe4b460a0_0;
S_0000016fe4ba0c50 .scope module, "j3" "jkff" 2 6, 2 10 0, S_0000016fe4b564b0;
 .timescale 0 0;
    .port_info 0 /INPUT 1 "j";
    .port_info 1 /INPUT 1 "k";
    .port_info 2 /INPUT 1 "clk";
    .port_info 3 /INPUT 1 "rst";
    .port_info 4 /OUTPUT 1 "q";
v0000016fe4b52290_0 .net "clk", 0 0, L_0000016fe4b521f0;  1 drivers
v0000016fe4b52e70_0 .net "j", 0 0, o0000016fe4b58008;  alias, 0 drivers
v0000016fe4b52c90_0 .net "k", 0 0, o0000016fe4b58038;  alias, 0 drivers
v0000016fe4b52830_0 .var "q", 0 0;
v0000016fe4b528d0_0 .net "rst", 0 0, o0000016fe4b58098;  alias, 0 drivers
E_0000016fe4b0ab80 .event posedge, v0000016fe4b52290_0;
S_0000016fe4ba0de0 .scope module, "j4" "jkff" 2 7, 2 10 0, S_0000016fe4b564b0;
 .timescale 0 0;
    .port_info 0 /INPUT 1 "j";
    .port_info 1 /INPUT 1 "k";
    .port_info 2 /INPUT 1 "clk";
    .port_info 3 /INPUT 1 "rst";
    .port_info 4 /OUTPUT 1 "q";
v0000016fe4b52470_0 .net "clk", 0 0, L_0000016fe4b52b50;  1 drivers
v0000016fe4b526f0_0 .net "j", 0 0, o0000016fe4b58008;  alias, 0 drivers
v0000016fe4b525b0_0 .net "k", 0 0, o0000016fe4b58038;  alias, 0 drivers
v0000016fe4b52a10_0 .var "q", 0 0;
v0000016fe4b52970_0 .net "rst", 0 0, o0000016fe4b58098;  alias, 0 drivers
E_0000016fe4b0b440 .event posedge, v0000016fe4b52470_0;
    .scope S_0000016fe4b56640;
T_0 ;
    %wait E_0000016fe4b0ac80;
    %load/vec4 v0000016fe4b477c0_0;
    %flag_set/vec4 8;
    %jmp/0xz  T_0.0, 8;
    %pushi/vec4 0, 0, 1;
    %assign/vec4 v0000016fe4b47ac0_0, 0;
    %jmp T_0.1;
T_0.0 ;
    %load/vec4 v0000016fe4b064d0_0;
    %load/vec4 v0000016fe4b4ade0_0;
    %concat/vec4; draw_concat_vec4
    %dup/vec4;
    %pushi/vec4 0, 0, 2;
    %cmp/u;
    %jmp/1 T_0.2, 6;
    %dup/vec4;
    %pushi/vec4 1, 0, 2;
    %cmp/u;
    %jmp/1 T_0.3, 6;
    %dup/vec4;
    %pushi/vec4 2, 0, 2;
    %cmp/u;
    %jmp/1 T_0.4, 6;
    %dup/vec4;
    %pushi/vec4 3, 0, 2;
    %cmp/u;
    %jmp/1 T_0.5, 6;
    %jmp T_0.7;
T_0.2 ;
    %load/vec4 v0000016fe4b47ac0_0;
    %assign/vec4 v0000016fe4b47ac0_0, 0;
    %jmp T_0.7;
T_0.3 ;
    %pushi/vec4 0, 0, 1;
    %assign/vec4 v0000016fe4b47ac0_0, 0;
    %jmp T_0.7;
T_0.4 ;
    %pushi/vec4 1, 0, 1;
    %assign/vec4 v0000016fe4b47ac0_0, 0;
    %jmp T_0.7;
T_0.5 ;
    %load/vec4 v0000016fe4b47ac0_0;
    %inv;
    %assign/vec4 v0000016fe4b47ac0_0, 0;
    %jmp T_0.7;
T_0.7 ;
    %pop/vec4 1;
T_0.1 ;
    %jmp T_0;
    .thread T_0;
    .scope S_0000016fe4ba0840;
T_1 ;
    %wait E_0000016fe4b0b700;
    %load/vec4 v0000016fe4ba0bb0_0;
    %flag_set/vec4 8;
    %jmp/0xz  T_1.0, 8;
    %pushi/vec4 0, 0, 1;
    %assign/vec4 v0000016fe4ba0b10_0, 0;
    %jmp T_1.1;
T_1.0 ;
    %load/vec4 v0000016fe4ba09d0_0;
    %load/vec4 v0000016fe4ba0a70_0;
    %concat/vec4; draw_concat_vec4
    %dup/vec4;
    %pushi/vec4 0, 0, 2;
    %cmp/u;
    %jmp/1 T_1.2, 6;
    %dup/vec4;
    %pushi/vec4 1, 0, 2;
    %cmp/u;
    %jmp/1 T_1.3, 6;
    %dup/vec4;
    %pushi/vec4 2, 0, 2;
    %cmp/u;
    %jmp/1 T_1.4, 6;
    %dup/vec4;
    %pushi/vec4 3, 0, 2;
    %cmp/u;
    %jmp/1 T_1.5, 6;
    %jmp T_1.7;
T_1.2 ;
    %load/vec4 v0000016fe4ba0b10_0;
    %assign/vec4 v0000016fe4ba0b10_0, 0;
    %jmp T_1.7;
T_1.3 ;
    %pushi/vec4 0, 0, 1;
    %assign/vec4 v0000016fe4ba0b10_0, 0;
    %jmp T_1.7;
T_1.4 ;
    %pushi/vec4 1, 0, 1;
    %assign/vec4 v0000016fe4ba0b10_0, 0;
    %jmp T_1.7;
T_1.5 ;
    %load/vec4 v0000016fe4ba0b10_0;
    %inv;
    %assign/vec4 v0000016fe4ba0b10_0, 0;
    %jmp T_1.7;
T_1.7 ;
    %pop/vec4 1;
T_1.1 ;
    %jmp T_1;
    .thread T_1;
    .scope S_0000016fe4ba0c50;
T_2 ;
    %wait E_0000016fe4b0ab80;
    %load/vec4 v0000016fe4b528d0_0;
    %flag_set/vec4 8;
    %jmp/0xz  T_2.0, 8;
    %pushi/vec4 0, 0, 1;
    %assign/vec4 v0000016fe4b52830_0, 0;
    %jmp T_2.1;
T_2.0 ;
    %load/vec4 v0000016fe4b52e70_0;
    %load/vec4 v0000016fe4b52c90_0;
    %concat/vec4; draw_concat_vec4
    %dup/vec4;
    %pushi/vec4 0, 0, 2;
    %cmp/u;
    %jmp/1 T_2.2, 6;
    %dup/vec4;
    %pushi/vec4 1, 0, 2;
    %cmp/u;
    %jmp/1 T_2.3, 6;
    %dup/vec4;
    %pushi/vec4 2, 0, 2;
    %cmp/u;
    %jmp/1 T_2.4, 6;
    %dup/vec4;
    %pushi/vec4 3, 0, 2;
    %cmp/u;
    %jmp/1 T_2.5, 6;
    %jmp T_2.7;
T_2.2 ;
    %load/vec4 v0000016fe4b52830_0;
    %assign/vec4 v0000016fe4b52830_0, 0;
    %jmp T_2.7;
T_2.3 ;
    %pushi/vec4 0, 0, 1;
    %assign/vec4 v0000016fe4b52830_0, 0;
    %jmp T_2.7;
T_2.4 ;
    %pushi/vec4 1, 0, 1;
    %assign/vec4 v0000016fe4b52830_0, 0;
    %jmp T_2.7;
T_2.5 ;
    %load/vec4 v0000016fe4b52830_0;
    %inv;
    %assign/vec4 v0000016fe4b52830_0, 0;
    %jmp T_2.7;
T_2.7 ;
    %pop/vec4 1;
T_2.1 ;
    %jmp T_2;
    .thread T_2;
    .scope S_0000016fe4ba0de0;
T_3 ;
    %wait E_0000016fe4b0b440;
    %load/vec4 v0000016fe4b52970_0;
    %flag_set/vec4 8;
    %jmp/0xz  T_3.0, 8;
    %pushi/vec4 0, 0, 1;
    %assign/vec4 v0000016fe4b52a10_0, 0;
    %jmp T_3.1;
T_3.0 ;
    %load/vec4 v0000016fe4b526f0_0;
    %load/vec4 v0000016fe4b525b0_0;
    %concat/vec4; draw_concat_vec4
    %dup/vec4;
    %pushi/vec4 0, 0, 2;
    %cmp/u;
    %jmp/1 T_3.2, 6;
    %dup/vec4;
    %pushi/vec4 1, 0, 2;
    %cmp/u;
    %jmp/1 T_3.3, 6;
    %dup/vec4;
    %pushi/vec4 2, 0, 2;
    %cmp/u;
    %jmp/1 T_3.4, 6;
    %dup/vec4;
    %pushi/vec4 3, 0, 2;
    %cmp/u;
    %jmp/1 T_3.5, 6;
    %jmp T_3.7;
T_3.2 ;
    %load/vec4 v0000016fe4b52a10_0;
    %assign/vec4 v0000016fe4b52a10_0, 0;
    %jmp T_3.7;
T_3.3 ;
    %pushi/vec4 0, 0, 1;
    %assign/vec4 v0000016fe4b52a10_0, 0;
    %jmp T_3.7;
T_3.4 ;
    %pushi/vec4 1, 0, 1;
    %assign/vec4 v0000016fe4b52a10_0, 0;
    %jmp T_3.7;
T_3.5 ;
    %load/vec4 v0000016fe4b52a10_0;
    %inv;
    %assign/vec4 v0000016fe4b52a10_0, 0;
    %jmp T_3.7;
T_3.7 ;
    %pop/vec4 1;
T_3.1 ;
    %jmp T_3;
    .thread T_3;
# The file index is used to find the file name in the following table.
:file_names 3;
    "N/A";
    "<interactive>";
    "async_count.v";
