#! /c/Source/iverilog-install/bin/vvp
:ivl_version "12.0 (devel)" "(s20150603-1539-g2693dd32b)";
:ivl_delay_selection "TYPICAL";
:vpi_time_precision + 0;
:vpi_module "C:\iverilog\lib\ivl\system.vpi";
:vpi_module "C:\iverilog\lib\ivl\vhdl_sys.vpi";
:vpi_module "C:\iverilog\lib\ivl\vhdl_textio.vpi";
:vpi_module "C:\iverilog\lib\ivl\v2005_math.vpi";
:vpi_module "C:\iverilog\lib\ivl\va_math.vpi";
S_0000022725e763a0 .scope module, "async_count_tb" "async_count_tb" 2 2;
 .timescale 0 0;
v0000022725ec5360_0 .var "clk", 0 0;
v0000022725ec5400_0 .var "j", 0 0;
v0000022725ec5cc0_0 .var "k", 0 0;
v0000022725ec5680_0 .net "q", 3 0, L_0000022725ec5900;  1 drivers
v0000022725ec54a0_0 .var "rst", 0 0;
S_0000022725e76530 .scope module, "as" "async_count" 2 5, 3 1 0, S_0000022725e763a0;
 .timescale 0 0;
    .port_info 0 /INPUT 1 "j";
    .port_info 1 /INPUT 1 "k";
    .port_info 2 /INPUT 1 "clk";
    .port_info 3 /INPUT 1 "rst";
    .port_info 4 /OUTPUT 4 "q";
v0000022725ec5220_0 .net "clk", 0 0, v0000022725ec5360_0;  1 drivers
v0000022725ec5860_0 .net "j", 0 0, v0000022725ec5400_0;  1 drivers
v0000022725ec55e0_0 .net "k", 0 0, v0000022725ec5cc0_0;  1 drivers
v0000022725ec5ea0_0 .net "q", 3 0, L_0000022725ec5900;  alias, 1 drivers
v0000022725ec5c20_0 .net "rst", 0 0, v0000022725ec54a0_0;  1 drivers
L_0000022725ec5d60 .part L_0000022725ec5900, 0, 1;
L_0000022725ec57c0 .part L_0000022725ec5900, 1, 1;
L_0000022725ec5f40 .part L_0000022725ec5900, 2, 1;
L_0000022725ec5900 .concat8 [ 1 1 1 1], v0000022725e6a720_0, v0000022725e77980_0, v0000022725ec5540_0, v0000022725ec5180_0;
S_0000022725e775c0 .scope module, "j1" "jkff" 3 4, 3 10 0, S_0000022725e76530;
 .timescale 0 0;
    .port_info 0 /INPUT 1 "j";
    .port_info 1 /INPUT 1 "k";
    .port_info 2 /INPUT 1 "clk";
    .port_info 3 /INPUT 1 "rst";
    .port_info 4 /OUTPUT 1 "q";
v0000022725e26770_0 .net "clk", 0 0, v0000022725ec5360_0;  alias, 1 drivers
v0000022725e26510_0 .net "j", 0 0, v0000022725ec5400_0;  alias, 1 drivers
v0000022725e6c190_0 .net "k", 0 0, v0000022725ec5cc0_0;  alias, 1 drivers
v0000022725e6a720_0 .var "q", 0 0;
v0000022725e6a4d0_0 .net "rst", 0 0, v0000022725ec54a0_0;  alias, 1 drivers
E_0000022725e6cc10 .event posedge, v0000022725e26770_0;
S_0000022725e77750 .scope module, "j2" "jkff" 3 5, 3 10 0, S_0000022725e76530;
 .timescale 0 0;
    .port_info 0 /INPUT 1 "j";
    .port_info 1 /INPUT 1 "k";
    .port_info 2 /INPUT 1 "clk";
    .port_info 3 /INPUT 1 "rst";
    .port_info 4 /OUTPUT 1 "q";
v0000022725e2bf10_0 .net "clk", 0 0, L_0000022725ec5d60;  1 drivers
v0000022725e6c3f0_0 .net "j", 0 0, v0000022725ec5400_0;  alias, 1 drivers
v0000022725e778e0_0 .net "k", 0 0, v0000022725ec5cc0_0;  alias, 1 drivers
v0000022725e77980_0 .var "q", 0 0;
v0000022725e766c0_0 .net "rst", 0 0, v0000022725ec54a0_0;  alias, 1 drivers
E_0000022725e6d090 .event posedge, v0000022725e2bf10_0;
S_0000022725e72f40 .scope module, "j3" "jkff" 3 6, 3 10 0, S_0000022725e76530;
 .timescale 0 0;
    .port_info 0 /INPUT 1 "j";
    .port_info 1 /INPUT 1 "k";
    .port_info 2 /INPUT 1 "clk";
    .port_info 3 /INPUT 1 "rst";
    .port_info 4 /OUTPUT 1 "q";
v0000022725ec5a40_0 .net "clk", 0 0, L_0000022725ec57c0;  1 drivers
v0000022725ec52c0_0 .net "j", 0 0, v0000022725ec5400_0;  alias, 1 drivers
v0000022725ec5ae0_0 .net "k", 0 0, v0000022725ec5cc0_0;  alias, 1 drivers
v0000022725ec5540_0 .var "q", 0 0;
v0000022725ec5e00_0 .net "rst", 0 0, v0000022725ec54a0_0;  alias, 1 drivers
E_0000022725e6cb10 .event posedge, v0000022725ec5a40_0;
S_0000022725e740e0 .scope module, "j4" "jkff" 3 7, 3 10 0, S_0000022725e76530;
 .timescale 0 0;
    .port_info 0 /INPUT 1 "j";
    .port_info 1 /INPUT 1 "k";
    .port_info 2 /INPUT 1 "clk";
    .port_info 3 /INPUT 1 "rst";
    .port_info 4 /OUTPUT 1 "q";
v0000022725ec50e0_0 .net "clk", 0 0, L_0000022725ec5f40;  1 drivers
v0000022725ec5040_0 .net "j", 0 0, v0000022725ec5400_0;  alias, 1 drivers
v0000022725ec5b80_0 .net "k", 0 0, v0000022725ec5cc0_0;  alias, 1 drivers
v0000022725ec5180_0 .var "q", 0 0;
v0000022725ec5720_0 .net "rst", 0 0, v0000022725ec54a0_0;  alias, 1 drivers
E_0000022725e6cc50 .event posedge, v0000022725ec50e0_0;
    .scope S_0000022725e775c0;
T_0 ;
    %wait E_0000022725e6cc10;
    %load/vec4 v0000022725e6a4d0_0;
    %flag_set/vec4 8;
    %jmp/0xz  T_0.0, 8;
    %pushi/vec4 1, 0, 1;
    %assign/vec4 v0000022725e6a720_0, 0;
    %jmp T_0.1;
T_0.0 ;
    %load/vec4 v0000022725e26510_0;
    %load/vec4 v0000022725e6c190_0;
    %concat/vec4; draw_concat_vec4
    %dup/vec4;
    %pushi/vec4 0, 0, 2;
    %cmp/u;
    %jmp/1 T_0.2, 6;
    %dup/vec4;
    %pushi/vec4 1, 0, 2;
    %cmp/u;
    %jmp/1 T_0.3, 6;
    %dup/vec4;
    %pushi/vec4 2, 0, 2;
    %cmp/u;
    %jmp/1 T_0.4, 6;
    %dup/vec4;
    %pushi/vec4 3, 0, 2;
    %cmp/u;
    %jmp/1 T_0.5, 6;
    %jmp T_0.7;
T_0.2 ;
    %load/vec4 v0000022725e6a720_0;
    %assign/vec4 v0000022725e6a720_0, 0;
    %jmp T_0.7;
T_0.3 ;
    %pushi/vec4 0, 0, 1;
    %assign/vec4 v0000022725e6a720_0, 0;
    %jmp T_0.7;
T_0.4 ;
    %pushi/vec4 1, 0, 1;
    %assign/vec4 v0000022725e6a720_0, 0;
    %jmp T_0.7;
T_0.5 ;
    %load/vec4 v0000022725e6a720_0;
    %inv;
    %assign/vec4 v0000022725e6a720_0, 0;
    %jmp T_0.7;
T_0.7 ;
    %pop/vec4 1;
T_0.1 ;
    %jmp T_0;
    .thread T_0;
    .scope S_0000022725e77750;
T_1 ;
    %wait E_0000022725e6d090;
    %load/vec4 v0000022725e766c0_0;
    %flag_set/vec4 8;
    %jmp/0xz  T_1.0, 8;
    %pushi/vec4 1, 0, 1;
    %assign/vec4 v0000022725e77980_0, 0;
    %jmp T_1.1;
T_1.0 ;
    %load/vec4 v0000022725e6c3f0_0;
    %load/vec4 v0000022725e778e0_0;
    %concat/vec4; draw_concat_vec4
    %dup/vec4;
    %pushi/vec4 0, 0, 2;
    %cmp/u;
    %jmp/1 T_1.2, 6;
    %dup/vec4;
    %pushi/vec4 1, 0, 2;
    %cmp/u;
    %jmp/1 T_1.3, 6;
    %dup/vec4;
    %pushi/vec4 2, 0, 2;
    %cmp/u;
    %jmp/1 T_1.4, 6;
    %dup/vec4;
    %pushi/vec4 3, 0, 2;
    %cmp/u;
    %jmp/1 T_1.5, 6;
    %jmp T_1.7;
T_1.2 ;
    %load/vec4 v0000022725e77980_0;
    %assign/vec4 v0000022725e77980_0, 0;
    %jmp T_1.7;
T_1.3 ;
    %pushi/vec4 0, 0, 1;
    %assign/vec4 v0000022725e77980_0, 0;
    %jmp T_1.7;
T_1.4 ;
    %pushi/vec4 1, 0, 1;
    %assign/vec4 v0000022725e77980_0, 0;
    %jmp T_1.7;
T_1.5 ;
    %load/vec4 v0000022725e77980_0;
    %inv;
    %assign/vec4 v0000022725e77980_0, 0;
    %jmp T_1.7;
T_1.7 ;
    %pop/vec4 1;
T_1.1 ;
    %jmp T_1;
    .thread T_1;
    .scope S_0000022725e72f40;
T_2 ;
    %wait E_0000022725e6cb10;
    %load/vec4 v0000022725ec5e00_0;
    %flag_set/vec4 8;
    %jmp/0xz  T_2.0, 8;
    %pushi/vec4 1, 0, 1;
    %assign/vec4 v0000022725ec5540_0, 0;
    %jmp T_2.1;
T_2.0 ;
    %load/vec4 v0000022725ec52c0_0;
    %load/vec4 v0000022725ec5ae0_0;
    %concat/vec4; draw_concat_vec4
    %dup/vec4;
    %pushi/vec4 0, 0, 2;
    %cmp/u;
    %jmp/1 T_2.2, 6;
    %dup/vec4;
    %pushi/vec4 1, 0, 2;
    %cmp/u;
    %jmp/1 T_2.3, 6;
    %dup/vec4;
    %pushi/vec4 2, 0, 2;
    %cmp/u;
    %jmp/1 T_2.4, 6;
    %dup/vec4;
    %pushi/vec4 3, 0, 2;
    %cmp/u;
    %jmp/1 T_2.5, 6;
    %jmp T_2.7;
T_2.2 ;
    %load/vec4 v0000022725ec5540_0;
    %assign/vec4 v0000022725ec5540_0, 0;
    %jmp T_2.7;
T_2.3 ;
    %pushi/vec4 0, 0, 1;
    %assign/vec4 v0000022725ec5540_0, 0;
    %jmp T_2.7;
T_2.4 ;
    %pushi/vec4 1, 0, 1;
    %assign/vec4 v0000022725ec5540_0, 0;
    %jmp T_2.7;
T_2.5 ;
    %load/vec4 v0000022725ec5540_0;
    %inv;
    %assign/vec4 v0000022725ec5540_0, 0;
    %jmp T_2.7;
T_2.7 ;
    %pop/vec4 1;
T_2.1 ;
    %jmp T_2;
    .thread T_2;
    .scope S_0000022725e740e0;
T_3 ;
    %wait E_0000022725e6cc50;
    %load/vec4 v0000022725ec5720_0;
    %flag_set/vec4 8;
    %jmp/0xz  T_3.0, 8;
    %pushi/vec4 1, 0, 1;
    %assign/vec4 v0000022725ec5180_0, 0;
    %jmp T_3.1;
T_3.0 ;
    %load/vec4 v0000022725ec5040_0;
    %load/vec4 v0000022725ec5b80_0;
    %concat/vec4; draw_concat_vec4
    %dup/vec4;
    %pushi/vec4 0, 0, 2;
    %cmp/u;
    %jmp/1 T_3.2, 6;
    %dup/vec4;
    %pushi/vec4 1, 0, 2;
    %cmp/u;
    %jmp/1 T_3.3, 6;
    %dup/vec4;
    %pushi/vec4 2, 0, 2;
    %cmp/u;
    %jmp/1 T_3.4, 6;
    %dup/vec4;
    %pushi/vec4 3, 0, 2;
    %cmp/u;
    %jmp/1 T_3.5, 6;
    %jmp T_3.7;
T_3.2 ;
    %load/vec4 v0000022725ec5180_0;
    %assign/vec4 v0000022725ec5180_0, 0;
    %jmp T_3.7;
T_3.3 ;
    %pushi/vec4 0, 0, 1;
    %assign/vec4 v0000022725ec5180_0, 0;
    %jmp T_3.7;
T_3.4 ;
    %pushi/vec4 1, 0, 1;
    %assign/vec4 v0000022725ec5180_0, 0;
    %jmp T_3.7;
T_3.5 ;
    %load/vec4 v0000022725ec5180_0;
    %inv;
    %assign/vec4 v0000022725ec5180_0, 0;
    %jmp T_3.7;
T_3.7 ;
    %pop/vec4 1;
T_3.1 ;
    %jmp T_3;
    .thread T_3;
    .scope S_0000022725e763a0;
T_4 ;
    %vpi_call 2 7 "$dumpfile", "async_count.vcd" {0 0 0};
    %vpi_call 2 8 "$dumpvars", 32'sb00000000000000000000000000000000, S_0000022725e763a0 {0 0 0};
    %end;
    .thread T_4;
    .scope S_0000022725e763a0;
T_5 ;
    %pushi/vec4 0, 0, 1;
    %store/vec4 v0000022725ec5360_0, 0, 1;
T_5.0 ;
    %delay 5, 0;
    %load/vec4 v0000022725ec5360_0;
    %inv;
    %store/vec4 v0000022725ec5360_0, 0, 1;
    %jmp T_5.0;
    %end;
    .thread T_5;
    .scope S_0000022725e763a0;
T_6 ;
    %pushi/vec4 0, 0, 1;
    %assign/vec4 v0000022725ec5400_0, 0;
    %pushi/vec4 0, 0, 1;
    %assign/vec4 v0000022725ec5cc0_0, 0;
    %pushi/vec4 1, 0, 1;
    %store/vec4 v0000022725ec54a0_0, 0, 1;
    %delay 20, 0;
    %pushi/vec4 1, 0, 1;
    %assign/vec4 v0000022725ec5400_0, 0;
    %pushi/vec4 1, 0, 1;
    %assign/vec4 v0000022725ec5cc0_0, 0;
    %pushi/vec4 0, 0, 1;
    %store/vec4 v0000022725ec54a0_0, 0, 1;
    %delay 10, 0;
    %pushi/vec4 1, 0, 1;
    %store/vec4 v0000022725ec54a0_0, 0, 1;
    %delay 10, 0;
    %pushi/vec4 0, 0, 1;
    %store/vec4 v0000022725ec54a0_0, 0, 1;
    %vpi_call 2 19 "$finish" {0 0 0};
    %end;
    .thread T_6;
# The file index is used to find the file name in the following table.
:file_names 4;
    "N/A";
    "<interactive>";
    "async_count_tb.v";
    "./async_count.v";
