#! /c/Source/iverilog-install/bin/vvp
:ivl_version "12.0 (devel)" "(s20150603-1539-g2693dd32b)";
:ivl_delay_selection "TYPICAL";
:vpi_time_precision + 0;
:vpi_module "C:\iverilog\lib\ivl\system.vpi";
:vpi_module "C:\iverilog\lib\ivl\vhdl_sys.vpi";
:vpi_module "C:\iverilog\lib\ivl\vhdl_textio.vpi";
:vpi_module "C:\iverilog\lib\ivl\v2005_math.vpi";
:vpi_module "C:\iverilog\lib\ivl\va_math.vpi";
S_000002cebde1c7f0 .scope module, "mux4to1_tb" "mux4to1_tb" 2 2;
 .timescale 0 0;
v000002cebdc83400_0 .var "a", 0 0;
v000002cebdc834a0_0 .var "b", 0 0;
v000002cebdc83540_0 .var "c", 0 0;
v000002cebdc835e0_0 .var "d", 0 0;
v000002cebdc83680_0 .var "sel", 1 0;
v000002cebdc83720_0 .net "y", 0 0, v000002cebdc83360_0;  1 drivers
S_000002cebde1c980 .scope module, "fo" "mux4to1" 2 6, 3 1 0, S_000002cebde1c7f0;
 .timescale 0 0;
    .port_info 0 /INPUT 1 "a";
    .port_info 1 /INPUT 1 "b";
    .port_info 2 /INPUT 1 "c";
    .port_info 3 /INPUT 1 "d";
    .port_info 4 /INPUT 2 "sel";
    .port_info 5 /OUTPUT 1 "y";
v000002cebde16770_0 .net "a", 0 0, v000002cebdc83400_0;  1 drivers
v000002cebde1cb10_0 .net "b", 0 0, v000002cebdc834a0_0;  1 drivers
v000002cebde1cbb0_0 .net "c", 0 0, v000002cebdc83540_0;  1 drivers
v000002cebdc75ee0_0 .net "d", 0 0, v000002cebdc835e0_0;  1 drivers
v000002cebdc75f80_0 .net "sel", 1 0, v000002cebdc83680_0;  1 drivers
v000002cebdc83360_0 .var "y", 0 0;
E_000002cebde19ec0 .event anyedge, v000002cebde1cb10_0, v000002cebde16770_0, v000002cebdc75f80_0;
    .scope S_000002cebde1c980;
T_0 ;
    %wait E_000002cebde19ec0;
    %load/vec4 v000002cebdc75f80_0;
    %dup/vec4;
    %pushi/vec4 0, 0, 2;
    %cmp/u;
    %jmp/1 T_0.0, 6;
    %dup/vec4;
    %pushi/vec4 1, 0, 2;
    %cmp/u;
    %jmp/1 T_0.1, 6;
    %dup/vec4;
    %pushi/vec4 2, 0, 2;
    %cmp/u;
    %jmp/1 T_0.2, 6;
    %dup/vec4;
    %pushi/vec4 3, 0, 2;
    %cmp/u;
    %jmp/1 T_0.3, 6;
    %jmp T_0.4;
T_0.0 ;
    %load/vec4 v000002cebde16770_0;
    %store/vec4 v000002cebdc83360_0, 0, 1;
    %jmp T_0.4;
T_0.1 ;
    %load/vec4 v000002cebde1cb10_0;
    %store/vec4 v000002cebdc83360_0, 0, 1;
    %jmp T_0.4;
T_0.2 ;
    %load/vec4 v000002cebde1cbb0_0;
    %store/vec4 v000002cebdc83360_0, 0, 1;
    %jmp T_0.4;
T_0.3 ;
    %load/vec4 v000002cebdc75ee0_0;
    %store/vec4 v000002cebdc83360_0, 0, 1;
    %jmp T_0.4;
T_0.4 ;
    %pop/vec4 1;
    %jmp T_0;
    .thread T_0, $push;
    .scope S_000002cebde1c7f0;
T_1 ;
    %vpi_call 2 8 "$dumpfile", "mux4to1.vcd" {0 0 0};
    %vpi_call 2 9 "$dumpvars", 32'sb00000000000000000000000000000000, S_000002cebde1c7f0 {0 0 0};
    %pushi/vec4 1, 0, 1;
    %store/vec4 v000002cebdc83400_0, 0, 1;
    %pushi/vec4 0, 0, 1;
    %store/vec4 v000002cebdc834a0_0, 0, 1;
    %pushi/vec4 1, 0, 1;
    %store/vec4 v000002cebdc83540_0, 0, 1;
    %pushi/vec4 0, 0, 1;
    %store/vec4 v000002cebdc835e0_0, 0, 1;
    %delay 2, 0;
    %pushi/vec4 0, 0, 2;
    %store/vec4 v000002cebdc83680_0, 0, 2;
    %delay 2, 0;
    %pushi/vec4 1, 0, 2;
    %store/vec4 v000002cebdc83680_0, 0, 2;
    %delay 2, 0;
    %pushi/vec4 2, 0, 2;
    %store/vec4 v000002cebdc83680_0, 0, 2;
    %delay 2, 0;
    %pushi/vec4 3, 0, 2;
    %store/vec4 v000002cebdc83680_0, 0, 2;
    %end;
    .thread T_1;
# The file index is used to find the file name in the following table.
:file_names 4;
    "N/A";
    "<interactive>";
    "mux4to1_tb.v";
    "./mux4to1.v";
